Compiling build :app to "public/js/app.js" from ["src" "env/dev/cljs"]...
[32mSuccessfully compiled build :app to "public/js/app.js" in 0.6 seconds.[0m
notifying browser that file changed:  public/js/out/goog/deps.js
notifying browser that file changed:  public/js/out/cljs_deps.js
notifying browser that file changed:  public/js/out/crud/core.js
Compiling build :app to "public/js/app.js" from ["src" "env/dev/cljs"]...
[31mFailed to compile build :app from ["src" "env/dev/cljs"] in 0.375 seconds.[0m
[36m----  Exception    ----[0m

  [1mAssert failed: file:/home/vladimir/Documents/Work/HS_admission_task/crud/src/cljs/ui.cljs does not provide a namespace
(first provides)[0m

[36m----  Exception Stack Trace  ----[0m

java.lang.AssertionError: Assert failed: file:/home/vladimir/Documents/Work/HS_admission_task/crud/src/cljs/ui.cljs does not provide a namespace
(first provides)
 at cljs.closure$javascript_file.invokeStatic (closure.clj:509)
    cljs.closure$javascript_file.invoke (closure.clj:505)
    cljs.closure$map__GT_javascript_file.invokeStatic (closure.clj:514)
    cljs.closure$map__GT_javascript_file.invoke (closure.clj:512)
    cljs.closure$compiled_file.invokeStatic (closure.clj:601)
    cljs.closure$compiled_file.invoke (closure.clj:593)
    cljs.closure$compile_file.invokeStatic (closure.clj:663)
    cljs.closure$compile_file.invoke (closure.clj:641)
    cljs.closure$fn__5400.invokeStatic (closure.clj:737)
    cljs.closure/fn (closure.clj:731)
    cljs.closure$fn__5313$G__5306__5320.invoke (closure.clj:559)
    cljs.closure$compile_sources$iter__5526__5530$fn__5531.invoke (closure.clj:1107)
    clojure.lang.LazySeq.sval (LazySeq.java:42)
    clojure.lang.LazySeq.seq (LazySeq.java:51)
    clojure.lang.Cons.next (Cons.java:39)
    clojure.lang.RT.next (RT.java:713)
    clojure.core$next__5386.invokeStatic (core.clj:64)
    clojure.core$dorun.invokeStatic (core.clj:3142)
    clojure.core$doall.invokeStatic (core.clj:3148)
    clojure.core$doall.invoke (core.clj:3148)
    cljs.closure$compile_sources.invokeStatic (closure.clj:1103)
    cljs.closure$compile_sources.invoke (closure.clj:1092)
    cljs.closure$build.invokeStatic (closure.clj:3132)
    cljs.closure$build.invoke (closure.clj:3040)
    cljs.build.api$build.invokeStatic (api.clj:227)
    cljs.build.api$build.invoke (api.clj:210)
    figwheel_sidecar.components.cljs_autobuild$cljs_build.invokeStatic (cljs_autobuild.clj:28)
    figwheel_sidecar.components.cljs_autobuild$cljs_build.invoke (cljs_autobuild.clj:27)
    figwheel_sidecar.build_middleware.injection$hook$fn__20186.invoke (injection.clj:100)
    figwheel_sidecar.components.cljs_autobuild$notify_command_hook$fn__20509.invoke (cljs_autobuild.clj:69)
    figwheel_sidecar.components.cljs_autobuild$figwheel_start_and_end_messages$fn__20499.invoke (cljs_autobuild.clj:48)
    figwheel_sidecar.build_middleware.notifications$hook$fn__20367.invoke (notifications.clj:179)
    figwheel_sidecar.build_middleware.clj_reloading$hook$fn__20424.invoke (clj_reloading.clj:111)
    figwheel_sidecar.build_middleware.javascript_reloading$hook$fn__20458.invoke (javascript_reloading.clj:48)
    figwheel_sidecar.components.cljs_autobuild$color_output$fn__20513.invoke (cljs_autobuild.clj:80)
    figwheel_sidecar.components.cljs_autobuild$execute_build$fn__20555.invoke (cljs_autobuild.clj:234)
    figwheel_sidecar.utils$sync_exec$fn__524$fn__525.invoke (utils.clj:13)
    figwheel_sidecar.utils$sync_exec$fn__524.invoke (utils.clj:12)
    clojure.core$binding_conveyor_fn$fn__5754.invoke (core.clj:2033)
    clojure.lang.AFn.applyToHelper (AFn.java:154)
    clojure.lang.RestFn.applyTo (RestFn.java:132)
    clojure.lang.Agent$Action.doRun (Agent.java:114)
    clojure.lang.Agent$Action.run (Agent.java:163)
    java.util.concurrent.ThreadPoolExecutor.runWorker (ThreadPoolExecutor.java:1128)
    java.util.concurrent.ThreadPoolExecutor$Worker.run (ThreadPoolExecutor.java:628)
    java.lang.Thread.run (Thread.java:834)

Compiling build :app to "public/js/app.js" from ["src" "env/dev/cljs"]...
[31mFailed to compile build :app from ["src" "env/dev/cljs"] in 0.314 seconds.[0m
[36m----  Exception    ----[0m

  [1mAssert failed: file:/home/vladimir/Documents/Work/HS_admission_task/crud/src/cljs/crud/ui.cljs does not provide a namespace
(first provides)[0m

[36m----  Exception Stack Trace  ----[0m

java.lang.AssertionError: Assert failed: file:/home/vladimir/Documents/Work/HS_admission_task/crud/src/cljs/crud/ui.cljs does not provide a namespace
(first provides)
 at cljs.closure$javascript_file.invokeStatic (closure.clj:509)
    cljs.closure$javascript_file.invoke (closure.clj:505)
    cljs.closure$map__GT_javascript_file.invokeStatic (closure.clj:514)
    cljs.closure$map__GT_javascript_file.invoke (closure.clj:512)
    cljs.closure$compiled_file.invokeStatic (closure.clj:601)
    cljs.closure$compiled_file.invoke (closure.clj:593)
    cljs.closure$compile_file.invokeStatic (closure.clj:663)
    cljs.closure$compile_file.invoke (closure.clj:641)
    cljs.closure$fn__5400.invokeStatic (closure.clj:737)
    cljs.closure/fn (closure.clj:731)
    cljs.closure$fn__5313$G__5306__5320.invoke (closure.clj:559)
    cljs.closure$compile_sources$iter__5526__5530$fn__5531.invoke (closure.clj:1107)
    clojure.lang.LazySeq.sval (LazySeq.java:42)
    clojure.lang.LazySeq.seq (LazySeq.java:51)
    clojure.lang.Cons.next (Cons.java:39)
    clojure.lang.RT.next (RT.java:713)
    clojure.core$next__5386.invokeStatic (core.clj:64)
    clojure.core$dorun.invokeStatic (core.clj:3142)
    clojure.core$doall.invokeStatic (core.clj:3148)
    clojure.core$doall.invoke (core.clj:3148)
    cljs.closure$compile_sources.invokeStatic (closure.clj:1103)
    cljs.closure$compile_sources.invoke (closure.clj:1092)
    cljs.closure$build.invokeStatic (closure.clj:3132)
    cljs.closure$build.invoke (closure.clj:3040)
    cljs.build.api$build.invokeStatic (api.clj:227)
    cljs.build.api$build.invoke (api.clj:210)
    figwheel_sidecar.components.cljs_autobuild$cljs_build.invokeStatic (cljs_autobuild.clj:28)
    figwheel_sidecar.components.cljs_autobuild$cljs_build.invoke (cljs_autobuild.clj:27)
    figwheel_sidecar.build_middleware.injection$hook$fn__20186.invoke (injection.clj:100)
    figwheel_sidecar.components.cljs_autobuild$notify_command_hook$fn__20509.invoke (cljs_autobuild.clj:69)
    figwheel_sidecar.components.cljs_autobuild$figwheel_start_and_end_messages$fn__20499.invoke (cljs_autobuild.clj:48)
    figwheel_sidecar.build_middleware.notifications$hook$fn__20367.invoke (notifications.clj:179)
    figwheel_sidecar.build_middleware.clj_reloading$hook$fn__20424.invoke (clj_reloading.clj:111)
    figwheel_sidecar.build_middleware.javascript_reloading$hook$fn__20458.invoke (javascript_reloading.clj:48)
    figwheel_sidecar.components.cljs_autobuild$color_output$fn__20513.invoke (cljs_autobuild.clj:80)
    figwheel_sidecar.components.cljs_autobuild$execute_build$fn__20555.invoke (cljs_autobuild.clj:234)
    figwheel_sidecar.utils$sync_exec$fn__524$fn__525.invoke (utils.clj:13)
    figwheel_sidecar.utils$sync_exec$fn__524.invoke (utils.clj:12)
    clojure.core$binding_conveyor_fn$fn__5754.invoke (core.clj:2033)
    clojure.lang.AFn.applyToHelper (AFn.java:154)
    clojure.lang.RestFn.applyTo (RestFn.java:132)
    clojure.lang.Agent$Action.doRun (Agent.java:114)
    clojure.lang.Agent$Action.run (Agent.java:163)
    java.util.concurrent.ThreadPoolExecutor.runWorker (ThreadPoolExecutor.java:1128)
    java.util.concurrent.ThreadPoolExecutor$Worker.run (ThreadPoolExecutor.java:628)
    java.lang.Thread.run (Thread.java:834)

Compiling build :app to "public/js/app.js" from ["src" "env/dev/cljs"]...
[32mSuccessfully compiled build :app to "public/js/app.js" in 0.53 seconds.[0m
notifying browser that file changed:  public/js/out/cljs_deps.js
notifying browser that file changed:  public/js/out/crud/ui.js
Compiling build :app to "public/js/app.js" from ["src" "env/dev/cljs"]...
[31mFailed to compile build :app from ["src" "env/dev/cljs"] in 0.325 seconds.[0m
[36m----  Could not Compile  src/cljs/crud/ui.cljs  ----[0m

  [1mfailed compiling file:src/cljs/crud/ui.cljs[0m

[36m----  Compiler Error : Please see src/cljs/crud/ui.cljs  ----[0m
Compiling build :app to "public/js/app.js" from ["src" "env/dev/cljs"]...
[31mFailed to compile build :app from ["src" "env/dev/cljs"] in 0.315 seconds.[0m
[36m----  Could not Compile  src/cljs/crud/ui.cljs  ----[0m

  [1mfailed compiling file:src/cljs/crud/ui.cljs[0m

[36m----  Compiler Error : Please see src/cljs/crud/ui.cljs  ----[0m
Compiling build :app to "public/js/app.js" from ["src" "env/dev/cljs"]...
[31mFailed to compile build :app from ["src" "env/dev/cljs"] in 0.172 seconds.[0m
[36m----  Could not Read  src/cljs/crud/ui.cljs   line:4 ----[0m

  [1m/home/vladimir/Documents/Work/HS_admission_task/crud/src/cljs/crud/ui.cljs [line 4, col 24] Unmatched delimiter ).[0m

  [36m2[0m  [36m  (:require[0m
  [36m3[0m  [36m    [reagent.core :as r][0m
  [33m4[0m  [1m    [reagent.dom :as d))[0m
  [0m [0m  [33m    /home/vladimir/Documents/Work/HS_admission_task/crud/src/cljs/crud/ui.cljs [line 4, col 24] Unmatched delimiter ).[0m
  [36m5[0m  [36m[0m
  [36m6[0m  [36m(defn main-page[0m
  [36m7[0m  [36m  [:h1 "Welcome"][0m

[36m----  Reader Error : Please see src/cljs/crud/ui.cljs  ----[0m
Compiling build :app to "public/js/app.js" from ["src" "env/dev/cljs"]...
[31mFailed to compile build :app from ["src" "env/dev/cljs"] in 0.352 seconds.[0m
[36m----  Could not Compile  src/cljs/crud/ui.cljs  ----[0m

  [1mfailed compiling file:src/cljs/crud/ui.cljs[0m

[36m----  Compiler Error : Please see src/cljs/crud/ui.cljs  ----[0m
Compiling build :app to "public/js/app.js" from ["src" "env/dev/cljs"]...
[31mFailed to compile build :app from ["src" "env/dev/cljs"] in 0.371 seconds.[0m
[36m----  Could not Compile  src/cljs/crud/core.cljs  ----[0m

  [1mfailed compiling file:src/cljs/crud/core.cljs[0m

[36m----  Compiler Error : Please see src/cljs/crud/core.cljs  ----[0m
Compiling build :app to "public/js/app.js" from ["src" "env/dev/cljs"]...
[31mFailed to compile build :app from ["src" "env/dev/cljs"] in 0.377 seconds.[0m
[36m----  Could not Compile  src/cljs/crud/core.cljs  ----[0m

  [1mfailed compiling file:src/cljs/crud/core.cljs[0m

[36m----  Compiler Error : Please see src/cljs/crud/core.cljs  ----[0m
Compiling build :app to "public/js/app.js" from ["src" "env/dev/cljs"]...
[31mFailed to compile build :app from ["src" "env/dev/cljs"] in 0.352 seconds.[0m
[36m----  Could not Compile  src/cljs/crud/core.cljs  ----[0m

  [1mfailed compiling file:src/cljs/crud/core.cljs[0m

[36m----  Compiler Error : Please see src/cljs/crud/core.cljs  ----[0m
Compiling build :app to "public/js/app.js" from ["src" "env/dev/cljs"]...
[31mFailed to compile build :app from ["src" "env/dev/cljs"] in 0.35 seconds.[0m
[36m----  Could not Compile  src/cljs/crud/core.cljs  ----[0m

  [1mfailed compiling file:src/cljs/crud/core.cljs[0m

[36m----  Compiler Error : Please see src/cljs/crud/core.cljs  ----[0m
Compiling build :app to "public/js/app.js" from ["src" "env/dev/cljs"]...
[32mSuccessfully compiled build :app to "public/js/app.js" in 0.604 seconds.[0m
notifying browser that file changed:  public/js/out/goog/deps.js
notifying browser that file changed:  public/js/out/cljs_deps.js
notifying browser that file changed:  public/js/out/crud/core.js
Compiling build :app to "public/js/app.js" from ["src" "env/dev/cljs"]...
[32mSuccessfully compiled build :app to "public/js/app.js" in 0.533 seconds.[0m
notifying browser that file changed:  public/js/out/crud/core.js
Compiling build :app to "public/js/app.js" from ["src" "env/dev/cljs"]...
[31mFailed to compile build :app from ["src" "env/dev/cljs"] in 0.328 seconds.[0m
[36m----  Exception    ----[0m

  [1mAssert failed: file:/home/vladimir/Documents/Work/HS_admission_task/crud/src/cljs/crud/ui.cljs does not provide a namespace
(first provides)[0m

[36m----  Exception Stack Trace  ----[0m

java.lang.AssertionError: Assert failed: file:/home/vladimir/Documents/Work/HS_admission_task/crud/src/cljs/crud/ui.cljs does not provide a namespace
(first provides)
 at cljs.closure$javascript_file.invokeStatic (closure.clj:509)
    cljs.closure$javascript_file.invoke (closure.clj:505)
    cljs.closure$map__GT_javascript_file.invokeStatic (closure.clj:514)
    cljs.closure$map__GT_javascript_file.invoke (closure.clj:512)
    cljs.closure$compiled_file.invokeStatic (closure.clj:601)
    cljs.closure$compiled_file.invoke (closure.clj:593)
    cljs.closure$compile_file.invokeStatic (closure.clj:663)
    cljs.closure$compile_file.invoke (closure.clj:641)
    cljs.closure$fn__5400.invokeStatic (closure.clj:737)
    cljs.closure/fn (closure.clj:731)
    cljs.closure$fn__5313$G__5306__5320.invoke (closure.clj:559)
    cljs.closure$compile_sources$iter__5526__5530$fn__5531.invoke (closure.clj:1107)
    clojure.lang.LazySeq.sval (LazySeq.java:42)
    clojure.lang.LazySeq.seq (LazySeq.java:51)
    clojure.lang.Cons.next (Cons.java:39)
    clojure.lang.RT.next (RT.java:713)
    clojure.core$next__5386.invokeStatic (core.clj:64)
    clojure.core$dorun.invokeStatic (core.clj:3142)
    clojure.core$doall.invokeStatic (core.clj:3148)
    clojure.core$doall.invoke (core.clj:3148)
    cljs.closure$compile_sources.invokeStatic (closure.clj:1103)
    cljs.closure$compile_sources.invoke (closure.clj:1092)
    cljs.closure$build.invokeStatic (closure.clj:3132)
    cljs.closure$build.invoke (closure.clj:3040)
    cljs.build.api$build.invokeStatic (api.clj:227)
    cljs.build.api$build.invoke (api.clj:210)
    figwheel_sidecar.components.cljs_autobuild$cljs_build.invokeStatic (cljs_autobuild.clj:28)
    figwheel_sidecar.components.cljs_autobuild$cljs_build.invoke (cljs_autobuild.clj:27)
    figwheel_sidecar.build_middleware.injection$hook$fn__20186.invoke (injection.clj:100)
    figwheel_sidecar.components.cljs_autobuild$notify_command_hook$fn__20509.invoke (cljs_autobuild.clj:69)
    figwheel_sidecar.components.cljs_autobuild$figwheel_start_and_end_messages$fn__20499.invoke (cljs_autobuild.clj:48)
    figwheel_sidecar.build_middleware.notifications$hook$fn__20367.invoke (notifications.clj:179)
    figwheel_sidecar.build_middleware.clj_reloading$hook$fn__20424.invoke (clj_reloading.clj:111)
    figwheel_sidecar.build_middleware.javascript_reloading$hook$fn__20458.invoke (javascript_reloading.clj:48)
    figwheel_sidecar.components.cljs_autobuild$color_output$fn__20513.invoke (cljs_autobuild.clj:80)
    figwheel_sidecar.components.cljs_autobuild$execute_build$fn__20555.invoke (cljs_autobuild.clj:234)
    figwheel_sidecar.utils$sync_exec$fn__524$fn__525.invoke (utils.clj:13)
    figwheel_sidecar.utils$sync_exec$fn__524.invoke (utils.clj:12)
    clojure.core$binding_conveyor_fn$fn__5754.invoke (core.clj:2033)
    clojure.lang.AFn.applyToHelper (AFn.java:154)
    clojure.lang.RestFn.applyTo (RestFn.java:132)
    clojure.lang.Agent$Action.doRun (Agent.java:114)
    clojure.lang.Agent$Action.run (Agent.java:163)
    java.util.concurrent.ThreadPoolExecutor.runWorker (ThreadPoolExecutor.java:1128)
    java.util.concurrent.ThreadPoolExecutor$Worker.run (ThreadPoolExecutor.java:628)
    java.lang.Thread.run (Thread.java:834)

Compiling build :app to "public/js/app.js" from ["src" "env/dev/cljs"]...
[36m----  Compiler Warning on   src/cljs/crud/core.cljs   line:7  column:14  ----[0m

  [1mUse of undeclared Var crud.core/main-page[0m

  [36m 3[0m  [36m      [reagent.core :as r][0m
  [36m 4[0m  [36m      [reagent.dom :as d]))[0m
  [36m 5[0m  [36m[0m
  [36m 6[0m  [36m(defn mount-root [][0m
  [33m 7[0m  [1m  (d/render [main-page] (.getElementById js/document "app")))[0m
  [0m  [0m  [33m             ^--- Use of undeclared Var crud.core/main-page[0m
  [36m 8[0m  [36m[0m
  [36m 9[0m  [36m(defn init! [][0m
  [36m10[0m  [36m  (mount-root))[0m

[36m----  Compiler Warning : Please see src/cljs/crud/core.cljs  ----[0m
[32mSuccessfully compiled build :app to "public/js/app.js" in 0.651 seconds.[0m
notifying browser that file changed:  public/js/out/cljs_deps.js
notifying browser that file changed:  public/js/out/crud/core.js
Compiling build :app to "public/js/app.js" from ["src" "env/dev/cljs"]...
[32mSuccessfully compiled build :app to "public/js/app.js" in 0.541 seconds.[0m
notifying browser that file changed:  public/js/out/cljs_deps.js
notifying browser that file changed:  public/js/out/crud/core.js
notifying browser that file changed:  public/js/out/crud/ui.js
Compiling build :app to "public/js/app.js" from ["src" "env/dev/cljs"]...
[32mSuccessfully compiled build :app to "public/js/app.js" in 0.578 seconds.[0m
notifying browser that file changed:  public/js/out/crud/core.js
Notifying browser that CSS file changed: public/css/main.css
Compiling build :app to "public/js/app.js" from ["src" "env/dev/cljs"]...
[32mSuccessfully compiled build :app to "public/js/app.js" in 0.564 seconds.[0m
notifying browser that file changed:  public/js/out/crud/ui.js
Compiling build :app to "public/js/app.js" from ["src" "env/dev/cljs"]...
[32mSuccessfully compiled build :app to "public/js/app.js" in 0.544 seconds.[0m
notifying browser that file changed:  public/js/out/crud/ui.js
Compiling build :app to "public/js/app.js" from ["src" "env/dev/cljs"]...
[32mSuccessfully compiled build :app to "public/js/app.js" in 0.537 seconds.[0m
notifying browser that file changed:  public/js/out/crud/ui.js
Compiling build :app to "public/js/app.js" from ["src" "env/dev/cljs"]...
[32mSuccessfully compiled build :app to "public/js/app.js" in 0.512 seconds.[0m
notifying browser that file changed:  public/js/out/crud/ui.js
Compiling build :app to "public/js/app.js" from ["src" "env/dev/cljs"]...
[32mSuccessfully compiled build :app to "public/js/app.js" in 0.518 seconds.[0m
notifying browser that file changed:  public/js/out/crud/ui.js
Compiling build :app to "public/js/app.js" from ["src" "env/dev/cljs"]...
[32mSuccessfully compiled build :app to "public/js/app.js" in 0.521 seconds.[0m
notifying browser that file changed:  public/js/out/crud/ui.js
Compiling build :app to "public/js/app.js" from ["src" "env/dev/cljs"]...
[32mSuccessfully compiled build :app to "public/js/app.js" in 0.521 seconds.[0m
notifying browser that file changed:  public/js/out/crud/ui.js
Compiling build :app to "public/js/app.js" from ["src" "env/dev/cljs"]...
[32mSuccessfully compiled build :app to "public/js/app.js" in 0.501 seconds.[0m
notifying browser that file changed:  public/js/out/crud/ui.js
Compiling build :app to "public/js/app.js" from ["src" "env/dev/cljs"]...
[32mSuccessfully compiled build :app to "public/js/app.js" in 0.491 seconds.[0m
notifying browser that file changed:  public/js/out/crud/ui.js
Compiling build :app to "public/js/app.js" from ["src" "env/dev/cljs"]...
[32mSuccessfully compiled build :app to "public/js/app.js" in 0.488 seconds.[0m
notifying browser that file changed:  public/js/out/crud/ui.js
Compiling build :app to "public/js/app.js" from ["src" "env/dev/cljs"]...
[31mFailed to compile build :app from ["src" "env/dev/cljs"] in 0.317 seconds.[0m
[36m----  Exception    ----[0m

  [1mAssert failed: file:/home/vladimir/Documents/Work/HS_admission_task/crud/src/cljs/crud/router.cljs does not provide a namespace
(first provides)[0m

[36m----  Exception Stack Trace  ----[0m

java.lang.AssertionError: Assert failed: file:/home/vladimir/Documents/Work/HS_admission_task/crud/src/cljs/crud/router.cljs does not provide a namespace
(first provides)
 at cljs.closure$javascript_file.invokeStatic (closure.clj:509)
    cljs.closure$javascript_file.invoke (closure.clj:505)
    cljs.closure$map__GT_javascript_file.invokeStatic (closure.clj:514)
    cljs.closure$map__GT_javascript_file.invoke (closure.clj:512)
    cljs.closure$compiled_file.invokeStatic (closure.clj:601)
    cljs.closure$compiled_file.invoke (closure.clj:593)
    cljs.closure$compile_file.invokeStatic (closure.clj:663)
    cljs.closure$compile_file.invoke (closure.clj:641)
    cljs.closure$fn__5400.invokeStatic (closure.clj:737)
    cljs.closure/fn (closure.clj:731)
    cljs.closure$fn__5313$G__5306__5320.invoke (closure.clj:559)
    cljs.closure$compile_sources$iter__5526__5530$fn__5531.invoke (closure.clj:1107)
    clojure.lang.LazySeq.sval (LazySeq.java:42)
    clojure.lang.LazySeq.seq (LazySeq.java:51)
    clojure.lang.Cons.next (Cons.java:39)
    clojure.lang.RT.next (RT.java:713)
    clojure.core$next__5386.invokeStatic (core.clj:64)
    clojure.core$dorun.invokeStatic (core.clj:3142)
    clojure.core$doall.invokeStatic (core.clj:3148)
    clojure.core$doall.invoke (core.clj:3148)
    cljs.closure$compile_sources.invokeStatic (closure.clj:1103)
    cljs.closure$compile_sources.invoke (closure.clj:1092)
    cljs.closure$build.invokeStatic (closure.clj:3132)
    cljs.closure$build.invoke (closure.clj:3040)
    cljs.build.api$build.invokeStatic (api.clj:227)
    cljs.build.api$build.invoke (api.clj:210)
    figwheel_sidecar.components.cljs_autobuild$cljs_build.invokeStatic (cljs_autobuild.clj:28)
    figwheel_sidecar.components.cljs_autobuild$cljs_build.invoke (cljs_autobuild.clj:27)
    figwheel_sidecar.build_middleware.injection$hook$fn__20186.invoke (injection.clj:100)
    figwheel_sidecar.components.cljs_autobuild$notify_command_hook$fn__20509.invoke (cljs_autobuild.clj:69)
    figwheel_sidecar.components.cljs_autobuild$figwheel_start_and_end_messages$fn__20499.invoke (cljs_autobuild.clj:48)
    figwheel_sidecar.build_middleware.notifications$hook$fn__20367.invoke (notifications.clj:179)
    figwheel_sidecar.build_middleware.clj_reloading$hook$fn__20424.invoke (clj_reloading.clj:111)
    figwheel_sidecar.build_middleware.javascript_reloading$hook$fn__20458.invoke (javascript_reloading.clj:48)
    figwheel_sidecar.components.cljs_autobuild$color_output$fn__20513.invoke (cljs_autobuild.clj:80)
    figwheel_sidecar.components.cljs_autobuild$execute_build$fn__20555.invoke (cljs_autobuild.clj:234)
    figwheel_sidecar.utils$sync_exec$fn__524$fn__525.invoke (utils.clj:13)
    figwheel_sidecar.utils$sync_exec$fn__524.invoke (utils.clj:12)
    clojure.core$binding_conveyor_fn$fn__5754.invoke (core.clj:2033)
    clojure.lang.AFn.applyToHelper (AFn.java:154)
    clojure.lang.RestFn.applyTo (RestFn.java:132)
    clojure.lang.Agent$Action.doRun (Agent.java:114)
    clojure.lang.Agent$Action.run (Agent.java:163)
    java.util.concurrent.ThreadPoolExecutor.runWorker (ThreadPoolExecutor.java:1128)
    java.util.concurrent.ThreadPoolExecutor$Worker.run (ThreadPoolExecutor.java:628)
    java.lang.Thread.run (Thread.java:834)

Compiling build :app to "public/js/app.js" from ["src" "env/dev/cljs"]...
[32mSuccessfully compiled build :app to "public/js/app.js" in 2.026 seconds.[0m
notifying browser that file changed:  public/js/out/cljs_deps.js
notifying browser that file changed:  public/js/out/crud/router.js
Compiling build :app to "public/js/app.js" from ["src" "env/dev/cljs"]...
[32mSuccessfully compiled build :app to "public/js/app.js" in 0.514 seconds.[0m
notifying browser that file changed:  public/js/out/crud/router.js
Compiling build :app to "public/js/app.js" from ["src" "env/dev/cljs"]...
[32mSuccessfully compiled build :app to "public/js/app.js" in 0.535 seconds.[0m
notifying browser that file changed:  public/js/out/crud/router.js
Compiling build :app to "public/js/app.js" from ["src" "env/dev/cljs"]...
[32mSuccessfully compiled build :app to "public/js/app.js" in 0.577 seconds.[0m
notifying browser that file changed:  public/js/out/crud/router.js
Compiling build :app to "public/js/app.js" from ["src" "env/dev/cljs"]...
[32mSuccessfully compiled build :app to "public/js/app.js" in 0.54 seconds.[0m
notifying browser that file changed:  public/js/out/crud/router.js
Compiling build :app to "public/js/app.js" from ["src" "env/dev/cljs"]...
[36m----  Compiler Warning on   src/cljs/crud/core.cljs   line:12  column:4  ----[0m

  [1mUse of undeclared Var crud.core/router[0m

  [36m 8[0m  [36m(defn mount-root [][0m
  [36m 9[0m  [36m  (d/render [ui/main-page] (.getElementById js/document "app")))[0m
  [36m10[0m  [36m[0m
  [36m11[0m  [36m(defn init! [][0m
  [33m12[0m  [1m  (router)[0m
  [0m  [0m  [33m   ^--- Use of undeclared Var crud.core/router[0m
  [36m13[0m  [36m  (mount-root))[0m

[36m----  Compiler Warning : Please see src/cljs/crud/core.cljs  ----[0m
[32mSuccessfully compiled build :app to "public/js/app.js" in 0.576 seconds.[0m
notifying browser that file changed:  public/js/out/cljs_deps.js
notifying browser that file changed:  public/js/out/crud/core.js
Compiling build :app to "public/js/app.js" from ["src" "env/dev/cljs"]...
[32mSuccessfully compiled build :app to "public/js/app.js" in 0.541 seconds.[0m
notifying browser that file changed:  public/js/out/crud/core.js
Compiling build :app to "public/js/app.js" from ["src" "env/dev/cljs"]...
[32mSuccessfully compiled build :app to "public/js/app.js" in 0.556 seconds.[0m
notifying browser that file changed:  public/js/out/cljs_deps.js
notifying browser that file changed:  public/js/out/crud/router.js
Compiling build :app to "public/js/app.js" from ["src" "env/dev/cljs"]...
[32mSuccessfully compiled build :app to "public/js/app.js" in 0.54 seconds.[0m
notifying browser that file changed:  public/js/out/crud/router.js
Compiling build :app to "public/js/app.js" from ["src" "env/dev/cljs"]...
[31mFailed to compile build :app from ["src" "env/dev/cljs"] in 0.357 seconds.[0m
[36m----  Could not Read  src/cljs/crud/ui.cljs   line:38 ----[0m

  [1m/home/vladimir/Documents/Work/HS_admission_task/crud/src/cljs/crud/ui.cljs [line 38, col 24] Unmatched delimiter ].[0m

  [36m36[0m  [36m      :name "gender"[0m
  [36m37[0m  [36m      :value "F"[0m
  [33m38[0m  [1m      }] "Female"]]][0m
  [0m  [0m  [33m      /home/vladimir/Documents/Work/HS_admission_task/crud/src/cljs/crud/ui.cljs [line 38, col 24] Unmatched delimiter ].[0m
  [36m39[0m  [36m[:p "Date of birth: "[0m
  [36m40[0m  [36m [:input[0m
  [36m41[0m  [36m  {[0m

[36m----  Reader Error : Please see src/cljs/crud/ui.cljs  ----[0m
Compiling build :app to "public/js/app.js" from ["src" "env/dev/cljs"]...
[31mFailed to compile build :app from ["src" "env/dev/cljs"] in 0.348 seconds.[0m
[36m----  Could not Read  src/cljs/crud/ui.cljs   line:38 ----[0m

  [1m/home/vladimir/Documents/Work/HS_admission_task/crud/src/cljs/crud/ui.cljs [line 38, col 24] Unmatched delimiter ].[0m

  [36m36[0m  [36m      :name "gender"[0m
  [36m37[0m  [36m      :value "F"[0m
  [33m38[0m  [1m      }] "Female"]]][0m
  [0m  [0m  [33m      /home/vladimir/Documents/Work/HS_admission_task/crud/src/cljs/crud/ui.cljs [line 38, col 24] Unmatched delimiter ].[0m
  [36m39[0m  [36m[:p "Date of birth: "[0m
  [36m40[0m  [36m [:input[0m
  [36m41[0m  [36m  {[0m

[36m----  Reader Error : Please see src/cljs/crud/ui.cljs  ----[0m
Compiling build :app to "public/js/app.js" from ["src" "env/dev/cljs"]...
[31mFailed to compile build :app from ["src" "env/dev/cljs"] in 0.34 seconds.[0m
[36m----  Could not Read  src/cljs/crud/ui.cljs   line:38 ----[0m

  [1m/home/vladimir/Documents/Work/HS_admission_task/crud/src/cljs/crud/ui.cljs [line 38, col 24] Unmatched delimiter ].[0m

  [36m36[0m  [36m      :name "gender"[0m
  [36m37[0m  [36m      :value "F"[0m
  [33m38[0m  [1m      }] "Female"]]]]][0m
  [0m  [0m  [33m      /home/vladimir/Documents/Work/HS_admission_task/crud/src/cljs/crud/ui.cljs [line 38, col 24] Unmatched delimiter ].[0m
  [36m39[0m  [36m[:p "Date of birth: "[0m
  [36m40[0m  [36m [:input[0m
  [36m41[0m  [36m  {[0m

[36m----  Reader Error : Please see src/cljs/crud/ui.cljs  ----[0m
Compiling build :app to "public/js/app.js" from ["src" "env/dev/cljs"]...
[32mSuccessfully compiled build :app to "public/js/app.js" in 0.544 seconds.[0m
notifying browser that file changed:  public/js/out/crud/ui.js
Compiling build :app to "public/js/app.js" from ["src" "env/dev/cljs"]...
[32mSuccessfully compiled build :app to "public/js/app.js" in 0.509 seconds.[0m
notifying browser that file changed:  public/js/out/crud/router.js
Compiling build :app to "public/js/app.js" from ["src" "env/dev/cljs"]...
[32mSuccessfully compiled build :app to "public/js/app.js" in 0.568 seconds.[0m
notifying browser that file changed:  public/js/out/crud/router.js
Compiling build :app to "public/js/app.js" from ["src" "env/dev/cljs"]...
[32mSuccessfully compiled build :app to "public/js/app.js" in 0.553 seconds.[0m
notifying browser that file changed:  public/js/out/crud/core.js
Compiling build :app to "public/js/app.js" from ["src" "env/dev/cljs"]...
[32mSuccessfully compiled build :app to "public/js/app.js" in 0.546 seconds.[0m
notifying browser that file changed:  public/js/out/crud/router.js
Compiling build :app to "public/js/app.js" from ["src" "env/dev/cljs"]...
[32mSuccessfully compiled build :app to "public/js/app.js" in 0.774 seconds.[0m
notifying browser that file changed:  public/js/out/cljs_deps.js
notifying browser that file changed:  public/js/out/crud/router.js
Compiling build :app to "public/js/app.js" from ["src" "env/dev/cljs"]...
[32mSuccessfully compiled build :app to "public/js/app.js" in 0.524 seconds.[0m
notifying browser that file changed:  public/js/out/crud/router.js
Compiling build :app to "public/js/app.js" from ["src" "env/dev/cljs"]...
[32mSuccessfully compiled build :app to "public/js/app.js" in 0.526 seconds.[0m
notifying browser that file changed:  public/js/out/crud/router.js
Compiling build :app to "public/js/app.js" from ["src" "env/dev/cljs"]...
[31mFailed to compile build :app from ["src" "env/dev/cljs"] in 0.327 seconds.[0m
[36m----  Could not Analyze  src/cljs/crud/core.cljs  ----[0m

  [1mNo such namespace: reagent.session, could not locate reagent/session.cljs, reagent/session.cljc, or JavaScript source providing "reagent.session" [0m

[36m----  Analysis Error : Please see src/cljs/crud/core.cljs  ----[0m
Compiling build :app to "public/js/app.js" from ["src" "env/dev/cljs"]...
[31mFailed to compile build :app from ["src" "env/dev/cljs"] in 0.325 seconds.[0m
[36m----  Could not Analyze  src/cljs/crud/core.cljs  ----[0m

  [1mNo such namespace: reagent.session, could not locate reagent/session.cljs, reagent/session.cljc, or JavaScript source providing "reagent.session" [0m

[36m----  Analysis Error : Please see src/cljs/crud/core.cljs  ----[0m
Compiling build :app to "public/js/app.js" from ["src" "env/dev/cljs"]...
[32mSuccessfully compiled build :app to "public/js/app.js" in 0.685 seconds.[0m
notifying browser that file changed:  public/js/out/goog/deps.js
notifying browser that file changed:  public/js/out/cljs_deps.js
notifying browser that file changed:  public/js/out/crud/core.js
notifying browser that file changed:  public/js/out/crud/ui.js
Compiling build :app to "public/js/app.js" from ["src" "env/dev/cljs"]...
[32mSuccessfully compiled build :app to "public/js/app.js" in 0.607 seconds.[0m
notifying browser that file changed:  public/js/out/crud/core.js
Compiling build :app to "public/js/app.js" from ["src" "env/dev/cljs"]...
[32mSuccessfully compiled build :app to "public/js/app.js" in 0.661 seconds.[0m
notifying browser that file changed:  public/js/out/crud/core.js
Compiling build :app to "public/js/app.js" from ["src" "env/dev/cljs"]...
[31mFailed to compile build :app from ["src" "env/dev/cljs"] in 0.362 seconds.[0m
[36m----  Could not Analyze  src/cljs/crud/router.cljs   line:6  column:4  ----[0m

  [1mUnable to resolve var: create-user in this context at line 6 src/cljs/crud/router.cljs[0m

  [36m5[0m  [36m(def router[0m
  [33m6[0m  [1m   (reitit/router[0m
  [0m [0m  [33m   ^--- Unable to resolve var: create-user in this context at line 6 src/cljs/crud/router.cljs[0m
  [36m7[0m  [36m    ["/" #'ui/main-page][0m
  [36m8[0m  [36m    ["/patinet"[0m
  [36m9[0m  [36m     ["/create" #'ui/create-user]][0m

[36m----  Analysis Error : Please see src/cljs/crud/router.cljs  ----[0m
Compiling build :app to "public/js/app.js" from ["src" "env/dev/cljs"]...
[31mFailed to compile build :app from ["src" "env/dev/cljs"] in 0.403 seconds.[0m
[36m----  Could not Analyze  src/cljs/crud/router.cljs   line:6  column:4  ----[0m

  [1mUnable to resolve var: create-user in this context at line 6 src/cljs/crud/router.cljs[0m

  [36m5[0m  [36m(def router[0m
  [33m6[0m  [1m   (reitit/router[0m
  [0m [0m  [33m   ^--- Unable to resolve var: create-user in this context at line 6 src/cljs/crud/router.cljs[0m
  [36m7[0m  [36m    ["/" #'ui/main-page][0m
  [36m8[0m  [36m    ["/patinet"[0m
  [36m9[0m  [36m     ["/create" #'ui/create-user]][0m

[36m----  Analysis Error : Please see src/cljs/crud/router.cljs  ----[0m
Compiling build :app to "public/js/app.js" from ["src" "env/dev/cljs"]...
[31mFailed to compile build :app from ["src" "env/dev/cljs"] in 0.4 seconds.[0m
[36m----  Exception    ----[0m

  [1mAssert failed: file:/home/vladimir/Documents/Work/HS_admission_task/crud/src/cljs/crud/router.cljs does not provide a namespace
(first provides)[0m

[36m----  Exception Stack Trace  ----[0m

java.lang.AssertionError: Assert failed: file:/home/vladimir/Documents/Work/HS_admission_task/crud/src/cljs/crud/router.cljs does not provide a namespace
(first provides)
 at cljs.closure$javascript_file.invokeStatic (closure.clj:509)
    cljs.closure$javascript_file.invoke (closure.clj:505)
    cljs.closure$map__GT_javascript_file.invokeStatic (closure.clj:514)
    cljs.closure$map__GT_javascript_file.invoke (closure.clj:512)
    cljs.closure$compiled_file.invokeStatic (closure.clj:601)
    cljs.closure$compiled_file.invoke (closure.clj:593)
    cljs.closure$compile_file.invokeStatic (closure.clj:663)
    cljs.closure$compile_file.invoke (closure.clj:641)
    cljs.closure$fn__5400.invokeStatic (closure.clj:737)
    cljs.closure/fn (closure.clj:731)
    cljs.closure$fn__5313$G__5306__5320.invoke (closure.clj:559)
    cljs.closure$compile_sources$iter__5526__5530$fn__5531.invoke (closure.clj:1107)
    clojure.lang.LazySeq.sval (LazySeq.java:42)
    clojure.lang.LazySeq.seq (LazySeq.java:51)
    clojure.lang.Cons.next (Cons.java:39)
    clojure.lang.RT.next (RT.java:713)
    clojure.core$next__5386.invokeStatic (core.clj:64)
    clojure.core$dorun.invokeStatic (core.clj:3142)
    clojure.core$doall.invokeStatic (core.clj:3148)
    clojure.core$doall.invoke (core.clj:3148)
    cljs.closure$compile_sources.invokeStatic (closure.clj:1103)
    cljs.closure$compile_sources.invoke (closure.clj:1092)
    cljs.closure$build.invokeStatic (closure.clj:3132)
    cljs.closure$build.invoke (closure.clj:3040)
    cljs.build.api$build.invokeStatic (api.clj:227)
    cljs.build.api$build.invoke (api.clj:210)
    figwheel_sidecar.components.cljs_autobuild$cljs_build.invokeStatic (cljs_autobuild.clj:28)
    figwheel_sidecar.components.cljs_autobuild$cljs_build.invoke (cljs_autobuild.clj:27)
    figwheel_sidecar.build_middleware.injection$hook$fn__20186.invoke (injection.clj:100)
    figwheel_sidecar.components.cljs_autobuild$notify_command_hook$fn__20509.invoke (cljs_autobuild.clj:69)
    figwheel_sidecar.components.cljs_autobuild$figwheel_start_and_end_messages$fn__20499.invoke (cljs_autobuild.clj:48)
    figwheel_sidecar.build_middleware.notifications$hook$fn__20367.invoke (notifications.clj:179)
    figwheel_sidecar.build_middleware.clj_reloading$hook$fn__20424.invoke (clj_reloading.clj:111)
    figwheel_sidecar.build_middleware.javascript_reloading$hook$fn__20458.invoke (javascript_reloading.clj:48)
    figwheel_sidecar.components.cljs_autobuild$color_output$fn__20513.invoke (cljs_autobuild.clj:80)
    figwheel_sidecar.components.cljs_autobuild$execute_build$fn__20555.invoke (cljs_autobuild.clj:234)
    figwheel_sidecar.utils$sync_exec$fn__524$fn__525.invoke (utils.clj:13)
    figwheel_sidecar.utils$sync_exec$fn__524.invoke (utils.clj:12)
    clojure.core$binding_conveyor_fn$fn__5754.invoke (core.clj:2033)
    clojure.lang.AFn.applyToHelper (AFn.java:154)
    clojure.lang.RestFn.applyTo (RestFn.java:132)
    clojure.lang.Agent$Action.doRun (Agent.java:114)
    clojure.lang.Agent$Action.run (Agent.java:163)
    java.util.concurrent.ThreadPoolExecutor.runWorker (ThreadPoolExecutor.java:1128)
    java.util.concurrent.ThreadPoolExecutor$Worker.run (ThreadPoolExecutor.java:628)
    java.lang.Thread.run (Thread.java:834)

Compiling build :app to "public/js/app.js" from ["src" "env/dev/cljs"]...
[32mSuccessfully compiled build :app to "public/js/app.js" in 0.531 seconds.[0m
Compiling build :app to "public/js/app.js" from ["src" "env/dev/cljs"]...
[32mSuccessfully compiled build :app to "public/js/app.js" in 0.575 seconds.[0m
notifying browser that file changed:  public/js/out/cljs_deps.js
notifying browser that file changed:  public/js/out/crud/router.js
Compiling build :app to "public/js/app.js" from ["src" "env/dev/cljs"]...
[32mSuccessfully compiled build :app to "public/js/app.js" in 0.59 seconds.[0m
notifying browser that file changed:  public/js/out/crud/core.js
Compiling build :app to "public/js/app.js" from ["src" "env/dev/cljs"]...
[32mSuccessfully compiled build :app to "public/js/app.js" in 0.613 seconds.[0m
notifying browser that file changed:  public/js/out/crud/core.js
notifying browser that file changed:  public/js/out/crud/ui.js
Compiling build :app to "public/js/app.js" from ["src" "env/dev/cljs"]...
[32mSuccessfully compiled build :app to "public/js/app.js" in 0.57 seconds.[0m
notifying browser that file changed:  public/js/out/crud/core.js
Compiling build :app to "public/js/app.js" from ["src" "env/dev/cljs"]...
[36m----  Compiler Warning on   src/cljs/crud/ui.cljs   line:32  column:19  ----[0m

  [1mUse of undeclared Var crud.ui/users[0m

  [36m28[0m  [36m [:th {:class "text-left"} "Adress"][0m
  [36m29[0m  [36m [:th {:class "text-left"} "oms"][0m
  [36m30[0m  [36m [:th {:class "text-left"} "Delete"][0m
  [36m31[0m  [36m [:th {:class "text-left"} "Edit"]][0m
  [33m32[0m  [1m(for [user users][0m
  [0m  [0m  [33m           ^--- Use of undeclared Var crud.ui/users[0m
  [36m33[0m  [36m  [:tr {:class "text-left"}[0m
  [36m34[0m  [36m   [:td {:class "text-left"} (:firstname user)][0m
  [36m35[0m  [36m   [:td {:class "text-left"} (:gender user)][0m
  [36m36[0m  [36m   [:td {:class "text-left"} (:bday user)][0m
  [36m37[0m  [36m   [:td {:class "text-left"} (:adress user)][0m

[36m----  Compiler Warning : Please see src/cljs/crud/ui.cljs  ----[0m
[32mSuccessfully compiled build :app to "public/js/app.js" in 0.647 seconds.[0m
notifying browser that file changed:  public/js/out/cljs_deps.js
notifying browser that file changed:  public/js/out/crud/ui.js
Compiling build :app to "public/js/app.js" from ["src" "env/dev/cljs"]...
[32mSuccessfully compiled build :app to "public/js/app.js" in 0.613 seconds.[0m
notifying browser that file changed:  public/js/out/crud/ui.js
Compiling build :app to "public/js/app.js" from ["src" "env/dev/cljs"]...
[32mSuccessfully compiled build :app to "public/js/app.js" in 0.591 seconds.[0m
notifying browser that file changed:  public/js/out/cljs_deps.js
notifying browser that file changed:  public/js/out/crud/ui.js
Compiling build :app to "public/js/app.js" from ["src" "env/dev/cljs"]...
[31mFailed to compile build :app from ["src" "env/dev/cljs"] in 0.449 seconds.[0m
[36m----  Could not Analyze  src/cljs/crud/core.cljs  ----[0m

  [1mAssert failed: Circular dependency detected, crud.core -> crud.ui -> crud.core
(every? (fn* [p1__2127#] (not (contains? *cljs-dep-set* p1__2127#))) deps)[0m

[36m----  Analysis Error : Please see src/cljs/crud/core.cljs  ----[0m
Compiling build :app to "public/js/app.js" from ["src" "env/dev/cljs"]...
[31mFailed to compile build :app from ["src" "env/dev/cljs"] in 0.332 seconds.[0m
[36m----  Could not Analyze  src/cljs/crud/core.cljs  ----[0m

  [1mAssert failed: Circular dependency detected, crud.core -> crud.ui -> crud.core
(every? (fn* [p1__2127#] (not (contains? *cljs-dep-set* p1__2127#))) deps)[0m

[36m----  Analysis Error : Please see src/cljs/crud/core.cljs  ----[0m
Compiling build :app to "public/js/app.js" from ["src" "env/dev/cljs"]...
[31mFailed to compile build :app from ["src" "env/dev/cljs"] in 0.329 seconds.[0m
[36m----  Could not Analyze  src/cljs/crud/core.cljs  ----[0m

  [1mAssert failed: Circular dependency detected, crud.core -> crud.ui -> crud.core
(every? (fn* [p1__2127#] (not (contains? *cljs-dep-set* p1__2127#))) deps)[0m

[36m----  Analysis Error : Please see src/cljs/crud/core.cljs  ----[0m
Compiling build :app to "public/js/app.js" from ["src" "env/dev/cljs"]...
[31mFailed to compile build :app from ["src" "env/dev/cljs"] in 0.318 seconds.[0m
[36m----  Could not Analyze  src/cljs/crud/core.cljs  ----[0m

  [1mAssert failed: Circular dependency detected, crud.core -> crud.ui -> crud.core
(every? (fn* [p1__2127#] (not (contains? *cljs-dep-set* p1__2127#))) deps)[0m

[36m----  Analysis Error : Please see src/cljs/crud/core.cljs  ----[0m
Compiling build :app to "public/js/app.js" from ["src" "env/dev/cljs"]...
[31mFailed to compile build :app from ["src" "env/dev/cljs"] in 0.348 seconds.[0m
[36m----  Could not Analyze  src/cljs/crud/core.cljs  ----[0m

  [1mAssert failed: Circular dependency detected, crud.core -> crud.ui -> crud.core
(every? (fn* [p1__2127#] (not (contains? *cljs-dep-set* p1__2127#))) deps)[0m

[36m----  Analysis Error : Please see src/cljs/crud/core.cljs  ----[0m
Compiling build :app to "public/js/app.js" from ["src" "env/dev/cljs"]...
[31mFailed to compile build :app from ["src" "env/dev/cljs"] in 0.341 seconds.[0m
[36m----  Could not Analyze  src/cljs/crud/core.cljs  ----[0m

  [1mAssert failed: Circular dependency detected, crud.core -> crud.ui -> crud.core
(every? (fn* [p1__2127#] (not (contains? *cljs-dep-set* p1__2127#))) deps)[0m

[36m----  Analysis Error : Please see src/cljs/crud/core.cljs  ----[0m
Compiling build :app to "public/js/app.js" from ["src" "env/dev/cljs"]...
[31mFailed to compile build :app from ["src" "env/dev/cljs"] in 0.342 seconds.[0m
[36m----  Could not Analyze  src/cljs/crud/core.cljs  ----[0m

  [1mAssert failed: Circular dependency detected, crud.core -> crud.ui -> crud.core
(every? (fn* [p1__2127#] (not (contains? *cljs-dep-set* p1__2127#))) deps)[0m

[36m----  Analysis Error : Please see src/cljs/crud/core.cljs  ----[0m
Compiling build :app to "public/js/app.js" from ["src" "env/dev/cljs"]...
[31mFailed to compile build :app from ["src" "env/dev/cljs"] in 0.363 seconds.[0m
[36m----  Could not Analyze  src/cljs/crud/core.cljs  ----[0m

  [1mAssert failed: Circular dependency detected, crud.core -> crud.ui -> crud.core
(every? (fn* [p1__2127#] (not (contains? *cljs-dep-set* p1__2127#))) deps)[0m

[36m----  Analysis Error : Please see src/cljs/crud/core.cljs  ----[0m
Compiling build :app to "public/js/app.js" from ["src" "env/dev/cljs"]...
[31mFailed to compile build :app from ["src" "env/dev/cljs"] in 0.34 seconds.[0m
[36m----  Could not Analyze  src/cljs/crud/core.cljs  ----[0m

  [1mAssert failed: Circular dependency detected, crud.core -> crud.ui -> crud.core
(every? (fn* [p1__2127#] (not (contains? *cljs-dep-set* p1__2127#))) deps)[0m

[36m----  Analysis Error : Please see src/cljs/crud/core.cljs  ----[0m
Compiling build :app to "public/js/app.js" from ["src" "env/dev/cljs"]...
[32mSuccessfully compiled build :app to "public/js/app.js" in 4.096 seconds.[0m
notifying browser that file changed:  public/js/out/goog/deps.js
notifying browser that file changed:  public/js/out/cljs_deps.js
notifying browser that file changed:  public/js/out/crud/ui.js
Compiling build :app to "public/js/app.js" from ["src" "env/dev/cljs"]...
[31mFailed to compile build :app from ["src" "env/dev/cljs"] in 0.379 seconds.[0m
[36m----  Exception    ----[0m

  [1mAssert failed: file:/home/vladimir/Documents/Work/HS_admission_task/crud/src/cljs/crud/events.cljs does not provide a namespace
(first provides)[0m

[36m----  Exception Stack Trace  ----[0m

java.lang.AssertionError: Assert failed: file:/home/vladimir/Documents/Work/HS_admission_task/crud/src/cljs/crud/events.cljs does not provide a namespace
(first provides)
 at cljs.closure$javascript_file.invokeStatic (closure.clj:509)
    cljs.closure$javascript_file.invoke (closure.clj:505)
    cljs.closure$map__GT_javascript_file.invokeStatic (closure.clj:514)
    cljs.closure$map__GT_javascript_file.invoke (closure.clj:512)
    cljs.closure$compiled_file.invokeStatic (closure.clj:601)
    cljs.closure$compiled_file.invoke (closure.clj:593)
    cljs.closure$compile_file.invokeStatic (closure.clj:663)
    cljs.closure$compile_file.invoke (closure.clj:641)
    cljs.closure$fn__5400.invokeStatic (closure.clj:737)
    cljs.closure/fn (closure.clj:731)
    cljs.closure$fn__5313$G__5306__5320.invoke (closure.clj:559)
    cljs.closure$compile_sources$iter__5526__5530$fn__5531.invoke (closure.clj:1107)
    clojure.lang.LazySeq.sval (LazySeq.java:42)
    clojure.lang.LazySeq.seq (LazySeq.java:51)
    clojure.lang.Cons.next (Cons.java:39)
    clojure.lang.RT.next (RT.java:713)
    clojure.core$next__5386.invokeStatic (core.clj:64)
    clojure.core$dorun.invokeStatic (core.clj:3142)
    clojure.core$doall.invokeStatic (core.clj:3148)
    clojure.core$doall.invoke (core.clj:3148)
    cljs.closure$compile_sources.invokeStatic (closure.clj:1103)
    cljs.closure$compile_sources.invoke (closure.clj:1092)
    cljs.closure$build.invokeStatic (closure.clj:3132)
    cljs.closure$build.invoke (closure.clj:3040)
    cljs.build.api$build.invokeStatic (api.clj:227)
    cljs.build.api$build.invoke (api.clj:210)
    figwheel_sidecar.components.cljs_autobuild$cljs_build.invokeStatic (cljs_autobuild.clj:28)
    figwheel_sidecar.components.cljs_autobuild$cljs_build.invoke (cljs_autobuild.clj:27)
    figwheel_sidecar.build_middleware.injection$hook$fn__20186.invoke (injection.clj:100)
    figwheel_sidecar.components.cljs_autobuild$notify_command_hook$fn__20509.invoke (cljs_autobuild.clj:69)
    figwheel_sidecar.components.cljs_autobuild$figwheel_start_and_end_messages$fn__20499.invoke (cljs_autobuild.clj:48)
    figwheel_sidecar.build_middleware.notifications$hook$fn__20367.invoke (notifications.clj:179)
    figwheel_sidecar.build_middleware.clj_reloading$hook$fn__20424.invoke (clj_reloading.clj:111)
    figwheel_sidecar.build_middleware.javascript_reloading$hook$fn__20458.invoke (javascript_reloading.clj:48)
    figwheel_sidecar.components.cljs_autobuild$color_output$fn__20513.invoke (cljs_autobuild.clj:80)
    figwheel_sidecar.components.cljs_autobuild$execute_build$fn__20555.invoke (cljs_autobuild.clj:234)
    figwheel_sidecar.utils$sync_exec$fn__524$fn__525.invoke (utils.clj:13)
    figwheel_sidecar.utils$sync_exec$fn__524.invoke (utils.clj:12)
    clojure.core$binding_conveyor_fn$fn__5754.invoke (core.clj:2033)
    clojure.lang.AFn.applyToHelper (AFn.java:154)
    clojure.lang.RestFn.applyTo (RestFn.java:132)
    clojure.lang.Agent$Action.doRun (Agent.java:114)
    clojure.lang.Agent$Action.run (Agent.java:163)
    java.util.concurrent.ThreadPoolExecutor.runWorker (ThreadPoolExecutor.java:1128)
    java.util.concurrent.ThreadPoolExecutor$Worker.run (ThreadPoolExecutor.java:628)
    java.lang.Thread.run (Thread.java:834)

Compiling build :app to "public/js/app.js" from ["src" "env/dev/cljs"]...
[32mSuccessfully compiled build :app to "public/js/app.js" in 0.627 seconds.[0m
notifying browser that file changed:  public/js/out/cljs_deps.js
notifying browser that file changed:  public/js/out/crud/events.js
Compiling build :app to "public/js/app.js" from ["src" "env/dev/cljs"]...
[31mFailed to compile build :app from ["src" "env/dev/cljs"] in 0.329 seconds.[0m
[36m----  Could not Analyze  src/cljs/crud/ui.cljs  ----[0m

  [1mNo such namespace: re-frame.core, could not locate re_frame/core.cljs, re_frame/core.cljc, or JavaScript source providing "re-frame.core" (Please check that namespaces with dashes use underscores in the ClojureScript file name) [0m

[36m----  Analysis Error : Please see src/cljs/crud/ui.cljs  ----[0m
Compiling build :app to "public/js/app.js" from ["src" "env/dev/cljs"]...
[31mFailed to compile build :app from ["src" "env/dev/cljs"] in 0.35 seconds.[0m
[36m----  Could not Analyze  src/cljs/crud/ui.cljs  ----[0m

  [1mNo such namespace: re-frame.core, could not locate re_frame/core.cljs, re_frame/core.cljc, or JavaScript source providing "re-frame.core" (Please check that namespaces with dashes use underscores in the ClojureScript file name) [0m

[36m----  Analysis Error : Please see src/cljs/crud/ui.cljs  ----[0m
Compiling build :app to "public/js/app.js" from ["src" "env/dev/cljs"]...
[32mSuccessfully compiled build :app to "public/js/app.js" in 0.664 seconds.[0m
notifying browser that file changed:  public/js/out/goog/deps.js
notifying browser that file changed:  public/js/out/cljs_deps.js
notifying browser that file changed:  public/js/out/crud/events.js
Compiling build :app to "public/js/app.js" from ["src" "env/dev/cljs"]...
[31mFailed to compile build :app from ["src" "env/dev/cljs"] in 0.481 seconds.[0m
[36m----  Could not Analyze  src/cljs/crud/events.cljs   line:4  column:1  ----[0m

  [1mWrong number of args (0) passed to: cljs.core/defn--4783[0m

  [36m2[0m  [36m  (:require [re-frame.core :as r]))[0m
  [36m3[0m  [36m[0m
  [33m4[0m  [1m(defn )[0m
  [0m [0m  [33m^--- Wrong number of args (0) passed to: cljs.core/defn--4783[0m

[36m----  Analysis Error : Please see src/cljs/crud/events.cljs  ----[0m
Compiling build :app to "public/js/app.js" from ["src" "env/dev/cljs"]...
[31mFailed to compile build :app from ["src" "env/dev/cljs"] in 0.533 seconds.[0m
[36m----  Could not Read  src/cljs/crud/events.cljs   line:4 ----[0m

  [1m/home/vladimir/Documents/Work/HS_admission_task/crud/src/cljs/crud/events.cljs [line 4, col 9] Invalid symbol: r/.[0m

  [36m2[0m  [36m  (:require [re-frame.core :as r]))[0m
  [36m3[0m  [36m[0m
  [33m4[0m  [1m(defn r/)[0m
  [0m [0m  [33m/home/vladimir/Documents/Work/HS_admission_task/crud/src/cljs/crud/events.cljs [line 4, col 9] Invalid symbol: r/.[0m

[36m----  Reader Error : Please see src/cljs/crud/events.cljs  ----[0m
Compiling build :app to "public/js/app.js" from ["src" "env/dev/cljs"]...
[31mFailed to compile build :app from ["src" "env/dev/cljs"] in 0.594 seconds.[0m
[36m----  Could not Read  src/cljs/crud/events.cljs   line:4 ----[0m

  [1m/home/vladimir/Documents/Work/HS_admission_task/crud/src/cljs/crud/events.cljs [line 4, col 9] Invalid symbol: r/.[0m

  [36m2[0m  [36m  (:require [re-frame.core :as r]))[0m
  [36m3[0m  [36m[0m
  [33m4[0m  [1m(defn r/)[0m
  [0m [0m  [33m/home/vladimir/Documents/Work/HS_admission_task/crud/src/cljs/crud/events.cljs [line 4, col 9] Invalid symbol: r/.[0m

[36m----  Reader Error : Please see src/cljs/crud/events.cljs  ----[0m
Compiling build :app to "public/js/app.js" from ["src" "env/dev/cljs"]...
[32mSuccessfully compiled build :app to "public/js/app.js" in 0.641 seconds.[0m
notifying browser that file changed:  public/js/out/crud/events.js
Compiling build :app to "public/js/app.js" from ["src" "env/dev/cljs"]...
[32mSuccessfully compiled build :app to "public/js/app.js" in 0.739 seconds.[0m
notifying browser that file changed:  public/js/out/crud/ui.js
Compiling build :app to "public/js/app.js" from ["src" "env/dev/cljs"]...
[31mFailed to compile build :app from ["src" "env/dev/cljs"] in 0.46 seconds.[0m
[36m----  Exception    ----[0m

  [1mAssert failed: file:/home/vladimir/Documents/Work/HS_admission_task/crud/src/cljs/crud/subs.cljs does not provide a namespace
(first provides)[0m

[36m----  Exception Stack Trace  ----[0m

java.lang.AssertionError: Assert failed: file:/home/vladimir/Documents/Work/HS_admission_task/crud/src/cljs/crud/subs.cljs does not provide a namespace
(first provides)
 at cljs.closure$javascript_file.invokeStatic (closure.clj:509)
    cljs.closure$javascript_file.invoke (closure.clj:505)
    cljs.closure$map__GT_javascript_file.invokeStatic (closure.clj:514)
    cljs.closure$map__GT_javascript_file.invoke (closure.clj:512)
    cljs.closure$compiled_file.invokeStatic (closure.clj:601)
    cljs.closure$compiled_file.invoke (closure.clj:593)
    cljs.closure$compile_file.invokeStatic (closure.clj:663)
    cljs.closure$compile_file.invoke (closure.clj:641)
    cljs.closure$fn__5400.invokeStatic (closure.clj:737)
    cljs.closure/fn (closure.clj:731)
    cljs.closure$fn__5313$G__5306__5320.invoke (closure.clj:559)
    cljs.closure$compile_sources$iter__5526__5530$fn__5531.invoke (closure.clj:1107)
    clojure.lang.LazySeq.sval (LazySeq.java:42)
    clojure.lang.LazySeq.seq (LazySeq.java:51)
    clojure.lang.Cons.next (Cons.java:39)
    clojure.lang.RT.next (RT.java:713)
    clojure.core$next__5386.invokeStatic (core.clj:64)
    clojure.core$dorun.invokeStatic (core.clj:3142)
    clojure.core$doall.invokeStatic (core.clj:3148)
    clojure.core$doall.invoke (core.clj:3148)
    cljs.closure$compile_sources.invokeStatic (closure.clj:1103)
    cljs.closure$compile_sources.invoke (closure.clj:1092)
    cljs.closure$build.invokeStatic (closure.clj:3132)
    cljs.closure$build.invoke (closure.clj:3040)
    cljs.build.api$build.invokeStatic (api.clj:227)
    cljs.build.api$build.invoke (api.clj:210)
    figwheel_sidecar.components.cljs_autobuild$cljs_build.invokeStatic (cljs_autobuild.clj:28)
    figwheel_sidecar.components.cljs_autobuild$cljs_build.invoke (cljs_autobuild.clj:27)
    figwheel_sidecar.build_middleware.injection$hook$fn__20186.invoke (injection.clj:100)
    figwheel_sidecar.components.cljs_autobuild$notify_command_hook$fn__20509.invoke (cljs_autobuild.clj:69)
    figwheel_sidecar.components.cljs_autobuild$figwheel_start_and_end_messages$fn__20499.invoke (cljs_autobuild.clj:48)
    figwheel_sidecar.build_middleware.notifications$hook$fn__20367.invoke (notifications.clj:179)
    figwheel_sidecar.build_middleware.clj_reloading$hook$fn__20424.invoke (clj_reloading.clj:111)
    figwheel_sidecar.build_middleware.javascript_reloading$hook$fn__20458.invoke (javascript_reloading.clj:48)
    figwheel_sidecar.components.cljs_autobuild$color_output$fn__20513.invoke (cljs_autobuild.clj:80)
    figwheel_sidecar.components.cljs_autobuild$execute_build$fn__20555.invoke (cljs_autobuild.clj:234)
    figwheel_sidecar.utils$sync_exec$fn__524$fn__525.invoke (utils.clj:13)
    figwheel_sidecar.utils$sync_exec$fn__524.invoke (utils.clj:12)
    clojure.core$binding_conveyor_fn$fn__5754.invoke (core.clj:2033)
    clojure.lang.AFn.applyToHelper (AFn.java:154)
    clojure.lang.RestFn.applyTo (RestFn.java:132)
    clojure.lang.Agent$Action.doRun (Agent.java:114)
    clojure.lang.Agent$Action.run (Agent.java:163)
    java.util.concurrent.ThreadPoolExecutor.runWorker (ThreadPoolExecutor.java:1128)
    java.util.concurrent.ThreadPoolExecutor$Worker.run (ThreadPoolExecutor.java:628)
    java.lang.Thread.run (Thread.java:834)

Compiling build :app to "public/js/app.js" from ["src" "env/dev/cljs"]...
[32mSuccessfully compiled build :app to "public/js/app.js" in 0.605 seconds.[0m
notifying browser that file changed:  public/js/out/cljs_deps.js
notifying browser that file changed:  public/js/out/crud/subs.js
Compiling build :app to "public/js/app.js" from ["src" "env/dev/cljs"]...
[32mSuccessfully compiled build :app to "public/js/app.js" in 0.848 seconds.[0m
notifying browser that file changed:  public/js/out/goog/deps.js
notifying browser that file changed:  public/js/out/cljs_deps.js
notifying browser that file changed:  public/js/out/crud/ui.js
Compiling build :app to "public/js/app.js" from ["src" "env/dev/cljs"]...
[32mSuccessfully compiled build :app to "public/js/app.js" in 0.783 seconds.[0m
notifying browser that file changed:  public/js/out/goog/deps.js
notifying browser that file changed:  public/js/out/cljs_deps.js
notifying browser that file changed:  public/js/out/crud/events.js
Compiling build :app to "public/js/app.js" from ["src" "env/dev/cljs"]...
[31mFailed to compile build :app from ["src" "env/dev/cljs"] in 0.498 seconds.[0m
[36m----  Could not Read  src/cljs/crud/subs.cljs   line:3 ----[0m

  [1m/home/vladimir/Documents/Work/HS_admission_task/crud/src/cljs/crud/subs.cljs [line 3, col 4] Invalid symbol: r/.[0m

  [36m1[0m  [36m(ns crud.subs)[0m
  [36m2[0m  [36m[0m
  [33m3[0m  [1m(r/)[0m
  [0m [0m  [33m/home/vladimir/Documents/Work/HS_admission_task/crud/src/cljs/crud/subs.cljs [line 3, col 4] Invalid symbol: r/.[0m

[36m----  Reader Error : Please see src/cljs/crud/subs.cljs  ----[0m
Compiling build :app to "public/js/app.js" from ["src" "env/dev/cljs"]...
[36m----  Compiler Warning on   src/cljs/crud/subs.cljs   line:3  column:2  ----[0m

  [1mNo such namespace: r, could not locate r.cljs, r.cljc, or JavaScript source providing "r"[0m

  [36m1[0m  [36m(ns crud.subs)[0m
  [36m2[0m  [36m[0m
  [33m3[0m  [1m(r/reg-fx )[0m
  [0m [0m  [33m ^--- No such namespace: r, could not locate r.cljs, r.cljc, or JavaScript source providing "r"[0m

[36m----  Compiler Warning : Please see src/cljs/crud/subs.cljs  ----[0m
[36m----  Compiler Warning on   src/cljs/crud/subs.cljs   line:3  column:2  ----[0m

  [1mUse of undeclared Var r/reg-fx[0m

  [36m1[0m  [36m(ns crud.subs)[0m
  [36m2[0m  [36m[0m
  [33m3[0m  [1m(r/reg-fx )[0m
  [0m [0m  [33m ^--- Use of undeclared Var r/reg-fx[0m

[36m----  Compiler Warning : Please see src/cljs/crud/subs.cljs  ----[0m
[32mSuccessfully compiled build :app to "public/js/app.js" in 0.621 seconds.[0m
notifying browser that file changed:  public/js/out/crud/subs.js
Compiling build :app to "public/js/app.js" from ["src" "env/dev/cljs"]...
[36m----  Compiler Warning on   src/cljs/crud/subs.cljs   line:3  column:2  ----[0m

  [1mNo such namespace: r, could not locate r.cljs, r.cljc, or JavaScript source providing "r"[0m

  [36m1[0m  [36m(ns crud.subs)[0m
  [36m2[0m  [36m[0m
  [33m3[0m  [1m(r/reg-fx[0m
  [0m [0m  [33m ^--- No such namespace: r, could not locate r.cljs, r.cljc, or JavaScript source providing "r"[0m
  [36m4[0m  [36m :create-patient-event)[0m

[36m----  Compiler Warning : Please see src/cljs/crud/subs.cljs  ----[0m
[36m----  Compiler Warning on   src/cljs/crud/subs.cljs   line:3  column:2  ----[0m

  [1mUse of undeclared Var r/reg-fx[0m

  [36m1[0m  [36m(ns crud.subs)[0m
  [36m2[0m  [36m[0m
  [33m3[0m  [1m(r/reg-fx[0m
  [0m [0m  [33m ^--- Use of undeclared Var r/reg-fx[0m
  [36m4[0m  [36m :create-patient-event)[0m

[36m----  Compiler Warning : Please see src/cljs/crud/subs.cljs  ----[0m
[32mSuccessfully compiled build :app to "public/js/app.js" in 0.642 seconds.[0m
notifying browser that file changed:  public/js/out/crud/subs.js
Compiling build :app to "public/js/app.js" from ["src" "env/dev/cljs"]...
[32mSuccessfully compiled build :app to "public/js/app.js" in 0.642 seconds.[0m
notifying browser that file changed:  public/js/out/crud/events.js
Compiling build :app to "public/js/app.js" from ["src" "env/dev/cljs"]...
[32mSuccessfully compiled build :app to "public/js/app.js" in 0.72 seconds.[0m
notifying browser that file changed:  public/js/out/goog/deps.js
notifying browser that file changed:  public/js/out/cljs_deps.js
notifying browser that file changed:  public/js/out/crud/core.js
Compiling build :app to "public/js/app.js" from ["src" "env/dev/cljs"]...
[36m----  Compiler Warning on   src/cljs/crud/subs.cljs   line:3  column:2  ----[0m

  [1mNo such namespace: r, could not locate r.cljs, r.cljc, or JavaScript source providing "r"[0m

  [36m1[0m  [36m(ns crud.subs)[0m
  [36m2[0m  [36m[0m
  [33m3[0m  [1m(r/reg-fx[0m
  [0m [0m  [33m ^--- No such namespace: r, could not locate r.cljs, r.cljc, or JavaScript source providing "r"[0m
  [36m4[0m  [36m :create-patient-event[0m
  [36m5[0m  [36m (fn []))[0m

[36m----  Compiler Warning : Please see src/cljs/crud/subs.cljs  ----[0m
[36m----  Compiler Warning on   src/cljs/crud/subs.cljs   line:3  column:2  ----[0m

  [1mUse of undeclared Var r/reg-fx[0m

  [36m1[0m  [36m(ns crud.subs)[0m
  [36m2[0m  [36m[0m
  [33m3[0m  [1m(r/reg-fx[0m
  [0m [0m  [33m ^--- Use of undeclared Var r/reg-fx[0m
  [36m4[0m  [36m :create-patient-event[0m
  [36m5[0m  [36m (fn []))[0m

[36m----  Compiler Warning : Please see src/cljs/crud/subs.cljs  ----[0m
[32mSuccessfully compiled build :app to "public/js/app.js" in 0.67 seconds.[0m
notifying browser that file changed:  public/js/out/crud/subs.js
Compiling build :app to "public/js/app.js" from ["src" "env/dev/cljs"]...
[36m----  Compiler Warning on   src/cljs/crud/subs.cljs   line:3  column:2  ----[0m

  [1mNo such namespace: r, could not locate r.cljs, r.cljc, or JavaScript source providing "r"[0m

  [36m1[0m  [36m(ns crud.subs)[0m
  [36m2[0m  [36m[0m
  [33m3[0m  [1m(r/reg-fx[0m
  [0m [0m  [33m ^--- No such namespace: r, could not locate r.cljs, r.cljc, or JavaScript source providing "r"[0m
  [36m4[0m  [36m :create-patient-event[0m
  [36m5[0m  [36m (fn [db v]))[0m

[36m----  Compiler Warning : Please see src/cljs/crud/subs.cljs  ----[0m
[36m----  Compiler Warning on   src/cljs/crud/subs.cljs   line:3  column:2  ----[0m

  [1mUse of undeclared Var r/reg-fx[0m

  [36m1[0m  [36m(ns crud.subs)[0m
  [36m2[0m  [36m[0m
  [33m3[0m  [1m(r/reg-fx[0m
  [0m [0m  [33m ^--- Use of undeclared Var r/reg-fx[0m
  [36m4[0m  [36m :create-patient-event[0m
  [36m5[0m  [36m (fn [db v]))[0m

[36m----  Compiler Warning : Please see src/cljs/crud/subs.cljs  ----[0m
[32mSuccessfully compiled build :app to "public/js/app.js" in 0.66 seconds.[0m
notifying browser that file changed:  public/js/out/crud/subs.js
Compiling build :app to "public/js/app.js" from ["src" "env/dev/cljs"]...
[36m----  Compiler Warning on   src/cljs/crud/subs.cljs   line:3  column:2  ----[0m

  [1mNo such namespace: r, could not locate r.cljs, r.cljc, or JavaScript source providing "r"[0m

  [36m1[0m  [36m(ns crud.subs)[0m
  [36m2[0m  [36m[0m
  [33m3[0m  [1m(r/reg-fx[0m
  [0m [0m  [33m ^--- No such namespace: r, could not locate r.cljs, r.cljc, or JavaScript source providing "r"[0m
  [36m4[0m  [36m :create-patient-event[0m
  [36m5[0m  [36m (fn [db v][0m
  [36m6[0m  [36m  ))[0m

[36m----  Compiler Warning : Please see src/cljs/crud/subs.cljs  ----[0m
[36m----  Compiler Warning on   src/cljs/crud/subs.cljs   line:3  column:2  ----[0m

  [1mUse of undeclared Var r/reg-fx[0m

  [36m1[0m  [36m(ns crud.subs)[0m
  [36m2[0m  [36m[0m
  [33m3[0m  [1m(r/reg-fx[0m
  [0m [0m  [33m ^--- Use of undeclared Var r/reg-fx[0m
  [36m4[0m  [36m :create-patient-event[0m
  [36m5[0m  [36m (fn [db v][0m
  [36m6[0m  [36m  ))[0m

[36m----  Compiler Warning : Please see src/cljs/crud/subs.cljs  ----[0m
[32mSuccessfully compiled build :app to "public/js/app.js" in 0.703 seconds.[0m
notifying browser that file changed:  public/js/out/crud/subs.js
Compiling build :app to "public/js/app.js" from ["src" "env/dev/cljs"]...
[36m----  Compiler Warning on   src/cljs/crud/subs.cljs   line:3  column:2  ----[0m

  [1mNo such namespace: r, could not locate r.cljs, r.cljc, or JavaScript source providing "r"[0m

  [36m1[0m  [36m(ns crud.subs)[0m
  [36m2[0m  [36m[0m
  [33m3[0m  [1m(r/reg-fx[0m
  [0m [0m  [33m ^--- No such namespace: r, could not locate r.cljs, r.cljc, or JavaScript source providing "r"[0m
  [36m4[0m  [36m :create-patient-event[0m
  [36m5[0m  [36m (fn [db v][0m
  [36m6[0m  [36m  ""))[0m

[36m----  Compiler Warning : Please see src/cljs/crud/subs.cljs  ----[0m
[36m----  Compiler Warning on   src/cljs/crud/subs.cljs   line:3  column:2  ----[0m

  [1mUse of undeclared Var r/reg-fx[0m

  [36m1[0m  [36m(ns crud.subs)[0m
  [36m2[0m  [36m[0m
  [33m3[0m  [1m(r/reg-fx[0m
  [0m [0m  [33m ^--- Use of undeclared Var r/reg-fx[0m
  [36m4[0m  [36m :create-patient-event[0m
  [36m5[0m  [36m (fn [db v][0m
  [36m6[0m  [36m  ""))[0m

[36m----  Compiler Warning : Please see src/cljs/crud/subs.cljs  ----[0m
[32mSuccessfully compiled build :app to "public/js/app.js" in 0.662 seconds.[0m
notifying browser that file changed:  public/js/out/crud/subs.js
Compiling build :app to "public/js/app.js" from ["src" "env/dev/cljs"]...
[36m----  Compiler Warning on   src/cljs/crud/subs.cljs   line:3  column:2  ----[0m

  [1mNo such namespace: r, could not locate r.cljs, r.cljc, or JavaScript source providing "r"[0m

  [36m1[0m  [36m(ns crud.subs)[0m
  [36m2[0m  [36m[0m
  [33m3[0m  [1m(r/reg-sub[0m
  [0m [0m  [33m ^--- No such namespace: r, could not locate r.cljs, r.cljc, or JavaScript source providing "r"[0m
  [36m4[0m  [36m :create-patient-event[0m
  [36m5[0m  [36m (fn [db v][0m
  [36m6[0m  [36m  ""))[0m

[36m----  Compiler Warning : Please see src/cljs/crud/subs.cljs  ----[0m
[36m----  Compiler Warning on   src/cljs/crud/subs.cljs   line:3  column:2  ----[0m

  [1mUse of undeclared Var r/reg-sub[0m

  [36m1[0m  [36m(ns crud.subs)[0m
  [36m2[0m  [36m[0m
  [33m3[0m  [1m(r/reg-sub[0m
  [0m [0m  [33m ^--- Use of undeclared Var r/reg-sub[0m
  [36m4[0m  [36m :create-patient-event[0m
  [36m5[0m  [36m (fn [db v][0m
  [36m6[0m  [36m  ""))[0m

[36m----  Compiler Warning : Please see src/cljs/crud/subs.cljs  ----[0m
[32mSuccessfully compiled build :app to "public/js/app.js" in 0.678 seconds.[0m
notifying browser that file changed:  public/js/out/crud/subs.js
Compiling build :app to "public/js/app.js" from ["src" "env/dev/cljs"]...
[36m----  Compiler Warning on   src/cljs/crud/subs.cljs   line:3  column:2  ----[0m

  [1mNo such namespace: r, could not locate r.cljs, r.cljc, or JavaScript source providing "r"[0m

  [36m1[0m  [36m(ns crud.subs)[0m
  [36m2[0m  [36m[0m
  [33m3[0m  [1m(r/reg-sub[0m
  [0m [0m  [33m ^--- No such namespace: r, could not locate r.cljs, r.cljc, or JavaScript source providing "r"[0m
  [36m4[0m  [36m :create-patient-event[0m
  [36m5[0m  [36m (fn [db v][0m
  [36m6[0m  [36m  "Hello from sub"))[0m

[36m----  Compiler Warning : Please see src/cljs/crud/subs.cljs  ----[0m
[36m----  Compiler Warning on   src/cljs/crud/subs.cljs   line:3  column:2  ----[0m

  [1mUse of undeclared Var r/reg-sub[0m

  [36m1[0m  [36m(ns crud.subs)[0m
  [36m2[0m  [36m[0m
  [33m3[0m  [1m(r/reg-sub[0m
  [0m [0m  [33m ^--- Use of undeclared Var r/reg-sub[0m
  [36m4[0m  [36m :create-patient-event[0m
  [36m5[0m  [36m (fn [db v][0m
  [36m6[0m  [36m  "Hello from sub"))[0m

[36m----  Compiler Warning : Please see src/cljs/crud/subs.cljs  ----[0m
[32mSuccessfully compiled build :app to "public/js/app.js" in 0.67 seconds.[0m
notifying browser that file changed:  public/js/out/crud/subs.js
Compiling build :app to "public/js/app.js" from ["src" "env/dev/cljs"]...
[32mSuccessfully compiled build :app to "public/js/app.js" in 0.613 seconds.[0m
notifying browser that file changed:  public/js/out/cljs_deps.js
notifying browser that file changed:  public/js/out/crud/subs.js
Compiling build :app to "public/js/app.js" from ["src" "env/dev/cljs"]...
[31mFailed to compile build :app from ["src" "env/dev/cljs"] in 0.429 seconds.[0m
[36m----  Could not Read  src/cljs/crud/ui.cljs   line:66 ----[0m

  [1m/home/vladimir/Documents/Work/HS_admission_task/crud/src/cljs/crud/ui.cljs [line 66, col 19] The map literal starting with :class on line 60 column 16 contains 9 form(s). Map literals must contain an even number of forms.[0m

  [36m64[0m  [36m           :required "required"[0m
  [36m65[0m  [36m           :value [0m
  [33m66[0m  [1m           }]][0m
  [0m  [0m  [33m           /home/vladimir/Documents/Work/HS_admission_task/crud/src/cljs/crud/ui.cljs [line 66, col 19] The map literal starting with :class on line 60 column 16 contains 9 form(s). Map literals must contain an even number of forms.[0m
  [36m67[0m  [36m[:p "Gender: "[0m
  [36m68[0m  [36m [:label[0m
  [36m69[0m  [36m  [:input {[0m

[36m----  Reader Error : Please see src/cljs/crud/ui.cljs  ----[0m
Compiling build :app to "public/js/app.js" from ["src" "env/dev/cljs"]...
[36m----  Compiler Warning on   src/cljs/crud/ui.cljs   line:65  column:25  ----[0m

  [1mWrong number of args (0) passed to re-frame.core/subscribe[0m

  [36m61[0m  [36m           :class "in"[0m
  [36m62[0m  [36m           :type "text"[0m
  [36m63[0m  [36m           :name "fname"[0m
  [36m64[0m  [36m           :required "required"[0m
  [33m65[0m  [1m           :value (r/subscribe )[0m
  [0m  [0m  [33m                  ^--- Wrong number of args (0) passed to re-frame.core/subscribe[0m
  [36m66[0m  [36m           }]][0m
  [36m67[0m  [36m[:p "Gender: "[0m
  [36m68[0m  [36m [:label[0m
  [36m69[0m  [36m  [:input {[0m
  [36m70[0m  [36m            :type "radio"[0m

[36m----  Compiler Warning : Please see src/cljs/crud/ui.cljs  ----[0m
[32mSuccessfully compiled build :app to "public/js/app.js" in 0.722 seconds.[0m
notifying browser that file changed:  public/js/out/crud/ui.js
Compiling build :app to "public/js/app.js" from ["src" "env/dev/cljs"]...
[32mSuccessfully compiled build :app to "public/js/app.js" in 0.678 seconds.[0m
notifying browser that file changed:  public/js/out/crud/ui.js
Compiling build :app to "public/js/app.js" from ["src" "env/dev/cljs"]...
[31mFailed to compile build :app from ["src" "env/dev/cljs"] in 0.502 seconds.[0m
[36m----  Exception    ----[0m

  [1mAssert failed: file:/home/vladimir/Documents/Work/HS_admission_task/crud/src/cljs/crud/db.cljs does not provide a namespace
(first provides)[0m

[36m----  Exception Stack Trace  ----[0m

java.lang.AssertionError: Assert failed: file:/home/vladimir/Documents/Work/HS_admission_task/crud/src/cljs/crud/db.cljs does not provide a namespace
(first provides)
 at cljs.closure$javascript_file.invokeStatic (closure.clj:509)
    cljs.closure$javascript_file.invoke (closure.clj:505)
    cljs.closure$map__GT_javascript_file.invokeStatic (closure.clj:514)
    cljs.closure$map__GT_javascript_file.invoke (closure.clj:512)
    cljs.closure$compiled_file.invokeStatic (closure.clj:601)
    cljs.closure$compiled_file.invoke (closure.clj:593)
    cljs.closure$compile_file.invokeStatic (closure.clj:663)
    cljs.closure$compile_file.invoke (closure.clj:641)
    cljs.closure$fn__5400.invokeStatic (closure.clj:737)
    cljs.closure/fn (closure.clj:731)
    cljs.closure$fn__5313$G__5306__5320.invoke (closure.clj:559)
    cljs.closure$compile_sources$iter__5526__5530$fn__5531.invoke (closure.clj:1107)
    clojure.lang.LazySeq.sval (LazySeq.java:42)
    clojure.lang.LazySeq.seq (LazySeq.java:51)
    clojure.lang.Cons.next (Cons.java:39)
    clojure.lang.RT.next (RT.java:713)
    clojure.core$next__5386.invokeStatic (core.clj:64)
    clojure.core$dorun.invokeStatic (core.clj:3142)
    clojure.core$doall.invokeStatic (core.clj:3148)
    clojure.core$doall.invoke (core.clj:3148)
    cljs.closure$compile_sources.invokeStatic (closure.clj:1103)
    cljs.closure$compile_sources.invoke (closure.clj:1092)
    cljs.closure$build.invokeStatic (closure.clj:3132)
    cljs.closure$build.invoke (closure.clj:3040)
    cljs.build.api$build.invokeStatic (api.clj:227)
    cljs.build.api$build.invoke (api.clj:210)
    figwheel_sidecar.components.cljs_autobuild$cljs_build.invokeStatic (cljs_autobuild.clj:28)
    figwheel_sidecar.components.cljs_autobuild$cljs_build.invoke (cljs_autobuild.clj:27)
    figwheel_sidecar.build_middleware.injection$hook$fn__20186.invoke (injection.clj:100)
    figwheel_sidecar.components.cljs_autobuild$notify_command_hook$fn__20509.invoke (cljs_autobuild.clj:69)
    figwheel_sidecar.components.cljs_autobuild$figwheel_start_and_end_messages$fn__20499.invoke (cljs_autobuild.clj:48)
    figwheel_sidecar.build_middleware.notifications$hook$fn__20367.invoke (notifications.clj:179)
    figwheel_sidecar.build_middleware.clj_reloading$hook$fn__20424.invoke (clj_reloading.clj:111)
    figwheel_sidecar.build_middleware.javascript_reloading$hook$fn__20458.invoke (javascript_reloading.clj:48)
    figwheel_sidecar.components.cljs_autobuild$color_output$fn__20513.invoke (cljs_autobuild.clj:80)
    figwheel_sidecar.components.cljs_autobuild$execute_build$fn__20555.invoke (cljs_autobuild.clj:234)
    figwheel_sidecar.utils$sync_exec$fn__524$fn__525.invoke (utils.clj:13)
    figwheel_sidecar.utils$sync_exec$fn__524.invoke (utils.clj:12)
    clojure.core$binding_conveyor_fn$fn__5754.invoke (core.clj:2033)
    clojure.lang.AFn.applyToHelper (AFn.java:154)
    clojure.lang.RestFn.applyTo (RestFn.java:132)
    clojure.lang.Agent$Action.doRun (Agent.java:114)
    clojure.lang.Agent$Action.run (Agent.java:163)
    java.util.concurrent.ThreadPoolExecutor.runWorker (ThreadPoolExecutor.java:1128)
    java.util.concurrent.ThreadPoolExecutor$Worker.run (ThreadPoolExecutor.java:628)
    java.lang.Thread.run (Thread.java:834)

Compiling build :app to "public/js/app.js" from ["src" "env/dev/cljs"]...
[32mSuccessfully compiled build :app to "public/js/app.js" in 1.422 seconds.[0m
notifying browser that file changed:  public/js/out/cljs_deps.js
notifying browser that file changed:  public/js/out/crud/db.js
notifying browser that file changed:  public/js/out/crud/events.js
notifying browser that file changed:  public/js/out/crud/core.js
Compiling build :app to "public/js/app.js" from ["src" "env/dev/cljs"]...
[32mSuccessfully compiled build :app to "public/js/app.js" in 0.61 seconds.[0m
notifying browser that file changed:  public/js/out/crud/db.js
Compiling build :app to "public/js/app.js" from ["src" "env/dev/cljs"]...
[32mSuccessfully compiled build :app to "public/js/app.js" in 0.741 seconds.[0m
notifying browser that file changed:  public/js/out/crud/ui.js
Compiling build :app to "public/js/app.js" from ["src" "env/dev/cljs"]...
[32mSuccessfully compiled build :app to "public/js/app.js" in 0.714 seconds.[0m
notifying browser that file changed:  public/js/out/crud/events.js
Compiling build :app to "public/js/app.js" from ["src" "env/dev/cljs"]...
[32mSuccessfully compiled build :app to "public/js/app.js" in 0.721 seconds.[0m
notifying browser that file changed:  public/js/out/crud/events.js
notifying browser that file changed:  public/js/out/crud/ui.js
Compiling build :app to "public/js/app.js" from ["src" "env/dev/cljs"]...
[32mSuccessfully compiled build :app to "public/js/app.js" in 0.723 seconds.[0m
notifying browser that file changed:  public/js/out/cljs_deps.js
notifying browser that file changed:  public/js/out/crud/events.js
notifying browser that file changed:  public/js/out/crud/ui.js
Compiling build :app to "public/js/app.js" from ["src" "env/dev/cljs"]...
[32mSuccessfully compiled build :app to "public/js/app.js" in 0.694 seconds.[0m
notifying browser that file changed:  public/js/out/crud/events.js
notifying browser that file changed:  public/js/out/crud/ui.js
Compiling build :app to "public/js/app.js" from ["src" "env/dev/cljs"]...
[32mSuccessfully compiled build :app to "public/js/app.js" in 0.849 seconds.[0m
notifying browser that file changed:  public/js/out/crud/events.js
notifying browser that file changed:  public/js/out/crud/subs.js
Compiling build :app to "public/js/app.js" from ["src" "env/dev/cljs"]...
[32mSuccessfully compiled build :app to "public/js/app.js" in 0.775 seconds.[0m
notifying browser that file changed:  public/js/out/cljs_deps.js
notifying browser that file changed:  public/js/out/crud/ui.js
Compiling build :app to "public/js/app.js" from ["src" "env/dev/cljs"]...
[32mSuccessfully compiled build :app to "public/js/app.js" in 0.692 seconds.[0m
notifying browser that file changed:  public/js/out/cljs_deps.js
notifying browser that file changed:  public/js/out/crud/ui.js
Compiling build :app to "public/js/app.js" from ["src" "env/dev/cljs"]...
[36m----  Compiler Warning on   src/cljs/crud/ui.cljs   line:66  column:26  ----[0m

  [1mWrong number of args (0) passed to re-frame.core/subscribe[0m

  [36m62[0m  [36m           :class "in"[0m
  [36m63[0m  [36m           :type "text"[0m
  [36m64[0m  [36m           :name "fname"[0m
  [36m65[0m  [36m           :required "required"[0m
  [33m66[0m  [1m           :value @(r/subscribe )[0m
  [0m  [0m  [33m                   ^--- Wrong number of args (0) passed to re-frame.core/subscribe[0m
  [36m67[0m  [36m           }]][0m
  [36m68[0m  [36m[:p "Gender: "[0m
  [36m69[0m  [36m [:label[0m
  [36m70[0m  [36m  [:input {[0m
  [36m71[0m  [36m            :type "radio"[0m

[36m----  Compiler Warning : Please see src/cljs/crud/ui.cljs  ----[0m
[32mSuccessfully compiled build :app to "public/js/app.js" in 0.79 seconds.[0m
notifying browser that file changed:  public/js/out/crud/ui.js
Compiling build :app to "public/js/app.js" from ["src" "env/dev/cljs"]...
[32mSuccessfully compiled build :app to "public/js/app.js" in 0.722 seconds.[0m
notifying browser that file changed:  public/js/out/cljs_deps.js
notifying browser that file changed:  public/js/out/crud/ui.js
Compiling build :app to "public/js/app.js" from ["src" "env/dev/cljs"]...
[32mSuccessfully compiled build :app to "public/js/app.js" in 0.734 seconds.[0m
notifying browser that file changed:  public/js/out/crud/ui.js
Compiling build :app to "public/js/app.js" from ["src" "env/dev/cljs"]...
[32mSuccessfully compiled build :app to "public/js/app.js" in 0.725 seconds.[0m
notifying browser that file changed:  public/js/out/crud/ui.js
Compiling build :app to "public/js/app.js" from ["src" "env/dev/cljs"]...
[36m----  Compiler Warning on   src/cljs/crud/events.cljs   line:14  column:5  ----[0m

  [1mUse of undeclared Var crud.db/default-db[0m

  [36m11[0m  [36m(r/reg-event-db[0m
  [36m12[0m  [36m  ::initialize-db[0m
  [36m13[0m  [36m  (fn [_ _][0m
  [33m14[0m  [1m    db/default-db))[0m
  [0m  [0m  [33m    ^--- Use of undeclared Var crud.db/default-db[0m

[36m----  Compiler Warning : Please see src/cljs/crud/events.cljs  ----[0m
[32mSuccessfully compiled build :app to "public/js/app.js" in 0.767 seconds.[0m
notifying browser that file changed:  public/js/out/crud/db.js
Compiling build :app to "public/js/app.js" from ["src" "env/dev/cljs"]...
[36m----  Compiler Warning on   src/cljs/crud/events.cljs   line:14  column:5  ----[0m

  [1mUse of undeclared Var crud.db/db[0m

  [36m11[0m  [36m(r/reg-event-db[0m
  [36m12[0m  [36m  :initialize-db[0m
  [36m13[0m  [36m  (fn [_ _][0m
  [33m14[0m  [1m    db/db))[0m
  [0m  [0m  [33m    ^--- Use of undeclared Var crud.db/db[0m

[36m----  Compiler Warning : Please see src/cljs/crud/events.cljs  ----[0m
[32mSuccessfully compiled build :app to "public/js/app.js" in 0.752 seconds.[0m
notifying browser that file changed:  public/js/out/crud/events.js
notifying browser that file changed:  public/js/out/crud/core.js
Compiling build :app to "public/js/app.js" from ["src" "env/dev/cljs"]...
[32mSuccessfully compiled build :app to "public/js/app.js" in 0.645 seconds.[0m
notifying browser that file changed:  public/js/out/crud/core.js
Compiling build :app to "public/js/app.js" from ["src" "env/dev/cljs"]...
[32mSuccessfully compiled build :app to "public/js/app.js" in 0.714 seconds.[0m
notifying browser that file changed:  public/js/out/crud/ui.js
Compiling build :app to "public/js/app.js" from ["src" "env/dev/cljs"]...
[32mSuccessfully compiled build :app to "public/js/app.js" in 0.646 seconds.[0m
notifying browser that file changed:  public/js/out/crud/ui.js
Compiling build :app to "public/js/app.js" from ["src" "env/dev/cljs"]...
[31mFailed to compile build :app from ["src" "env/dev/cljs"] in 0.598 seconds.[0m
[36m----  Could not Read  src/cljs/crud/ui.cljs   line:68 ----[0m

  [1m/home/vladimir/Documents/Work/HS_admission_task/crud/src/cljs/crud/ui.cljs [line 68, col 19] The map literal starting with :class on line 62 column 16 contains 9 form(s). Map literals must contain an even number of forms.[0m

  [36m66[0m  [36m           :required "required"[0m
  [36m67[0m  [36m           :on-change [0m
  [33m68[0m  [1m           }]][0m
  [0m  [0m  [33m           /home/vladimir/Documents/Work/HS_admission_task/crud/src/cljs/crud/ui.cljs [line 68, col 19] The map literal starting with :class on line 62 column 16 contains 9 form(s). Map literals must contain an even number of forms.[0m
  [36m69[0m  [36m[:p "Gender: "[0m
  [36m70[0m  [36m [:label[0m
  [36m71[0m  [36m  [:input {[0m

[36m----  Reader Error : Please see src/cljs/crud/ui.cljs  ----[0m
Compiling build :app to "public/js/app.js" from ["src" "env/dev/cljs"]...
[31mFailed to compile build :app from ["src" "env/dev/cljs"] in 0.486 seconds.[0m
[36m----  Could not Read  src/cljs/crud/ui.cljs   line:68 ----[0m

  [1m/home/vladimir/Documents/Work/HS_admission_task/crud/src/cljs/crud/ui.cljs [line 68, col 19] The map literal starting with :class on line 62 column 16 contains 9 form(s). Map literals must contain an even number of forms.[0m

  [36m66[0m  [36m           :required "required"[0m
  [36m67[0m  [36m           :on-change[0m
  [33m68[0m  [1m           }]][0m
  [0m  [0m  [33m           /home/vladimir/Documents/Work/HS_admission_task/crud/src/cljs/crud/ui.cljs [line 68, col 19] The map literal starting with :class on line 62 column 16 contains 9 form(s). Map literals must contain an even number of forms.[0m
  [36m69[0m  [36m[:p "Gender: "[0m
  [36m70[0m  [36m [:label[0m
  [36m71[0m  [36m  [:input {[0m

[36m----  Reader Error : Please see src/cljs/crud/ui.cljs  ----[0m
Compiling build :app to "public/js/app.js" from ["src" "env/dev/cljs"]...
[31mFailed to compile build :app from ["src" "env/dev/cljs"] in 0.447 seconds.[0m
[36m----  Could not Read  src/cljs/crud/ui.cljs   line:67 ----[0m

  [1m/home/vladimir/Documents/Work/HS_admission_task/crud/src/cljs/crud/ui.cljs [line 67, col 44] Invalid keyword: :.[0m

  [36m65[0m  [36m           :name "fname"[0m
  [36m66[0m  [36m           :required "required"[0m
  [33m67[0m  [1m           :on-change #(r/dispatch [:])[0m
  [0m  [0m  [33m           /home/vladimir/Documents/Work/HS_admission_task/crud/src/cljs/crud/ui.cljs [line 67, col 44] Invalid keyword: :.[0m
  [36m68[0m  [36m           }]][0m
  [36m69[0m  [36m[:p "Gender: "[0m
  [36m70[0m  [36m [:label[0m

[36m----  Reader Error : Please see src/cljs/crud/ui.cljs  ----[0m
Compiling build :app to "public/js/app.js" from ["src" "env/dev/cljs"]...
[31mFailed to compile build :app from ["src" "env/dev/cljs"] in 0.426 seconds.[0m
[36m----  Could not Compile  src/cljs/crud/ui.cljs  ----[0m

  [1mfailed compiling file:/home/vladimir/Documents/Work/HS_admission_task/crud/src/cljs/crud/ui.cljs[0m

[36m----  Compiler Error : Please see src/cljs/crud/ui.cljs  ----[0m
Compiling build :app to "public/js/app.js" from ["src" "env/dev/cljs"]...
[32mSuccessfully compiled build :app to "public/js/app.js" in 0.647 seconds.[0m
notifying browser that file changed:  public/js/out/crud/ui.js
Compiling build :app to "public/js/app.js" from ["src" "env/dev/cljs"]...
[36m----  Compiler Warning on   src/cljs/crud/ui.cljs   line:67  column:37  ----[0m

  [1mWrong number of args (0) passed to re-frame.core/dispatch[0m

  [36m63[0m  [36m           :class "in"[0m
  [36m64[0m  [36m           :type "text"[0m
  [36m65[0m  [36m           :name "fname"[0m
  [36m66[0m  [36m           :required "required"[0m
  [33m67[0m  [1m           :on-change (fn [e] (r/dispatch ))[0m
  [0m  [0m  [33m                              ^--- Wrong number of args (0) passed to re-frame.core/dispatch[0m
  [36m68[0m  [36m           }]][0m
  [36m69[0m  [36m[:p "Gender: "[0m
  [36m70[0m  [36m [:label[0m
  [36m71[0m  [36m  [:input {[0m
  [36m72[0m  [36m            :type "radio"[0m

[36m----  Compiler Warning : Please see src/cljs/crud/ui.cljs  ----[0m
[32mSuccessfully compiled build :app to "public/js/app.js" in 0.72 seconds.[0m
notifying browser that file changed:  public/js/out/crud/ui.js
Compiling build :app to "public/js/app.js" from ["src" "env/dev/cljs"]...
[32mSuccessfully compiled build :app to "public/js/app.js" in 0.695 seconds.[0m
notifying browser that file changed:  public/js/out/crud/ui.js
Compiling build :app to "public/js/app.js" from ["src" "env/dev/cljs"]...
[32mSuccessfully compiled build :app to "public/js/app.js" in 0.612 seconds.[0m
notifying browser that file changed:  public/js/out/crud/ui.js
Compiling build :app to "public/js/app.js" from ["src" "env/dev/cljs"]...
[32mSuccessfully compiled build :app to "public/js/app.js" in 0.681 seconds.[0m
notifying browser that file changed:  public/js/out/crud/ui.js
Compiling build :app to "public/js/app.js" from ["src" "env/dev/cljs"]...
[36m----  Compiler Warning on   src/cljs/crud/ui.cljs   line:67  column:65  ----[0m

  [1mUse of undeclared Var crud.ui/gettext[0m

  [36m63[0m  [36m           :class "in"[0m
  [36m64[0m  [36m           :type "text"[0m
  [36m65[0m  [36m           :name "fname"[0m
  [36m66[0m  [36m           :required "required"[0m
  [33m67[0m  [1m           :on-change (fn [e] (r/dispatch [:name-changed (gettext )]))[0m
  [0m  [0m  [33m                                                          ^--- Use of undeclared Var crud.ui/gettext[0m
  [36m68[0m  [36m           }]][0m
  [36m69[0m  [36m[:p "Gender: "[0m
  [36m70[0m  [36m [:label[0m
  [36m71[0m  [36m  [:input {[0m
  [36m72[0m  [36m            :type "radio"[0m

[36m----  Compiler Warning : Please see src/cljs/crud/ui.cljs  ----[0m
[32mSuccessfully compiled build :app to "public/js/app.js" in 0.687 seconds.[0m
notifying browser that file changed:  public/js/out/crud/ui.js
Compiling build :app to "public/js/app.js" from ["src" "env/dev/cljs"]...
[32mSuccessfully compiled build :app to "public/js/app.js" in 0.651 seconds.[0m
notifying browser that file changed:  public/js/out/crud/ui.js
Compiling build :app to "public/js/app.js" from ["src" "env/dev/cljs"]...
[31mFailed to compile build :app from ["src" "env/dev/cljs"] in 0.492 seconds.[0m
[36m----  Could not Read  src/cljs/crud/ui.cljs   line:69 ----[0m

  [1m/home/vladimir/Documents/Work/HS_admission_task/crud/src/cljs/crud/ui.cljs [line 69, col 19] The map literal starting with :class on line 62 column 16 contains 11 form(s). Map literals must contain an even number of forms.[0m

  [36m67[0m  [36m           :on-change (fn [e] (r/dispatch [:name-change e]))[0m
  [36m68[0m  [36m           :on-error [0m
  [33m69[0m  [1m           }]][0m
  [0m  [0m  [33m           /home/vladimir/Documents/Work/HS_admission_task/crud/src/cljs/crud/ui.cljs [line 69, col 19] The map literal starting with :class on line 62 column 16 contains 11 form(s). Map literals must contain an even number of forms.[0m
  [36m70[0m  [36m[:p "Gender: "[0m
  [36m71[0m  [36m [:label[0m
  [36m72[0m  [36m  [:input {[0m

[36m----  Reader Error : Please see src/cljs/crud/ui.cljs  ----[0m
Compiling build :app to "public/js/app.js" from ["src" "env/dev/cljs"]...
[31mFailed to compile build :app from ["src" "env/dev/cljs"] in 0.444 seconds.[0m
[36m----  Could not Read  src/cljs/crud/ui.cljs   line:69 ----[0m

  [1m/home/vladimir/Documents/Work/HS_admission_task/crud/src/cljs/crud/ui.cljs [line 69, col 19] The map literal starting with :class on line 62 column 16 contains 11 form(s). Map literals must contain an even number of forms.[0m

  [36m67[0m  [36m           :on-change (fn [e] (r/dispatch [:name-change e]))[0m
  [36m68[0m  [36m           :error-message [0m
  [33m69[0m  [1m           }]][0m
  [0m  [0m  [33m           /home/vladimir/Documents/Work/HS_admission_task/crud/src/cljs/crud/ui.cljs [line 69, col 19] The map literal starting with :class on line 62 column 16 contains 11 form(s). Map literals must contain an even number of forms.[0m
  [36m70[0m  [36m[:p "Gender: "[0m
  [36m71[0m  [36m [:label[0m
  [36m72[0m  [36m  [:input {[0m

[36m----  Reader Error : Please see src/cljs/crud/ui.cljs  ----[0m
Compiling build :app to "public/js/app.js" from ["src" "env/dev/cljs"]...
[32mSuccessfully compiled build :app to "public/js/app.js" in 0.683 seconds.[0m
notifying browser that file changed:  public/js/out/crud/ui.js
Compiling build :app to "public/js/app.js" from ["src" "env/dev/cljs"]...
[32mSuccessfully compiled build :app to "public/js/app.js" in 0.701 seconds.[0m
notifying browser that file changed:  public/js/out/crud/ui.js
Compiling build :app to "public/js/app.js" from ["src" "env/dev/cljs"]...
[32mSuccessfully compiled build :app to "public/js/app.js" in 0.701 seconds.[0m
notifying browser that file changed:  public/js/out/crud/ui.js
Compiling build :app to "public/js/app.js" from ["src" "env/dev/cljs"]...
[36m----  Compiler Warning on   src/cljs/crud/ui.cljs   line:62  column:12  ----[0m

  [1mUse of undeclared Var crud.ui/Input[0m

  [36m58[0m  [36m[:div {:class "container"}[0m
  [36m59[0m  [36m [:div#patient[0m
  [36m60[0m  [36m  [:h3 "Creating patient"][0m
  [36m61[0m  [36m  [:p "Full name: "[0m
  [33m62[0m  [1m   [:> Input {[0m
  [0m  [0m  [33m       ^--- Use of undeclared Var crud.ui/Input[0m
  [36m63[0m  [36m             :class "in"[0m
  [36m64[0m  [36m             :type "text"[0m
  [36m65[0m  [36m             :name "fname"[0m
  [36m66[0m  [36m             :required "required"[0m
  [36m67[0m  [36m             :on-change (fn [e] (r/dispatch [:name-change e]))[0m

[36m----  Compiler Warning : Please see src/cljs/crud/ui.cljs  ----[0m
[32mSuccessfully compiled build :app to "public/js/app.js" in 0.742 seconds.[0m
notifying browser that file changed:  public/js/out/crud/ui.js
Compiling build :app to "public/js/app.js" from ["src" "env/dev/cljs"]...
[32mSuccessfully compiled build :app to "public/js/app.js" in 0.736 seconds.[0m
notifying browser that file changed:  public/js/out/crud/ui.js
Compiling build :app to "public/js/app.js" from ["src" "env/dev/cljs"]...
[36m----  Compiler Warning on   src/cljs/crud/events.cljs   line:19  column:5  ----[0m

  [1mUse of undeclared Var crud.db/db[0m

  [36m16[0m  [36m(r/reg-event-db[0m
  [36m17[0m  [36m  :initialize-db[0m
  [36m18[0m  [36m  (fn [_ _][0m
  [33m19[0m  [1m    db/db))[0m
  [0m  [0m  [33m    ^--- Use of undeclared Var crud.db/db[0m

[36m----  Compiler Warning : Please see src/cljs/crud/events.cljs  ----[0m
[32mSuccessfully compiled build :app to "public/js/app.js" in 0.703 seconds.[0m
notifying browser that file changed:  public/js/out/crud/events.js
notifying browser that file changed:  public/js/out/crud/ui.js
Compiling build :app to "public/js/app.js" from ["src" "env/dev/cljs"]...
[32mSuccessfully compiled build :app to "public/js/app.js" in 0.604 seconds.[0m
notifying browser that file changed:  public/js/out/crud/ui.js
Compiling build :app to "public/js/app.js" from ["src" "env/dev/cljs"]...
[36m----  Compiler Warning on   src/cljs/crud/events.cljs   line:19  column:5  ----[0m

  [1mUse of undeclared Var crud.db/db[0m

  [36m16[0m  [36m(r/reg-event-db[0m
  [36m17[0m  [36m  :initialize-db[0m
  [36m18[0m  [36m  (fn [_ _][0m
  [33m19[0m  [1m    db/db))[0m
  [0m  [0m  [33m    ^--- Use of undeclared Var crud.db/db[0m

[36m----  Compiler Warning : Please see src/cljs/crud/events.cljs  ----[0m
[32mSuccessfully compiled build :app to "public/js/app.js" in 0.728 seconds.[0m
notifying browser that file changed:  public/js/out/crud/events.js
notifying browser that file changed:  public/js/out/crud/ui.js
Compiling build :app to "public/js/app.js" from ["src" "env/dev/cljs"]...
[32mSuccessfully compiled build :app to "public/js/app.js" in 0.591 seconds.[0m
notifying browser that file changed:  public/js/out/crud/ui.js
Compiling build :app to "public/js/app.js" from ["src" "env/dev/cljs"]...
[32mSuccessfully compiled build :app to "public/js/app.js" in 0.693 seconds.[0m
notifying browser that file changed:  public/js/out/crud/ui.js
Compiling build :app to "public/js/app.js" from ["src" "env/dev/cljs"]...
[36m----  Compiler Warning on   src/cljs/crud/events.cljs   line:19  column:5  ----[0m

  [1mUse of undeclared Var crud.db/db[0m

  [36m16[0m  [36m(r/reg-event-db[0m
  [36m17[0m  [36m  :initialize-db[0m
  [36m18[0m  [36m  (fn [_ _][0m
  [33m19[0m  [1m    db/db))[0m
  [0m  [0m  [33m    ^--- Use of undeclared Var crud.db/db[0m

[36m----  Compiler Warning : Please see src/cljs/crud/events.cljs  ----[0m
[32mSuccessfully compiled build :app to "public/js/app.js" in 0.83 seconds.[0m
notifying browser that file changed:  public/js/out/crud/events.js
Figwheel: Can't open  ("src/cljs/crud/events.cljs" 19 5) No :open-file-command supplied in the config.
Compiling build :app to "public/js/app.js" from ["src" "env/dev/cljs"]...
[32mSuccessfully compiled build :app to "public/js/app.js" in 0.701 seconds.[0m
notifying browser that file changed:  public/js/out/crud/events.js
Compiling build :app to "public/js/app.js" from ["src" "env/dev/cljs"]...
[32mSuccessfully compiled build :app to "public/js/app.js" in 0.718 seconds.[0m
notifying browser that file changed:  public/js/out/crud/events.js
Compiling build :app to "public/js/app.js" from ["src" "env/dev/cljs"]...
[32mSuccessfully compiled build :app to "public/js/app.js" in 0.717 seconds.[0m
notifying browser that file changed:  public/js/out/crud/events.js
Compiling build :app to "public/js/app.js" from ["src" "env/dev/cljs"]...
[36m----  Compiler Warning on   src/cljs/crud/events.cljs   line:14  column:4  ----[0m

  [1mWrong number of args (0) passed to cljs.core/assoc[0m

  [36m11[0m  [36m(r/reg-event-db[0m
  [36m12[0m  [36m  :name-changed[0m
  [36m13[0m  [36m (fn [db [_ name]][0m
  [33m14[0m  [1m   (assoc )))[0m
  [0m  [0m  [33m   ^--- Wrong number of args (0) passed to cljs.core/assoc[0m
  [36m15[0m  [36m[0m
  [36m16[0m  [36m(r/reg-event-db[0m
  [36m17[0m  [36m  :initialize-db[0m
  [36m18[0m  [36m  (fn [_ _][0m
  [36m19[0m  [36m    db/state))[0m

[36m----  Compiler Warning : Please see src/cljs/crud/events.cljs  ----[0m
[32mSuccessfully compiled build :app to "public/js/app.js" in 0.716 seconds.[0m
notifying browser that file changed:  public/js/out/crud/events.js
Compiling build :app to "public/js/app.js" from ["src" "env/dev/cljs"]...
[36m----  Compiler Warning on   src/cljs/crud/events.cljs   line:14  column:4  ----[0m

  [1mWrong number of args (2) passed to cljs.core/assoc[0m

  [36m11[0m  [36m(r/reg-event-db[0m
  [36m12[0m  [36m  :name-changed[0m
  [36m13[0m  [36m (fn [db [_ name]][0m
  [33m14[0m  [1m   (assoc db :name )))[0m
  [0m  [0m  [33m   ^--- Wrong number of args (2) passed to cljs.core/assoc[0m
  [36m15[0m  [36m[0m
  [36m16[0m  [36m(r/reg-event-db[0m
  [36m17[0m  [36m  :initialize-db[0m
  [36m18[0m  [36m  (fn [_ _][0m
  [36m19[0m  [36m    db/state))[0m

[36m----  Compiler Warning : Please see src/cljs/crud/events.cljs  ----[0m
[32mSuccessfully compiled build :app to "public/js/app.js" in 0.686 seconds.[0m
notifying browser that file changed:  public/js/out/crud/events.js
Compiling build :app to "public/js/app.js" from ["src" "env/dev/cljs"]...
[32mSuccessfully compiled build :app to "public/js/app.js" in 0.652 seconds.[0m
notifying browser that file changed:  public/js/out/crud/events.js
Compiling build :app to "public/js/app.js" from ["src" "env/dev/cljs"]...
[32mSuccessfully compiled build :app to "public/js/app.js" in 0.71 seconds.[0m
notifying browser that file changed:  public/js/out/crud/events.js
Compiling build :app to "public/js/app.js" from ["src" "env/dev/cljs"]...
[32mSuccessfully compiled build :app to "public/js/app.js" in 0.718 seconds.[0m
notifying browser that file changed:  public/js/out/crud/events.js
Compiling build :app to "public/js/app.js" from ["src" "env/dev/cljs"]...
[32mSuccessfully compiled build :app to "public/js/app.js" in 0.708 seconds.[0m
notifying browser that file changed:  public/js/out/crud/events.js
Compiling build :app to "public/js/app.js" from ["src" "env/dev/cljs"]...
[32mSuccessfully compiled build :app to "public/js/app.js" in 0.742 seconds.[0m
notifying browser that file changed:  public/js/out/crud/subs.js
Compiling build :app to "public/js/app.js" from ["src" "env/dev/cljs"]...
[32mSuccessfully compiled build :app to "public/js/app.js" in 0.732 seconds.[0m
notifying browser that file changed:  public/js/out/crud/ui.js
Compiling build :app to "public/js/app.js" from ["src" "env/dev/cljs"]...
[32mSuccessfully compiled build :app to "public/js/app.js" in 0.7 seconds.[0m
notifying browser that file changed:  public/js/out/crud/ui.js
Compiling build :app to "public/js/app.js" from ["src" "env/dev/cljs"]...
[32mSuccessfully compiled build :app to "public/js/app.js" in 0.663 seconds.[0m
notifying browser that file changed:  public/js/out/crud/ui.js
Compiling build :app to "public/js/app.js" from ["src" "env/dev/cljs"]...
[32mSuccessfully compiled build :app to "public/js/app.js" in 0.713 seconds.[0m
notifying browser that file changed:  public/js/out/crud/events.js
notifying browser that file changed:  public/js/out/crud/ui.js
Compiling build :app to "public/js/app.js" from ["src" "env/dev/cljs"]...
[32mSuccessfully compiled build :app to "public/js/app.js" in 0.647 seconds.[0m
notifying browser that file changed:  public/js/out/crud/ui.js
Compiling build :app to "public/js/app.js" from ["src" "env/dev/cljs"]...
[32mSuccessfully compiled build :app to "public/js/app.js" in 0.694 seconds.[0m
notifying browser that file changed:  public/js/out/crud/events.js
Compiling build :app to "public/js/app.js" from ["src" "env/dev/cljs"]...
[32mSuccessfully compiled build :app to "public/js/app.js" in 0.72 seconds.[0m
notifying browser that file changed:  public/js/out/crud/events.js
Compiling build :app to "public/js/app.js" from ["src" "env/dev/cljs"]...
[32mSuccessfully compiled build :app to "public/js/app.js" in 0.706 seconds.[0m
notifying browser that file changed:  public/js/out/crud/events.js
Compiling build :app to "public/js/app.js" from ["src" "env/dev/cljs"]...
[32mSuccessfully compiled build :app to "public/js/app.js" in 0.74 seconds.[0m
notifying browser that file changed:  public/js/out/crud/events.js
Compiling build :app to "public/js/app.js" from ["src" "env/dev/cljs"]...
[32mSuccessfully compiled build :app to "public/js/app.js" in 0.726 seconds.[0m
notifying browser that file changed:  public/js/out/crud/events.js
notifying browser that file changed:  public/js/out/crud/ui.js
Compiling build :app to "public/js/app.js" from ["src" "env/dev/cljs"]...
[32mSuccessfully compiled build :app to "public/js/app.js" in 0.669 seconds.[0m
notifying browser that file changed:  public/js/out/crud/ui.js
Compiling build :app to "public/js/app.js" from ["src" "env/dev/cljs"]...
[32mSuccessfully compiled build :app to "public/js/app.js" in 0.73 seconds.[0m
notifying browser that file changed:  public/js/out/crud/events.js
Compiling build :app to "public/js/app.js" from ["src" "env/dev/cljs"]...
[32mSuccessfully compiled build :app to "public/js/app.js" in 0.68 seconds.[0m
notifying browser that file changed:  public/js/out/crud/ui.js
Compiling build :app to "public/js/app.js" from ["src" "env/dev/cljs"]...
[36m----  Compiler Warning on   src/cljs/crud/events.cljs   line:15  column:4  ----[0m

  [1mWrong number of args (2) passed to cljs.core/assoc[0m

  [36m11[0m  [36m(r/reg-event-db[0m
  [36m12[0m  [36m  :name-changed[0m
  [36m13[0m  [36m (fn [db [_ e]][0m
  [36m14[0m  [36m   (.log js/console "Event " e)[0m
  [33m15[0m  [1m   (assoc db :name )))[0m
  [0m  [0m  [33m   ^--- Wrong number of args (2) passed to cljs.core/assoc[0m
  [36m16[0m  [36m[0m
  [36m17[0m  [36m(r/reg-event-db[0m
  [36m18[0m  [36m  :initialize-db[0m
  [36m19[0m  [36m  (fn [_ _][0m
  [36m20[0m  [36m    db/state))[0m

[36m----  Compiler Warning : Please see src/cljs/crud/events.cljs  ----[0m
[32mSuccessfully compiled build :app to "public/js/app.js" in 0.811 seconds.[0m
notifying browser that file changed:  public/js/out/crud/events.js
Compiling build :app to "public/js/app.js" from ["src" "env/dev/cljs"]...
[31mFailed to compile build :app from ["src" "env/dev/cljs"] in 0.395 seconds.[0m
[36m----  Could not Analyze  src/cljs/crud/events.cljs   line:15  column:20  ----[0m

  [1mWrong number of args (0) passed to: clojure.core/->[0m

  [36m13[0m  [36m (fn [db [_ e]][0m
  [36m14[0m  [36m   (.log js/console "Event " e)[0m
  [33m15[0m  [1m   (assoc db :name (-> ))))[0m
  [0m  [0m  [33m                   ^--- Wrong number of args (0) passed to: clojure.core/->[0m
  [36m16[0m  [36m[0m
  [36m17[0m  [36m(r/reg-event-db[0m
  [36m18[0m  [36m  :initialize-db[0m

[36m----  Analysis Error : Please see src/cljs/crud/events.cljs  ----[0m
Compiling build :app to "public/js/app.js" from ["src" "env/dev/cljs"]...
[32mSuccessfully compiled build :app to "public/js/app.js" in 0.735 seconds.[0m
notifying browser that file changed:  public/js/out/crud/events.js
Compiling build :app to "public/js/app.js" from ["src" "env/dev/cljs"]...
[32mSuccessfully compiled build :app to "public/js/app.js" in 0.733 seconds.[0m
notifying browser that file changed:  public/js/out/crud/events.js
Compiling build :app to "public/js/app.js" from ["src" "env/dev/cljs"]...
[32mSuccessfully compiled build :app to "public/js/app.js" in 0.752 seconds.[0m
notifying browser that file changed:  public/js/out/crud/events.js
notifying browser that file changed:  public/js/out/crud/ui.js
Compiling build :app to "public/js/app.js" from ["src" "env/dev/cljs"]...
[32mSuccessfully compiled build :app to "public/js/app.js" in 0.69 seconds.[0m
notifying browser that file changed:  public/js/out/crud/ui.js
Compiling build :app to "public/js/app.js" from ["src" "env/dev/cljs"]...
[32mSuccessfully compiled build :app to "public/js/app.js" in 0.705 seconds.[0m
notifying browser that file changed:  public/js/out/crud/ui.js
Compiling build :app to "public/js/app.js" from ["src" "env/dev/cljs"]...
[31mFailed to compile build :app from ["src" "env/dev/cljs"] in 0.429 seconds.[0m
[36m----  Could not Read  src/cljs/crud/ui.cljs   line:70 ----[0m

  [1m/home/vladimir/Documents/Work/HS_admission_task/crud/src/cljs/crud/ui.cljs [line 70, col 19] Invalid symbol: Gender:.[0m

  [36m68[0m  [36m           }]][0m
  [36m69[0m  [36m[:h3 (str "New name " @(r/subscribe [:name]))][0m
  [33m70[0m  [1m[:p "Gender: "[0m
  [0m  [0m  [33m/home/vladimir/Documents/Work/HS_admission_task/crud/src/cljs/crud/ui.cljs [line 70, col 19] Invalid symbol: Gender:.[0m
  [36m71[0m  [36m [:label[0m
  [36m72[0m  [36m  [:input {[0m
  [36m73[0m  [36m            :type "radio"[0m

[36m----  Reader Error : Please see src/cljs/crud/ui.cljs  ----[0m
Compiling build :app to "public/js/app.js" from ["src" "env/dev/cljs"]...
[32mSuccessfully compiled build :app to "public/js/app.js" in 0.646 seconds.[0m
notifying browser that file changed:  public/js/out/crud/ui.js
Compiling build :app to "public/js/app.js" from ["src" "env/dev/cljs"]...
[32mSuccessfully compiled build :app to "public/js/app.js" in 0.835 seconds.[0m
notifying browser that file changed:  public/js/out/crud/ui.js
Compiling build :app to "public/js/app.js" from ["src" "env/dev/cljs"]...
[32mSuccessfully compiled build :app to "public/js/app.js" in 0.822 seconds.[0m
notifying browser that file changed:  public/js/out/crud/ui.js
Compiling build :app to "public/js/app.js" from ["src" "env/dev/cljs"]...
[32mSuccessfully compiled build :app to "public/js/app.js" in 0.712 seconds.[0m
notifying browser that file changed:  public/js/out/crud/ui.js
Compiling build :app to "public/js/app.js" from ["src" "env/dev/cljs"]...
[32mSuccessfully compiled build :app to "public/js/app.js" in 0.762 seconds.[0m
notifying browser that file changed:  public/js/out/crud/events.js
Compiling build :app to "public/js/app.js" from ["src" "env/dev/cljs"]...
[36m----  Compiler Warning on   src/cljs/crud/events.cljs   line:8  column:29  ----[0m

  [1mUse of undeclared Var crud.events/db[0m

  [36m 5[0m  [36m(r/reg-event-fx[0m
  [36m 6[0m  [36m  :create-patient-event[0m
  [36m 7[0m  [36m (fn [_ _][0m
  [33m 8[0m  [1m   (.log js/console "Ouch!" db)[0m
  [0m  [0m  [33m                            ^--- Use of undeclared Var crud.events/db[0m
  [36m 9[0m  [36m   {:name "Vova"}))[0m
  [36m10[0m  [36m[0m
  [36m11[0m  [36m(r/reg-event-db[0m
  [36m12[0m  [36m  :name-changed[0m
  [36m13[0m  [36m (fn [db [_ name]][0m

[36m----  Compiler Warning : Please see src/cljs/crud/events.cljs  ----[0m
[32mSuccessfully compiled build :app to "public/js/app.js" in 0.761 seconds.[0m
notifying browser that file changed:  public/js/out/crud/events.js
Compiling build :app to "public/js/app.js" from ["src" "env/dev/cljs"]...
[32mSuccessfully compiled build :app to "public/js/app.js" in 0.71 seconds.[0m
notifying browser that file changed:  public/js/out/crud/events.js
Compiling build :app to "public/js/app.js" from ["src" "env/dev/cljs"]...
[32mSuccessfully compiled build :app to "public/js/app.js" in 0.73 seconds.[0m
notifying browser that file changed:  public/js/out/crud/events.js
Compiling build :app to "public/js/app.js" from ["src" "env/dev/cljs"]...
[32mSuccessfully compiled build :app to "public/js/app.js" in 0.731 seconds.[0m
notifying browser that file changed:  public/js/out/crud/events.js
Compiling build :app to "public/js/app.js" from ["src" "env/dev/cljs"]...
[32mSuccessfully compiled build :app to "public/js/app.js" in 0.722 seconds.[0m
notifying browser that file changed:  public/js/out/crud/events.js
Compiling build :app to "public/js/app.js" from ["src" "env/dev/cljs"]...
[32mSuccessfully compiled build :app to "public/js/app.js" in 0.704 seconds.[0m
notifying browser that file changed:  public/js/out/crud/events.js
notifying browser that file changed:  public/js/out/crud/ui.js
Compiling build :app to "public/js/app.js" from ["src" "env/dev/cljs"]...
[32mSuccessfully compiled build :app to "public/js/app.js" in 0.643 seconds.[0m
notifying browser that file changed:  public/js/out/crud/subs.js
Compiling build :app to "public/js/app.js" from ["src" "env/dev/cljs"]...
[32mSuccessfully compiled build :app to "public/js/app.js" in 0.654 seconds.[0m
notifying browser that file changed:  public/js/out/crud/ui.js
Compiling build :app to "public/js/app.js" from ["src" "env/dev/cljs"]...
[32mSuccessfully compiled build :app to "public/js/app.js" in 0.704 seconds.[0m
notifying browser that file changed:  public/js/out/crud/ui.js
Compiling build :app to "public/js/app.js" from ["src" "env/dev/cljs"]...
[32mSuccessfully compiled build :app to "public/js/app.js" in 0.658 seconds.[0m
notifying browser that file changed:  public/js/out/crud/ui.js
Compiling build :app to "public/js/app.js" from ["src" "env/dev/cljs"]...
[32mSuccessfully compiled build :app to "public/js/app.js" in 0.69 seconds.[0m
notifying browser that file changed:  public/js/out/crud/ui.js
Compiling build :app to "public/js/app.js" from ["src" "env/dev/cljs"]...
[32mSuccessfully compiled build :app to "public/js/app.js" in 0.688 seconds.[0m
notifying browser that file changed:  public/js/out/crud/ui.js
Compiling build :app to "public/js/app.js" from ["src" "env/dev/cljs"]...
[32mSuccessfully compiled build :app to "public/js/app.js" in 0.712 seconds.[0m
notifying browser that file changed:  public/js/out/crud/ui.js
Compiling build :app to "public/js/app.js" from ["src" "env/dev/cljs"]...
[32mSuccessfully compiled build :app to "public/js/app.js" in 0.725 seconds.[0m
notifying browser that file changed:  public/js/out/crud/ui.js
Compiling build :app to "public/js/app.js" from ["src" "env/dev/cljs"]...
[32mSuccessfully compiled build :app to "public/js/app.js" in 0.737 seconds.[0m
notifying browser that file changed:  public/js/out/crud/ui.js
Compiling build :app to "public/js/app.js" from ["src" "env/dev/cljs"]...
[32mSuccessfully compiled build :app to "public/js/app.js" in 0.649 seconds.[0m
notifying browser that file changed:  public/js/out/crud/ui.js
Compiling build :app to "public/js/app.js" from ["src" "env/dev/cljs"]...
[32mSuccessfully compiled build :app to "public/js/app.js" in 0.67 seconds.[0m
notifying browser that file changed:  public/js/out/crud/events.js
Compiling build :app to "public/js/app.js" from ["src" "env/dev/cljs"]...
[32mSuccessfully compiled build :app to "public/js/app.js" in 0.663 seconds.[0m
notifying browser that file changed:  public/js/out/crud/events.js
Compiling build :app to "public/js/app.js" from ["src" "env/dev/cljs"]...
[32mSuccessfully compiled build :app to "public/js/app.js" in 0.705 seconds.[0m
notifying browser that file changed:  public/js/out/crud/db.js
notifying browser that file changed:  public/js/out/crud/events.js
Compiling build :app to "public/js/app.js" from ["src" "env/dev/cljs"]...
[32mSuccessfully compiled build :app to "public/js/app.js" in 0.624 seconds.[0m
notifying browser that file changed:  public/js/out/crud/db.js
Compiling build :app to "public/js/app.js" from ["src" "env/dev/cljs"]...
[32mSuccessfully compiled build :app to "public/js/app.js" in 0.747 seconds.[0m
notifying browser that file changed:  public/js/out/crud/db.js
notifying browser that file changed:  public/js/out/crud/subs.js
Compiling build :app to "public/js/app.js" from ["src" "env/dev/cljs"]...
[32mSuccessfully compiled build :app to "public/js/app.js" in 0.76 seconds.[0m
notifying browser that file changed:  public/js/out/crud/events.js
notifying browser that file changed:  public/js/out/crud/subs.js
Compiling build :app to "public/js/app.js" from ["src" "env/dev/cljs"]...
[32mSuccessfully compiled build :app to "public/js/app.js" in 0.668 seconds.[0m
notifying browser that file changed:  public/js/out/crud/events.js
Compiling build :app to "public/js/app.js" from ["src" "env/dev/cljs"]...
[31mFailed to compile build :app from ["src" "env/dev/cljs"] in 0.403 seconds.[0m
[36m----  Could not Read  src/cljs/crud/events.cljs   line:15 ----[0m

  [1m/home/vladimir/Documents/Work/HS_admission_task/crud/src/cljs/crud/events.cljs [line 15, col 29] Unmatched delimiter ).[0m

  [36m13[0m  [36m (fn [db [_ name]][0m
  [36m14[0m  [36m   (.log js/console "Name " name)[0m
  [33m15[0m  [1m   (assoc-in db [:name name)))[0m
  [0m  [0m  [33m   /home/vladimir/Documents/Work/HS_admission_task/crud/src/cljs/crud/events.cljs [line 15, col 29] Unmatched delimiter ).[0m
  [36m16[0m  [36m[0m
  [36m17[0m  [36m(r/reg-event-db[0m
  [36m18[0m  [36m :gender-changed[0m

[36m----  Reader Error : Please see src/cljs/crud/events.cljs  ----[0m
Compiling build :app to "public/js/app.js" from ["src" "env/dev/cljs"]...
[32mSuccessfully compiled build :app to "public/js/app.js" in 0.681 seconds.[0m
notifying browser that file changed:  public/js/out/crud/events.js
Compiling build :app to "public/js/app.js" from ["src" "env/dev/cljs"]...
[32mSuccessfully compiled build :app to "public/js/app.js" in 0.703 seconds.[0m
notifying browser that file changed:  public/js/out/crud/subs.js
Compiling build :app to "public/js/app.js" from ["src" "env/dev/cljs"]...
[32mSuccessfully compiled build :app to "public/js/app.js" in 0.712 seconds.[0m
notifying browser that file changed:  public/js/out/crud/db.js
notifying browser that file changed:  public/js/out/crud/events.js
notifying browser that file changed:  public/js/out/crud/subs.js
Compiling build :app to "public/js/app.js" from ["src" "env/dev/cljs"]...
[32mSuccessfully compiled build :app to "public/js/app.js" in 0.621 seconds.[0m
notifying browser that file changed:  public/js/out/crud/db.js
Compiling build :app to "public/js/app.js" from ["src" "env/dev/cljs"]...
[32mSuccessfully compiled build :app to "public/js/app.js" in 0.693 seconds.[0m
notifying browser that file changed:  public/js/out/crud/db.js
Compiling build :app to "public/js/app.js" from ["src" "env/dev/cljs"]...
[32mSuccessfully compiled build :app to "public/js/app.js" in 0.623 seconds.[0m
Compiling build :app to "public/js/app.js" from ["src" "env/dev/cljs"]...
[32mSuccessfully compiled build :app to "public/js/app.js" in 0.7 seconds.[0m
Compiling build :app to "public/js/app.js" from ["src" "env/dev/cljs"]...
[32mSuccessfully compiled build :app to "public/js/app.js" in 0.627 seconds.[0m
Compiling build :app to "public/js/app.js" from ["src" "env/dev/cljs"]...
[36m----  Compiler Warning on   src/cljs/crud/events.cljs   line:10  column:5  ----[0m

  [1mUse of undeclared Var reitit.ring/match[0m

  [36m 6[0m  [36m(r/reg-event-db[0m
  [36m 7[0m  [36m  :create-patient-event[0m
  [36m 8[0m  [36m (fn [db _][0m
  [36m 9[0m  [36m   (.log js/console "name " (:name db) " oms " (:oms db))[0m
  [33m10[0m  [1m   (ring/match)[0m
  [0m  [0m  [33m    ^--- Use of undeclared Var reitit.ring/match[0m
  [36m11[0m  [36m   {}))[0m
  [36m12[0m  [36m[0m
  [36m13[0m  [36m(r/reg-event-db[0m
  [36m14[0m  [36m  :name-changed[0m
  [36m15[0m  [36m (fn [db [_ name]][0m

[36m----  Compiler Warning : Please see src/cljs/crud/events.cljs  ----[0m
[32mSuccessfully compiled build :app to "public/js/app.js" in 0.993 seconds.[0m
notifying browser that file changed:  public/js/out/cljs_deps.js
notifying browser that file changed:  public/js/out/crud/events.js
Compiling build :app to "public/js/app.js" from ["src" "env/dev/cljs"]...
[32mSuccessfully compiled build :app to "public/js/app.js" in 0.774 seconds.[0m
notifying browser that file changed:  public/js/out/cljs_deps.js
notifying browser that file changed:  public/js/out/crud/events.js
Compiling build :app to "public/js/app.js" from ["src" "env/dev/cljs"]...
[31mFailed to compile build :app from ["src" "env/dev/cljs"] in 0.433 seconds.[0m
[36m----  Could not Analyze  src/cljs/crud/events.cljs  ----[0m

  [1mNo such namespace: clj-http.client, could not locate clj_http/client.cljs, clj_http/client.cljc, or JavaScript source providing "clj-http.client" (Please check that namespaces with dashes use underscores in the ClojureScript file name) [0m

[36m----  Analysis Error : Please see src/cljs/crud/events.cljs  ----[0m
Compiling build :app to "public/js/app.js" from ["src" "env/dev/cljs"]...
[31mFailed to compile build :app from ["src" "env/dev/cljs"] in 0.452 seconds.[0m
[36m----  Could not Analyze  src/cljs/crud/events.cljs  ----[0m

  [1mNo such namespace: cljs-http.client, could not locate cljs_http/client.cljs, cljs_http/client.cljc, or JavaScript source providing "cljs-http.client" (Please check that namespaces with dashes use underscores in the ClojureScript file name) [0m

[36m----  Analysis Error : Please see src/cljs/crud/events.cljs  ----[0m
Compiling build :app to "public/js/app.js" from ["src" "env/dev/cljs"]...
[32mSuccessfully compiled build :app to "public/js/app.js" in 0.813 seconds.[0m
notifying browser that file changed:  public/js/out/goog/deps.js
notifying browser that file changed:  public/js/out/cljs_deps.js
notifying browser that file changed:  public/js/out/crud/events.js
Compiling build :app to "public/js/app.js" from ["src" "env/dev/cljs"]...
[32mSuccessfully compiled build :app to "public/js/app.js" in 0.823 seconds.[0m
notifying browser that file changed:  public/js/out/crud/events.js
Compiling build :app to "public/js/app.js" from ["src" "env/dev/cljs"]...
[32mSuccessfully compiled build :app to "public/js/app.js" in 0.79 seconds.[0m
notifying browser that file changed:  public/js/out/crud/events.js
Compiling build :app to "public/js/app.js" from ["src" "env/dev/cljs"]...
[32mSuccessfully compiled build :app to "public/js/app.js" in 0.839 seconds.[0m
notifying browser that file changed:  public/js/out/crud/events.js
Compiling build :app to "public/js/app.js" from ["src" "env/dev/cljs"]...
[32mSuccessfully compiled build :app to "public/js/app.js" in 0.835 seconds.[0m
notifying browser that file changed:  public/js/out/crud/events.js
Compiling build :app to "public/js/app.js" from ["src" "env/dev/cljs"]...
[32mSuccessfully compiled build :app to "public/js/app.js" in 0.786 seconds.[0m
notifying browser that file changed:  public/js/out/crud/events.js
Compiling build :app to "public/js/app.js" from ["src" "env/dev/cljs"]...
[32mSuccessfully compiled build :app to "public/js/app.js" in 0.85 seconds.[0m
notifying browser that file changed:  public/js/out/crud/events.js
Compiling build :app to "public/js/app.js" from ["src" "env/dev/cljs"]...
[32mSuccessfully compiled build :app to "public/js/app.js" in 0.771 seconds.[0m
Compiling build :app to "public/js/app.js" from ["src" "env/dev/cljs"]...
[32mSuccessfully compiled build :app to "public/js/app.js" in 0.783 seconds.[0m
notifying browser that file changed:  public/js/out/crud/events.js
Compiling build :app to "public/js/app.js" from ["src" "env/dev/cljs"]...
[32mSuccessfully compiled build :app to "public/js/app.js" in 0.797 seconds.[0m
notifying browser that file changed:  public/js/out/crud/events.js
Compiling build :app to "public/js/app.js" from ["src" "env/dev/cljs"]...
[32mSuccessfully compiled build :app to "public/js/app.js" in 0.83 seconds.[0m
notifying browser that file changed:  public/js/out/crud/events.js
Compiling build :app to "public/js/app.js" from ["src" "env/dev/cljs"]...
[32mSuccessfully compiled build :app to "public/js/app.js" in 0.762 seconds.[0m
Compiling build :app to "public/js/app.js" from ["src" "env/dev/cljs"]...
[32mSuccessfully compiled build :app to "public/js/app.js" in 0.685 seconds.[0m
Compiling build :app to "public/js/app.js" from ["src" "env/dev/cljs"]...
[32mSuccessfully compiled build :app to "public/js/app.js" in 0.662 seconds.[0m
Compiling build :app to "public/js/app.js" from ["src" "env/dev/cljs"]...
[32mSuccessfully compiled build :app to "public/js/app.js" in 0.756 seconds.[0m
Compiling build :app to "public/js/app.js" from ["src" "env/dev/cljs"]...
[32mSuccessfully compiled build :app to "public/js/app.js" in 0.688 seconds.[0m
Compiling build :app to "public/js/app.js" from ["src" "env/dev/cljs"]...
[32mSuccessfully compiled build :app to "public/js/app.js" in 0.684 seconds.[0m
Compiling build :app to "public/js/app.js" from ["src" "env/dev/cljs"]...
[32mSuccessfully compiled build :app to "public/js/app.js" in 0.827 seconds.[0m
notifying browser that file changed:  public/js/out/crud/events.js
Compiling build :app to "public/js/app.js" from ["src" "env/dev/cljs"]...
[32mSuccessfully compiled build :app to "public/js/app.js" in 0.81 seconds.[0m
notifying browser that file changed:  public/js/out/crud/events.js
Compiling build :app to "public/js/app.js" from ["src" "env/dev/cljs"]...
[32mSuccessfully compiled build :app to "public/js/app.js" in 0.832 seconds.[0m
notifying browser that file changed:  public/js/out/crud/events.js
Compiling build :app to "public/js/app.js" from ["src" "env/dev/cljs"]...
[32mSuccessfully compiled build :app to "public/js/app.js" in 0.764 seconds.[0m
notifying browser that file changed:  public/js/out/cljs_deps.js
notifying browser that file changed:  public/js/out/crud/events.js
Compiling build :app to "public/js/app.js" from ["src" "env/dev/cljs"]...
[32mSuccessfully compiled build :app to "public/js/app.js" in 0.737 seconds.[0m
notifying browser that file changed:  public/js/out/crud/events.js
Compiling build :app to "public/js/app.js" from ["src" "env/dev/cljs"]...
[31mFailed to compile build :app from ["src" "env/dev/cljs"] in 0.475 seconds.[0m
[36m----  Could not Read  src/cljs/crud/events.cljs   line:61 ----[0m

  [1m/home/vladimir/Documents/Work/HS_admission_task/crud/src/cljs/crud/events.cljs [line 61, col 1] Unexpected EOF while reading item 10 of list, starting at line 7 and column 1.[0m

[36m----  Reader Error : Please see src/cljs/crud/events.cljs  ----[0m
Compiling build :app to "public/js/app.js" from ["src" "env/dev/cljs"]...
[32mSuccessfully compiled build :app to "public/js/app.js" in 0.753 seconds.[0m
notifying browser that file changed:  public/js/out/crud/events.js
Compiling build :app to "public/js/app.js" from ["src" "env/dev/cljs"]...
[36m----  Compiler Warning on   src/cljs/crud/events.cljs   line:11  column:5  ----[0m

  [1mUse of undeclared Var crud.events/go[0m

  [36m 7[0m  [36m(r/reg-event-db[0m
  [36m 8[0m  [36m  :create-patient-event[0m
  [36m 9[0m  [36m (fn [db _][0m
  [36m10[0m  [36m   (.log js/console "name " (:name db) " oms " (:oms db))[0m
  [33m11[0m  [1m   (go (def res (<! (http/post "http://localhost:8080/patient/create"  {:form-params[0m
  [0m  [0m  [33m    ^--- Use of undeclared Var crud.events/go[0m
  [36m12[0m  [36m                                                       {:fname (:name db)[0m
  [36m13[0m  [36m                                                        :gender (:gender db)[0m
  [36m14[0m  [36m                                                        :bday (:bday db)[0m
  [36m15[0m  [36m                                                        :adress (:adress db)[0m
  [36m16[0m  [36m                                                        :oms (:oms db)}}))))[0m

[36m----  Compiler Warning : Please see src/cljs/crud/events.cljs  ----[0m
[32mSuccessfully compiled build :app to "public/js/app.js" in 0.879 seconds.[0m
notifying browser that file changed:  public/js/out/crud/events.js
Compiling build :app to "public/js/app.js" from ["src" "env/dev/cljs"]...
[32mSuccessfully compiled build :app to "public/js/app.js" in 0.814 seconds.[0m
notifying browser that file changed:  public/js/out/crud/events.js
Compiling build :app to "public/js/app.js" from ["src" "env/dev/cljs"]...
[32mSuccessfully compiled build :app to "public/js/app.js" in 0.846 seconds.[0m
notifying browser that file changed:  public/js/out/crud/events.js
Compiling build :app to "public/js/app.js" from ["src" "env/dev/cljs"]...
[31mFailed to compile build :app from ["src" "env/dev/cljs"] in 0.175 seconds.[0m
[36m----  Could not Read  src/cljs/crud/events.cljs   line:60 ----[0m

  [1m/home/vladimir/Documents/Work/HS_admission_task/crud/src/cljs/crud/events.cljs [line 60, col 1] Unexpected EOF while reading item 11 of list, starting at line 1 and column 1.[0m

[36m----  Reader Error : Please see src/cljs/crud/events.cljs  ----[0m
Compiling build :app to "public/js/app.js" from ["src" "env/dev/cljs"]...
[32mSuccessfully compiled build :app to "public/js/app.js" in 0.799 seconds.[0m
notifying browser that file changed:  public/js/out/cljs_deps.js
notifying browser that file changed:  public/js/out/crud/events.js
Compiling build :app to "public/js/app.js" from ["src" "env/dev/cljs"]...
[32mSuccessfully compiled build :app to "public/js/app.js" in 0.83 seconds.[0m
notifying browser that file changed:  public/js/out/crud/events.js
Compiling build :app to "public/js/app.js" from ["src" "env/dev/cljs"]...
[32mSuccessfully compiled build :app to "public/js/app.js" in 0.792 seconds.[0m
notifying browser that file changed:  public/js/out/cljs_deps.js
notifying browser that file changed:  public/js/out/crud/events.js
Compiling build :app to "public/js/app.js" from ["src" "env/dev/cljs"]...
[32mSuccessfully compiled build :app to "public/js/app.js" in 0.811 seconds.[0m
notifying browser that file changed:  public/js/out/crud/events.js
Compiling build :app to "public/js/app.js" from ["src" "env/dev/cljs"]...
[31mFailed to compile build :app from ["src" "env/dev/cljs"] in 0.498 seconds.[0m
[36m----  Could not Read  src/cljs/crud/events.cljs   line:17 ----[0m

  [1m/home/vladimir/Documents/Work/HS_admission_task/crud/src/cljs/crud/events.cljs [line 17, col 75] Unmatched delimiter ).[0m

  [36m15[0m  [36m                                                        :bday (:bday db)[0m
  [36m16[0m  [36m                                                        :adress (:adress db)[0m
  [33m17[0m  [1m                                                        :oms (:oms db)}}))[0m
  [0m  [0m  [33m                                                        /home/vladimir/Documents/Work/HS_admission_task/crud/src/cljs/crud/events.cljs [line 17, col 75] Unmatched delimiter ).[0m
  [36m18[0m  [36m   {}))[0m
  [36m19[0m  [36m[0m
  [36m20[0m  [36m(r/reg-event-db[0m

[36m----  Reader Error : Please see src/cljs/crud/events.cljs  ----[0m
Compiling build :app to "public/js/app.js" from ["src" "env/dev/cljs"]...
[31mFailed to compile build :app from ["src" "env/dev/cljs"] in 0.485 seconds.[0m
[36m----  Could not Read  src/cljs/crud/events.cljs   line:17 ----[0m

  [1m/home/vladimir/Documents/Work/HS_admission_task/crud/src/cljs/crud/events.cljs [line 17, col 75] Unmatched delimiter ).[0m

  [36m15[0m  [36m                                                        :bday (:bday db)[0m
  [36m16[0m  [36m                                                        :adress (:adress db)[0m
  [33m17[0m  [1m                                                        :oms (:oms db)}}))[0m
  [0m  [0m  [33m                                                        /home/vladimir/Documents/Work/HS_admission_task/crud/src/cljs/crud/events.cljs [line 17, col 75] Unmatched delimiter ).[0m
  [36m18[0m  [36m   {}))[0m
  [36m19[0m  [36m[0m
  [36m20[0m  [36m(r/reg-event-db[0m

[36m----  Reader Error : Please see src/cljs/crud/events.cljs  ----[0m
Compiling build :app to "public/js/app.js" from ["src" "env/dev/cljs"]...
[31mFailed to compile build :app from ["src" "env/dev/cljs"] in 0.47 seconds.[0m
[36m----  Could not Read  src/cljs/crud/events.cljs   line:18 ----[0m

  [1m/home/vladimir/Documents/Work/HS_admission_task/crud/src/cljs/crud/events.cljs [line 18, col 7] Unmatched delimiter ).[0m

  [36m16[0m  [36m                                                        :adress (:adress db)[0m
  [36m17[0m  [36m                                                        :oms (:oms db)}}))[0m
  [33m18[0m  [1m   {}))[0m
  [0m  [0m  [33m   /home/vladimir/Documents/Work/HS_admission_task/crud/src/cljs/crud/events.cljs [line 18, col 7] Unmatched delimiter ).[0m
  [36m19[0m  [36m[0m
  [36m20[0m  [36m(r/reg-event-db[0m
  [36m21[0m  [36m  :name-changed[0m

[36m----  Reader Error : Please see src/cljs/crud/events.cljs  ----[0m
Compiling build :app to "public/js/app.js" from ["src" "env/dev/cljs"]...
[32mSuccessfully compiled build :app to "public/js/app.js" in 0.86 seconds.[0m
notifying browser that file changed:  public/js/out/crud/events.js
Compiling build :app to "public/js/app.js" from ["src" "env/dev/cljs"]...
[32mSuccessfully compiled build :app to "public/js/app.js" in 0.757 seconds.[0m
notifying browser that file changed:  public/js/out/crud/events.js
Compiling build :app to "public/js/app.js" from ["src" "env/dev/cljs"]...
[32mSuccessfully compiled build :app to "public/js/app.js" in 0.8 seconds.[0m
notifying browser that file changed:  public/js/out/crud/events.js
Compiling build :app to "public/js/app.js" from ["src" "env/dev/cljs"]...
[32mSuccessfully compiled build :app to "public/js/app.js" in 0.859 seconds.[0m
notifying browser that file changed:  public/js/out/crud/events.js
Compiling build :app to "public/js/app.js" from ["src" "env/dev/cljs"]...
[31mFailed to compile build :app from ["src" "env/dev/cljs"] in 0.501 seconds.[0m
[36m----  Could not Read  src/cljs/crud/events.cljs   line:20 ----[0m

  [1m/home/vladimir/Documents/Work/HS_admission_task/crud/src/cljs/crud/events.cljs [line 20, col 40] Invalid keyword: :.[0m

  [36m18[0m  [36m                                     :oms (:oms db)[0m
  [36m19[0m  [36m                                     }[0m
  [33m20[0m  [1m                                   :}))][0m
  [0m  [0m  [33m                                   /home/vladimir/Documents/Work/HS_admission_task/crud/src/cljs/crud/events.cljs [line 20, col 40] Invalid keyword: :.[0m
  [36m21[0m  [36m      (.log js/console "res" (:status response))))[0m
  [36m22[0m  [36m{}))[0m

[36m----  Reader Error : Please see src/cljs/crud/events.cljs  ----[0m
Compiling build :app to "public/js/app.js" from ["src" "env/dev/cljs"]...
[32mSuccessfully compiled build :app to "public/js/app.js" in 0.885 seconds.[0m
notifying browser that file changed:  public/js/out/crud/events.js
Compiling build :app to "public/js/app.js" from ["src" "env/dev/cljs"]...
[32mSuccessfully compiled build :app to "public/js/app.js" in 0.691 seconds.[0m
Compiling build :app to "public/js/app.js" from ["src" "env/dev/cljs"]...
[32mSuccessfully compiled build :app to "public/js/app.js" in 0.763 seconds.[0m
Compiling build :app to "public/js/app.js" from ["src" "env/dev/cljs"]...
[32mSuccessfully compiled build :app to "public/js/app.js" in 0.818 seconds.[0m
notifying browser that file changed:  public/js/out/crud/events.js
Compiling build :app to "public/js/app.js" from ["src" "env/dev/cljs"]...
[32mSuccessfully compiled build :app to "public/js/app.js" in 0.683 seconds.[0m
Compiling build :app to "public/js/app.js" from ["src" "env/dev/cljs"]...
[32mSuccessfully compiled build :app to "public/js/app.js" in 0.801 seconds.[0m
notifying browser that file changed:  public/js/out/crud/events.js
Compiling build :app to "public/js/app.js" from ["src" "env/dev/cljs"]...
[32mSuccessfully compiled build :app to "public/js/app.js" in 0.784 seconds.[0m
Compiling build :app to "public/js/app.js" from ["src" "env/dev/cljs"]...
[32mSuccessfully compiled build :app to "public/js/app.js" in 0.73 seconds.[0m
notifying browser that file changed:  public/js/out/crud/events.js
Compiling build :app to "public/js/app.js" from ["src" "env/dev/cljs"]...
[32mSuccessfully compiled build :app to "public/js/app.js" in 0.799 seconds.[0m
notifying browser that file changed:  public/js/out/crud/events.js
Compiling build :app to "public/js/app.js" from ["src" "env/dev/cljs"]...
[32mSuccessfully compiled build :app to "public/js/app.js" in 0.678 seconds.[0m
Compiling build :app to "public/js/app.js" from ["src" "env/dev/cljs"]...
[32mSuccessfully compiled build :app to "public/js/app.js" in 0.67 seconds.[0m
Compiling build :app to "public/js/app.js" from ["src" "env/dev/cljs"]...
[32mSuccessfully compiled build :app to "public/js/app.js" in 0.691 seconds.[0m
Compiling build :app to "public/js/app.js" from ["src" "env/dev/cljs"]...
[32mSuccessfully compiled build :app to "public/js/app.js" in 0.68 seconds.[0m
Compiling build :app to "public/js/app.js" from ["src" "env/dev/cljs"]...
[32mSuccessfully compiled build :app to "public/js/app.js" in 0.663 seconds.[0m
Compiling build :app to "public/js/app.js" from ["src" "env/dev/cljs"]...
[32mSuccessfully compiled build :app to "public/js/app.js" in 0.681 seconds.[0m
Compiling build :app to "public/js/app.js" from ["src" "env/dev/cljs"]...
[32mSuccessfully compiled build :app to "public/js/app.js" in 0.67 seconds.[0m
Compiling build :app to "public/js/app.js" from ["src" "env/dev/cljs"]...
[32mSuccessfully compiled build :app to "public/js/app.js" in 0.675 seconds.[0m
Compiling build :app to "public/js/app.js" from ["src" "env/dev/cljs"]...
[32mSuccessfully compiled build :app to "public/js/app.js" in 0.668 seconds.[0m
Compiling build :app to "public/js/app.js" from ["src" "env/dev/cljs"]...
[32mSuccessfully compiled build :app to "public/js/app.js" in 0.837 seconds.[0m
notifying browser that file changed:  public/js/out/crud/events.js
Compiling build :app to "public/js/app.js" from ["src" "env/dev/cljs"]...
[32mSuccessfully compiled build :app to "public/js/app.js" in 0.799 seconds.[0m
notifying browser that file changed:  public/js/out/crud/events.js
Compiling build :app to "public/js/app.js" from ["src" "env/dev/cljs"]...
[32mSuccessfully compiled build :app to "public/js/app.js" in 0.786 seconds.[0m
notifying browser that file changed:  public/js/out/crud/events.js
Compiling build :app to "public/js/app.js" from ["src" "env/dev/cljs"]...
[32mSuccessfully compiled build :app to "public/js/app.js" in 0.809 seconds.[0m
notifying browser that file changed:  public/js/out/goog/deps.js
notifying browser that file changed:  public/js/out/cljs_deps.js
notifying browser that file changed:  public/js/out/crud/core.js
Compiling build :app to "public/js/app.js" from ["src" "env/dev/cljs"]...
[32mSuccessfully compiled build :app to "public/js/app.js" in 0.897 seconds.[0m
notifying browser that file changed:  public/js/out/crud/core.js
Compiling build :app to "public/js/app.js" from ["src" "env/dev/cljs"]...
[32mSuccessfully compiled build :app to "public/js/app.js" in 0.817 seconds.[0m
notifying browser that file changed:  public/js/out/crud/core.js
Compiling build :app to "public/js/app.js" from ["src" "env/dev/cljs"]...
[32mSuccessfully compiled build :app to "public/js/app.js" in 0.756 seconds.[0m
notifying browser that file changed:  public/js/out/crud/core.js
Compiling build :app to "public/js/app.js" from ["src" "env/dev/cljs"]...
[31mFailed to compile build :app from ["src" "env/dev/cljs"] in 0.482 seconds.[0m
[36m----  Could not Analyze  src/cljs/crud/ui.cljs   line:57  column:3  ----[0m

  [1mWrong number of args (0) passed to: cljs.core/let[0m

  [36m55[0m  [36m(defn create-patient[0m
  [36m56[0m  [36m  [][0m
  [33m57[0m  [1m  (let )[0m
  [0m  [0m  [33m  ^--- Wrong number of args (0) passed to: cljs.core/let[0m
  [36m58[0m  [36m  (fn [][0m
  [36m59[0m  [36m    [:div {:class "container"}[0m
  [36m60[0m  [36m     [:div#patient[0m

[36m----  Analysis Error : Please see src/cljs/crud/ui.cljs  ----[0m
Compiling build :app to "public/js/app.js" from ["src" "env/dev/cljs"]...
[32mSuccessfully compiled build :app to "public/js/app.js" in 0.76 seconds.[0m
notifying browser that file changed:  public/js/out/crud/ui.js
Compiling build :app to "public/js/app.js" from ["src" "env/dev/cljs"]...
[32mSuccessfully compiled build :app to "public/js/app.js" in 0.747 seconds.[0m
notifying browser that file changed:  public/js/out/crud/ui.js
Compiling build :app to "public/js/app.js" from ["src" "env/dev/cljs"]...
[31mFailed to compile build :app from ["src" "env/dev/cljs"] in 0.512 seconds.[0m
[36m----  Could not Compile  src/cljs/crud/ui.cljs  ----[0m

  [1mfailed compiling file:/home/vladimir/Documents/Work/HS_admission_task/crud/src/cljs/crud/ui.cljs[0m

[36m----  Compiler Error : Please see src/cljs/crud/ui.cljs  ----[0m
Compiling build :app to "public/js/app.js" from ["src" "env/dev/cljs"]...
[32mSuccessfully compiled build :app to "public/js/app.js" in 0.795 seconds.[0m
notifying browser that file changed:  public/js/out/cljs_deps.js
notifying browser that file changed:  public/js/out/crud/ui.js
Compiling build :app to "public/js/app.js" from ["src" "env/dev/cljs"]...
[32mSuccessfully compiled build :app to "public/js/app.js" in 0.726 seconds.[0m
notifying browser that file changed:  public/js/out/crud/ui.js
Compiling build :app to "public/js/app.js" from ["src" "env/dev/cljs"]...
[31mFailed to compile build :app from ["src" "env/dev/cljs"] in 0.516 seconds.[0m
[36m----  Could not Analyze  src/cljs/crud/ui.cljs   line:61  column:5  ----[0m

  [1mWrong number of args (0) passed to: cljs.core/let[0m

  [36m59[0m  [36m      patient-data (reagent/atom default)][0m
  [36m60[0m  [36m(fn [][0m
  [33m61[0m  [1m  (let )[0m
  [0m  [0m  [33m  ^--- Wrong number of args (0) passed to: cljs.core/let[0m
  [36m62[0m  [36m  [:div {:class "container"}[0m
  [36m63[0m  [36m   [:div#patient[0m
  [36m64[0m  [36m    [:h3 "Creating patient"][0m

[36m----  Analysis Error : Please see src/cljs/crud/ui.cljs  ----[0m
Compiling build :app to "public/js/app.js" from ["src" "env/dev/cljs"]...
[31mFailed to compile build :app from ["src" "env/dev/cljs"] in 0.511 seconds.[0m
[36m----  Could not Compile  src/cljs/crud/ui.cljs  ----[0m

  [1mfailed compiling file:/home/vladimir/Documents/Work/HS_admission_task/crud/src/cljs/crud/ui.cljs[0m

[36m----  Compiler Error : Please see src/cljs/crud/ui.cljs  ----[0m
Compiling build :app to "public/js/app.js" from ["src" "env/dev/cljs"]...
[31mFailed to compile build :app from ["src" "env/dev/cljs"] in 0.493 seconds.[0m
[36m----  Could not Read  src/cljs/crud/ui.cljs   line:61 ----[0m

  [1m/home/vladimir/Documents/Work/HS_admission_task/crud/src/cljs/crud/ui.cljs [line 61, col 19] The map literal starting with :keys on line 61 column 11 contains 1 form(s). Map literals must contain an even number of forms.[0m

  [36m59[0m  [36m      patient-data (reagent/atom default)][0m
  [36m60[0m  [36m(fn [][0m
  [33m61[0m  [1m  (let [{:keys }])[0m
  [0m  [0m  [33m  /home/vladimir/Documents/Work/HS_admission_task/crud/src/cljs/crud/ui.cljs [line 61, col 19] The map literal starting with :keys on line 61 column 11 contains 1 form(s). Map literals must contain an even number of forms.[0m
  [36m62[0m  [36m  [:div {:class "container"}[0m
  [36m63[0m  [36m   [:div#patient[0m
  [36m64[0m  [36m    [:h3 "Creating patient"][0m

[36m----  Reader Error : Please see src/cljs/crud/ui.cljs  ----[0m
Compiling build :app to "public/js/app.js" from ["src" "env/dev/cljs"]...
[31mFailed to compile build :app from ["src" "env/dev/cljs"] in 0.527 seconds.[0m
[36m----  Could not Compile  src/cljs/crud/ui.cljs  ----[0m

  [1mfailed compiling file:/home/vladimir/Documents/Work/HS_admission_task/crud/src/cljs/crud/ui.cljs[0m

[36m----  Compiler Error : Please see src/cljs/crud/ui.cljs  ----[0m
Compiling build :app to "public/js/app.js" from ["src" "env/dev/cljs"]...
[31mFailed to compile build :app from ["src" "env/dev/cljs"] in 0.488 seconds.[0m
[36m----  Could not Compile  src/cljs/crud/ui.cljs  ----[0m

  [1mfailed compiling file:/home/vladimir/Documents/Work/HS_admission_task/crud/src/cljs/crud/ui.cljs[0m

[36m----  Compiler Error : Please see src/cljs/crud/ui.cljs  ----[0m
Compiling build :app to "public/js/app.js" from ["src" "env/dev/cljs"]...
[31mFailed to compile build :app from ["src" "env/dev/cljs"] in 0.516 seconds.[0m
[36m----  Could not Read  src/cljs/crud/ui.cljs   line:61 ----[0m

  [1m/home/vladimir/Documents/Work/HS_admission_task/crud/src/cljs/crud/ui.cljs [line 61, col 57] The map literal starting with :keys on line 61 column 11 contains 3 form(s). Map literals must contain an even number of forms.[0m

  [36m59[0m  [36m      patient-data (reagent/atom default)][0m
  [36m60[0m  [36m(fn [][0m
  [33m61[0m  [1m  (let [{:keys [name gender bday adress oms] @default}])[0m
  [0m  [0m  [33m  /home/vladimir/Documents/Work/HS_admission_task/crud/src/cljs/crud/ui.cljs [line 61, col 57] The map literal starting with :keys on line 61 column 11 contains 3 form(s). Map literals must contain an even number of forms.[0m
  [36m62[0m  [36m  [:div {:class "container"}[0m
  [36m63[0m  [36m   [:div#patient[0m
  [36m64[0m  [36m    [:h3 "Creating patient"][0m

[36m----  Reader Error : Please see src/cljs/crud/ui.cljs  ----[0m
Compiling build :app to "public/js/app.js" from ["src" "env/dev/cljs"]...
[32mSuccessfully compiled build :app to "public/js/app.js" in 0.727 seconds.[0m
notifying browser that file changed:  public/js/out/crud/ui.js
Compiling build :app to "public/js/app.js" from ["src" "env/dev/cljs"]...
[32mSuccessfully compiled build :app to "public/js/app.js" in 0.749 seconds.[0m
notifying browser that file changed:  public/js/out/crud/ui.js
Compiling build :app to "public/js/app.js" from ["src" "env/dev/cljs"]...
[31mFailed to compile build :app from ["src" "env/dev/cljs"] in 0.507 seconds.[0m
[36m----  Could not Compile  src/cljs/crud/ui.cljs  ----[0m

  [1mfailed compiling file:/home/vladimir/Documents/Work/HS_admission_task/crud/src/cljs/crud/ui.cljs[0m

[36m----  Compiler Error : Please see src/cljs/crud/ui.cljs  ----[0m
Compiling build :app to "public/js/app.js" from ["src" "env/dev/cljs"]...
[31mFailed to compile build :app from ["src" "env/dev/cljs"] in 0.492 seconds.[0m
[36m----  Could not Compile  src/cljs/crud/ui.cljs  ----[0m

  [1mfailed compiling file:/home/vladimir/Documents/Work/HS_admission_task/crud/src/cljs/crud/ui.cljs[0m

[36m----  Compiler Error : Please see src/cljs/crud/ui.cljs  ----[0m
Compiling build :app to "public/js/app.js" from ["src" "env/dev/cljs"]...
[32mSuccessfully compiled build :app to "public/js/app.js" in 0.726 seconds.[0m
notifying browser that file changed:  public/js/out/crud/ui.js
Compiling build :app to "public/js/app.js" from ["src" "env/dev/cljs"]...
[32mSuccessfully compiled build :app to "public/js/app.js" in 0.752 seconds.[0m
notifying browser that file changed:  public/js/out/crud/ui.js
Compiling build :app to "public/js/app.js" from ["src" "env/dev/cljs"]...
[31mFailed to compile build :app from ["src" "env/dev/cljs"] in 0.498 seconds.[0m
[36m----  Could not Analyze  src/cljs/crud/ui.cljs   line:63  column:20  ----[0m

  [1mUnknown dot form of (. nil preventDefault nil) with classification [:cljs.analyzer/error :cljs.analyzer/symbol ()][0m

  [36m61[0m  [36m(let [{:keys [name gender bday adress oms]} @patient-data[0m
  [36m62[0m  [36m      create (fn [event patient-data][0m
  [33m63[0m  [1m               (.preventDefault ))][0m
  [0m  [0m  [33m               ^--- Unknown dot form of (. nil preventDefault nil) with classification [:cljs.analyzer/error :cljs.analyzer/symbol ()][0m
  [36m64[0m  [36m[:div {:class "container"}[0m
  [36m65[0m  [36m [:div#patient[0m
  [36m66[0m  [36m  [:h3 "Creating patient"][0m

[36m----  Analysis Error : Please see src/cljs/crud/ui.cljs  ----[0m
Compiling build :app to "public/js/app.js" from ["src" "env/dev/cljs"]...
[32mSuccessfully compiled build :app to "public/js/app.js" in 0.779 seconds.[0m
notifying browser that file changed:  public/js/out/crud/ui.js
Compiling build :app to "public/js/app.js" from ["src" "env/dev/cljs"]...
[36m----  Compiler Warning on   src/cljs/crud/ui.cljs   line:64  column:21  ----[0m

  [1mUse of undeclared Var crud.ui/dispatch[0m

  [36m60[0m  [36m(fn [][0m
  [36m61[0m  [36m  (let [{:keys [name gender bday adress oms]} @patient-data[0m
  [36m62[0m  [36m        create (fn [event patient-data][0m
  [36m63[0m  [36m                 (.preventDefault event)[0m
  [33m64[0m  [1m                 (dispatch ))][0m
  [0m  [0m  [33m                  ^--- Use of undeclared Var crud.ui/dispatch[0m
  [36m65[0m  [36m  [:div {:class "container"}[0m
  [36m66[0m  [36m   [:div#patient[0m
  [36m67[0m  [36m    [:h3 "Creating patient"][0m
  [36m68[0m  [36m    [:p "Full name: "[0m
  [36m69[0m  [36m     [:input {[0m

[36m----  Compiler Warning : Please see src/cljs/crud/ui.cljs  ----[0m
[32mSuccessfully compiled build :app to "public/js/app.js" in 0.805 seconds.[0m
notifying browser that file changed:  public/js/out/crud/ui.js
Compiling build :app to "public/js/app.js" from ["src" "env/dev/cljs"]...
[32mSuccessfully compiled build :app to "public/js/app.js" in 0.727 seconds.[0m
notifying browser that file changed:  public/js/out/crud/ui.js
Compiling build :app to "public/js/app.js" from ["src" "env/dev/cljs"]...
[32mSuccessfully compiled build :app to "public/js/app.js" in 0.748 seconds.[0m
notifying browser that file changed:  public/js/out/crud/ui.js
Compiling build :app to "public/js/app.js" from ["src" "env/dev/cljs"]...
[31mFailed to compile build :app from ["src" "env/dev/cljs"] in 0.5 seconds.[0m
[36m----  Could not Read  src/cljs/crud/ui.cljs   line:66 ----[0m

  [1m/home/vladimir/Documents/Work/HS_admission_task/crud/src/cljs/crud/ui.cljs [line 66, col 34] The map literal starting with :on-submit on line 66 column 21 contains 1 form(s). Map literals must contain an even number of forms.[0m

  [36m64[0m  [36m               (r/dispatch [:create-patient-event patient-data]))][0m
  [36m65[0m  [36m[:div {:class "container"}[0m
  [33m66[0m  [1m [:form#patient {:on-submit }[0m
  [0m  [0m  [33m /home/vladimir/Documents/Work/HS_admission_task/crud/src/cljs/crud/ui.cljs [line 66, col 34] The map literal starting with :on-submit on line 66 column 21 contains 1 form(s). Map literals must contain an even number of forms.[0m
  [36m67[0m  [36m  [:h3 "Creating patient"][0m
  [36m68[0m  [36m  [:p "Full name: "[0m
  [36m69[0m  [36m   [:input {[0m

[36m----  Reader Error : Please see src/cljs/crud/ui.cljs  ----[0m
Compiling build :app to "public/js/app.js" from ["src" "env/dev/cljs"]...
[36m----  Compiler Warning on   src/cljs/crud/ui.cljs   line:66  column:34  ----[0m

  [1mWrong number of args (0) passed to create[0m

  [36m62[0m  [36m      create (fn [event patient-data][0m
  [36m63[0m  [36m               (.preventDefault event)[0m
  [36m64[0m  [36m               (r/dispatch [:create-patient-event patient-data]))][0m
  [36m65[0m  [36m[:div {:class "container"}[0m
  [33m66[0m  [1m [:form#patient {:on-submit #(create )}[0m
  [0m  [0m  [33m                             ^--- Wrong number of args (0) passed to create[0m
  [36m67[0m  [36m  [:h3 "Creating patient"][0m
  [36m68[0m  [36m  [:p "Full name: "[0m
  [36m69[0m  [36m   [:input {[0m
  [36m70[0m  [36m             :class "in"[0m
  [36m71[0m  [36m             :type "text"[0m

[36m----  Compiler Warning : Please see src/cljs/crud/ui.cljs  ----[0m
[32mSuccessfully compiled build :app to "public/js/app.js" in 0.767 seconds.[0m
notifying browser that file changed:  public/js/out/crud/ui.js
Compiling build :app to "public/js/app.js" from ["src" "env/dev/cljs"]...
[31mFailed to compile build :app from ["src" "env/dev/cljs"] in 0.483 seconds.[0m
[36m----  Could not Read  src/cljs/crud/ui.cljs   line:66 ----[0m

  [1m/home/vladimir/Documents/Work/HS_admission_task/crud/src/cljs/crud/ui.cljs [line 66, col 46] Unmatched delimiter ).[0m

  [36m64[0m  [36m               (r/dispatch [:create-patient-event patient-data]))][0m
  [36m65[0m  [36m[:div {:class "container"}[0m
  [33m66[0m  [1m [:form#patient {:on-submit #(create % @)}[0m
  [0m  [0m  [33m /home/vladimir/Documents/Work/HS_admission_task/crud/src/cljs/crud/ui.cljs [line 66, col 46] Unmatched delimiter ).[0m
  [36m67[0m  [36m  [:h3 "Creating patient"][0m
  [36m68[0m  [36m  [:p "Full name: "[0m
  [36m69[0m  [36m   [:input {[0m

[36m----  Reader Error : Please see src/cljs/crud/ui.cljs  ----[0m
Compiling build :app to "public/js/app.js" from ["src" "env/dev/cljs"]...
[32mSuccessfully compiled build :app to "public/js/app.js" in 0.712 seconds.[0m
notifying browser that file changed:  public/js/out/crud/ui.js
Compiling build :app to "public/js/app.js" from ["src" "env/dev/cljs"]...
[32mSuccessfully compiled build :app to "public/js/app.js" in 0.722 seconds.[0m
notifying browser that file changed:  public/js/out/crud/ui.js
Compiling build :app to "public/js/app.js" from ["src" "env/dev/cljs"]...
[32mSuccessfully compiled build :app to "public/js/app.js" in 0.831 seconds.[0m
notifying browser that file changed:  public/js/out/crud/ui.js
Compiling build :app to "public/js/app.js" from ["src" "env/dev/cljs"]...
[32mSuccessfully compiled build :app to "public/js/app.js" in 0.845 seconds.[0m
notifying browser that file changed:  public/js/out/crud/ui.js
Compiling build :app to "public/js/app.js" from ["src" "env/dev/cljs"]...
[32mSuccessfully compiled build :app to "public/js/app.js" in 0.733 seconds.[0m
Compiling build :app to "public/js/app.js" from ["src" "env/dev/cljs"]...
[31mFailed to compile build :app from ["src" "env/dev/cljs"] in 0.575 seconds.[0m
[36m----  Could not Analyze  src/cljs/crud/ui.cljs   line:68  column:7  ----[0m

  [1mWrong number of args (0) passed to: clojure.core/when[0m

  [36m66[0m  [36m[:form#patient {:on-submit #(create % @patient-data)}[0m
  [36m67[0m  [36m [:h3 "Creating patient"][0m
  [33m68[0m  [1m (when )[0m
  [0m  [0m  [33m ^--- Wrong number of args (0) passed to: clojure.core/when[0m
  [36m69[0m  [36m [:p "Full name: "[0m
  [36m70[0m  [36m  [:input {[0m
  [36m71[0m  [36m            :class "in"[0m

[36m----  Analysis Error : Please see src/cljs/crud/ui.cljs  ----[0m
Compiling build :app to "public/js/app.js" from ["src" "env/dev/cljs"]...
[31mFailed to compile build :app from ["src" "env/dev/cljs"] in 0.614 seconds.[0m
[36m----  Could not Analyze  src/cljs/crud/ui.cljs   line:68  column:7  ----[0m

  [1mWrong number of args (0) passed to: clojure.core/when[0m

  [36m66[0m  [36m[:form#patient {:on-submit #(create % @patient-data)}[0m
  [36m67[0m  [36m [:h3 "Creating patient"][0m
  [33m68[0m  [1m (when )[0m
  [0m  [0m  [33m ^--- Wrong number of args (0) passed to: clojure.core/when[0m
  [36m69[0m  [36m [:p "Full name: "[0m
  [36m70[0m  [36m  [:input {[0m
  [36m71[0m  [36m            :class "in"[0m

[36m----  Analysis Error : Please see src/cljs/crud/ui.cljs  ----[0m
Compiling build :app to "public/js/app.js" from ["src" "env/dev/cljs"]...
[31mFailed to compile build :app from ["src" "env/dev/cljs"] in 0.481 seconds.[0m
[36m----  Could not Compile  src/cljs/crud/ui.cljs  ----[0m

  [1mfailed compiling file:/home/vladimir/Documents/Work/HS_admission_task/crud/src/cljs/crud/ui.cljs[0m

[36m----  Compiler Error : Please see src/cljs/crud/ui.cljs  ----[0m
Compiling build :app to "public/js/app.js" from ["src" "env/dev/cljs"]...
[31mFailed to compile build :app from ["src" "env/dev/cljs"] in 0.516 seconds.[0m
[36m----  Could not Analyze  src/cljs/crud/ui.cljs   line:69  column:7  ----[0m

  [1mWrong number of args (0) passed to: clojure.core/when[0m

  [36m67[0m  [36m[:form#patient {:on-submit #(create % @patient-data)}[0m
  [36m68[0m  [36m [:h3 "Creating patient"][0m
  [33m69[0m  [1m (when )[0m
  [0m  [0m  [33m ^--- Wrong number of args (0) passed to: clojure.core/when[0m
  [36m70[0m  [36m [:p "Full name: "[0m
  [36m71[0m  [36m  [:input {[0m
  [36m72[0m  [36m            :class "in"[0m

[36m----  Analysis Error : Please see src/cljs/crud/ui.cljs  ----[0m
Compiling build :app to "public/js/app.js" from ["src" "env/dev/cljs"]...
[31mFailed to compile build :app from ["src" "env/dev/cljs"] in 0.531 seconds.[0m
[36m----  Could not Analyze  src/cljs/crud/ui.cljs   line:69  column:7  ----[0m

  [1mWrong number of args (0) passed to: clojure.core/when[0m

  [36m67[0m  [36m[:form#patient {:on-submit #(create % @patient-data)}[0m
  [36m68[0m  [36m [:h3 "Creating patient"][0m
  [33m69[0m  [1m (when )[0m
  [0m  [0m  [33m ^--- Wrong number of args (0) passed to: clojure.core/when[0m
  [36m70[0m  [36m [:p "Full name: "[0m
  [36m71[0m  [36m  [:input {[0m
  [36m72[0m  [36m            :class "in"[0m

[36m----  Analysis Error : Please see src/cljs/crud/ui.cljs  ----[0m
Compiling build :app to "public/js/app.js" from ["src" "env/dev/cljs"]...
[32mSuccessfully compiled build :app to "public/js/app.js" in 0.734 seconds.[0m
notifying browser that file changed:  public/js/out/crud/ui.js
Compiling build :app to "public/js/app.js" from ["src" "env/dev/cljs"]...
[31mFailed to compile build :app from ["src" "env/dev/cljs"] in 0.506 seconds.[0m
[36m----  Could not Read  src/cljs/crud/ui.cljs   line:71 ----[0m

  [1m/home/vladimir/Documents/Work/HS_admission_task/crud/src/cljs/crud/ui.cljs [line 71, col 22] Invalid symbol: name:.[0m

  [36m69[0m  [36m(when error[0m
  [36m70[0m  [36m      [:p "])[0m
  [33m71[0m  [1m[:p "Full name: "[0m
  [0m  [0m  [33m/home/vladimir/Documents/Work/HS_admission_task/crud/src/cljs/crud/ui.cljs [line 71, col 22] Invalid symbol: name:.[0m
  [36m72[0m  [36m [:input {[0m
  [36m73[0m  [36m           :class "in"[0m
  [36m74[0m  [36m           :type "text"[0m

[36m----  Reader Error : Please see src/cljs/crud/ui.cljs  ----[0m
Compiling build :app to "public/js/app.js" from ["src" "env/dev/cljs"]...
[32mSuccessfully compiled build :app to "public/js/app.js" in 0.781 seconds.[0m
notifying browser that file changed:  public/js/out/crud/ui.js
Compiling build :app to "public/js/app.js" from ["src" "env/dev/cljs"]...
[31mFailed to compile build :app from ["src" "env/dev/cljs"] in 0.538 seconds.[0m
[36m----  Could not Read  src/cljs/crud/ui.cljs   line:65 ----[0m

  [1m/home/vladimir/Documents/Work/HS_admission_task/crud/src/cljs/crud/ui.cljs [line 65, col 46] Unmatched delimiter ).[0m

  [36m63[0m  [36m               (.preventDefault event)[0m
  [36m64[0m  [36m               (r/dispatch [:create-patient-event patient-data]))[0m
  [33m65[0m  [1m      error @(r/subscribe [:name-error]))][0m
  [0m  [0m  [33m      /home/vladimir/Documents/Work/HS_admission_task/crud/src/cljs/crud/ui.cljs [line 65, col 46] Unmatched delimiter ).[0m
  [36m66[0m  [36m[:div {:class "container"}[0m
  [36m67[0m  [36m [:form#patient {:on-submit #(create % @patient-data)}[0m
  [36m68[0m  [36m  [:h3 "Creating patient"][0m

[36m----  Reader Error : Please see src/cljs/crud/ui.cljs  ----[0m
Compiling build :app to "public/js/app.js" from ["src" "env/dev/cljs"]...
[32mSuccessfully compiled build :app to "public/js/app.js" in 0.772 seconds.[0m
notifying browser that file changed:  public/js/out/goog/deps.js
notifying browser that file changed:  public/js/out/cljs_deps.js
notifying browser that file changed:  public/js/out/crud/ui.js
Compiling build :app to "public/js/app.js" from ["src" "env/dev/cljs"]...
[31mFailed to compile build :app from ["src" "env/dev/cljs"] in 0.363 seconds.[0m
[36m----  Could not Analyze  src/cljs/crud/events.cljs  ----[0m

  [1mNo such namespace: day8.re-frame.http-fx, could not locate day8/re_frame/http_fx.cljs, day8/re_frame/http_fx.cljc, or JavaScript source providing "day8.re-frame.http-fx" (Please check that namespaces with dashes use underscores in the ClojureScript file name) [0m

[36m----  Analysis Error : Please see src/cljs/crud/events.cljs  ----[0m
Compiling build :app to "public/js/app.js" from ["src" "env/dev/cljs"]...
[31mFailed to compile build :app from ["src" "env/dev/cljs"] in 0.357 seconds.[0m
[36m----  Could not Analyze  src/cljs/crud/events.cljs  ----[0m

  [1mNo such namespace: day8.re-frame.http-fx, could not locate day8/re_frame/http_fx.cljs, day8/re_frame/http_fx.cljc, or JavaScript source providing "day8.re-frame.http-fx" (Please check that namespaces with dashes use underscores in the ClojureScript file name) [0m

[36m----  Analysis Error : Please see src/cljs/crud/events.cljs  ----[0m
Compiling build :app to "public/js/app.js" from ["src" "env/dev/cljs"]...
[32mSuccessfully compiled build :app to "public/js/app.js" in 1.075 seconds.[0m
notifying browser that file changed:  public/js/out/goog/deps.js
notifying browser that file changed:  public/js/out/cljs_deps.js
notifying browser that file changed:  public/js/out/crud/events.js
Compiling build :app to "public/js/app.js" from ["src" "env/dev/cljs"]...
[32mSuccessfully compiled build :app to "public/js/app.js" in 0.934 seconds.[0m
notifying browser that file changed:  public/js/out/crud/events.js
Compiling build :app to "public/js/app.js" from ["src" "env/dev/cljs"]...
[32mSuccessfully compiled build :app to "public/js/app.js" in 0.822 seconds.[0m
notifying browser that file changed:  public/js/out/crud/events.js
Compiling build :app to "public/js/app.js" from ["src" "env/dev/cljs"]...
[32mSuccessfully compiled build :app to "public/js/app.js" in 0.767 seconds.[0m
notifying browser that file changed:  public/js/out/crud/events.js
Compiling build :app to "public/js/app.js" from ["src" "env/dev/cljs"]...
[31mFailed to compile build :app from ["src" "env/dev/cljs"] in 0.401 seconds.[0m
[36m----  Could not Read  src/cljs/crud/events.cljs   line:18 ----[0m

  [1m/home/vladimir/Documents/Work/HS_admission_task/crud/src/cljs/crud/events.cljs [line 18, col 21] The map literal starting with :method on line 12 column 18 contains 9 form(s). Map literals must contain an even number of forms.[0m

  [36m16[0m  [36m                   :on-success [:create-patient-success][0m
  [36m17[0m  [36m                   :on-failure [:create-patient-failure][0m
  [33m18[0m  [1m                   }[0m
  [0m  [0m  [33m                   /home/vladimir/Documents/Work/HS_admission_task/crud/src/cljs/crud/events.cljs [line 18, col 21] The map literal starting with :method on line 12 column 18 contains 9 form(s). Map literals must contain an even number of forms.[0m
  [36m19[0m  [36m     }))[0m
  [36m20[0m  [36m[0m
  [36m21[0m  [36m(r/reg-event-db[0m

[36m----  Reader Error : Please see src/cljs/crud/events.cljs  ----[0m
Compiling build :app to "public/js/app.js" from ["src" "env/dev/cljs"]...
[32mSuccessfully compiled build :app to "public/js/app.js" in 0.804 seconds.[0m
notifying browser that file changed:  public/js/out/crud/events.js
Compiling build :app to "public/js/app.js" from ["src" "env/dev/cljs"]...
[32mSuccessfully compiled build :app to "public/js/app.js" in 0.827 seconds.[0m
notifying browser that file changed:  public/js/out/crud/events.js
Compiling build :app to "public/js/app.js" from ["src" "env/dev/cljs"]...
[32mSuccessfully compiled build :app to "public/js/app.js" in 0.774 seconds.[0m
notifying browser that file changed:  public/js/out/crud/events.js
Compiling build :app to "public/js/app.js" from ["src" "env/dev/cljs"]...
[32mSuccessfully compiled build :app to "public/js/app.js" in 0.838 seconds.[0m
notifying browser that file changed:  public/js/out/crud/events.js
Compiling build :app to "public/js/app.js" from ["src" "env/dev/cljs"]...
[36m----  Compiler Warning on   src/cljs/crud/events.cljs   line:15  column:28  ----[0m

  [1mUse of undeclared Var crud.events/db[0m

  [36m11[0m  [36m{[0m
  [36m12[0m  [36m  :http-xhrio {[0m
  [36m13[0m  [36m                :method :post[0m
  [36m14[0m  [36m                :uri "localhost:8080/patient/create"[0m
  [33m15[0m  [1m                :params db[0m
  [0m  [0m  [33m                        ^--- Use of undeclared Var crud.events/db[0m
  [36m16[0m  [36m                :on-success [:create-patient-success][0m
  [36m17[0m  [36m                :on-failure [:create-patient-failure][0m
  [36m18[0m  [36m                }[0m
  [36m19[0m  [36m  }))[0m

[36m----  Compiler Warning : Please see src/cljs/crud/events.cljs  ----[0m
[32mSuccessfully compiled build :app to "public/js/app.js" in 0.946 seconds.[0m
notifying browser that file changed:  public/js/out/crud/events.js
Compiling build :app to "public/js/app.js" from ["src" "env/dev/cljs"]...
[32mSuccessfully compiled build :app to "public/js/app.js" in 0.838 seconds.[0m
notifying browser that file changed:  public/js/out/crud/events.js
Compiling build :app to "public/js/app.js" from ["src" "env/dev/cljs"]...
[32mSuccessfully compiled build :app to "public/js/app.js" in 0.829 seconds.[0m
notifying browser that file changed:  public/js/out/crud/events.js
Compiling build :app to "public/js/app.js" from ["src" "env/dev/cljs"]...
[32mSuccessfully compiled build :app to "public/js/app.js" in 0.817 seconds.[0m
notifying browser that file changed:  public/js/out/crud/events.js
Compiling build :app to "public/js/app.js" from ["src" "env/dev/cljs"]...
[32mSuccessfully compiled build :app to "public/js/app.js" in 0.777 seconds.[0m
notifying browser that file changed:  public/js/out/crud/events.js
Compiling build :app to "public/js/app.js" from ["src" "env/dev/cljs"]...
[36m----  Compiler Warning on   src/cljs/crud/events.cljs   line:16  column:38  ----[0m

  [1mNo such namespace: ajax, could not locate ajax.cljs, ajax.cljc, or JavaScript source providing "ajax"[0m

  [36m12[0m  [36m:http-xhrio {[0m
  [36m13[0m  [36m              :method :post[0m
  [36m14[0m  [36m              :uri "http://localhost:8080/patient/create"[0m
  [36m15[0m  [36m              :params patient[0m
  [33m16[0m  [1m              :response-format (ajax/json-response-format {:keywords? true})[0m
  [0m  [0m  [33m                                ^--- No such namespace: ajax, could not locate ajax.cljs, ajax.cljc, or JavaScript source providing "ajax"[0m
  [36m17[0m  [36m              :on-success [:create-patient-success][0m
  [36m18[0m  [36m              :on-failure [:create-patient-failure][0m
  [36m19[0m  [36m              }[0m
  [36m20[0m  [36m}))[0m

[36m----  Compiler Warning : Please see src/cljs/crud/events.cljs  ----[0m
[36m----  Compiler Warning on   src/cljs/crud/events.cljs   line:16  column:38  ----[0m

  [1mUse of undeclared Var ajax/json-response-format[0m

  [36m12[0m  [36m:http-xhrio {[0m
  [36m13[0m  [36m              :method :post[0m
  [36m14[0m  [36m              :uri "http://localhost:8080/patient/create"[0m
  [36m15[0m  [36m              :params patient[0m
  [33m16[0m  [1m              :response-format (ajax/json-response-format {:keywords? true})[0m
  [0m  [0m  [33m                                ^--- Use of undeclared Var ajax/json-response-format[0m
  [36m17[0m  [36m              :on-success [:create-patient-success][0m
  [36m18[0m  [36m              :on-failure [:create-patient-failure][0m
  [36m19[0m  [36m              }[0m
  [36m20[0m  [36m}))[0m

[36m----  Compiler Warning : Please see src/cljs/crud/events.cljs  ----[0m
[32mSuccessfully compiled build :app to "public/js/app.js" in 0.889 seconds.[0m
notifying browser that file changed:  public/js/out/crud/events.js
Compiling build :app to "public/js/app.js" from ["src" "env/dev/cljs"]...
[36m----  Compiler Warning on   src/cljs/crud/events.cljs   line:17  column:38  ----[0m

  [1mNo such namespace: ajax, could not locate ajax.cljs, ajax.cljc, or JavaScript source providing "ajax"[0m

  [36m13[0m  [36m:http-xhrio {[0m
  [36m14[0m  [36m              :method :post[0m
  [36m15[0m  [36m              :uri "http://localhost:8080/patient/create"[0m
  [36m16[0m  [36m              :params patient[0m
  [33m17[0m  [1m              :response-format (ajax/json-response-format {:keywords? true})[0m
  [0m  [0m  [33m                                ^--- No such namespace: ajax, could not locate ajax.cljs, ajax.cljc, or JavaScript source providing "ajax"[0m
  [36m18[0m  [36m              :on-success [:create-patient-success][0m
  [36m19[0m  [36m              :on-failure [:create-patient-failure][0m
  [36m20[0m  [36m              }[0m
  [36m21[0m  [36m}))[0m

[36m----  Compiler Warning : Please see src/cljs/crud/events.cljs  ----[0m
[36m----  Compiler Warning on   src/cljs/crud/events.cljs   line:17  column:38  ----[0m

  [1mUse of undeclared Var ajax/json-response-format[0m

  [36m13[0m  [36m:http-xhrio {[0m
  [36m14[0m  [36m              :method :post[0m
  [36m15[0m  [36m              :uri "http://localhost:8080/patient/create"[0m
  [36m16[0m  [36m              :params patient[0m
  [33m17[0m  [1m              :response-format (ajax/json-response-format {:keywords? true})[0m
  [0m  [0m  [33m                                ^--- Use of undeclared Var ajax/json-response-format[0m
  [36m18[0m  [36m              :on-success [:create-patient-success][0m
  [36m19[0m  [36m              :on-failure [:create-patient-failure][0m
  [36m20[0m  [36m              }[0m
  [36m21[0m  [36m}))[0m

[36m----  Compiler Warning : Please see src/cljs/crud/events.cljs  ----[0m
[32mSuccessfully compiled build :app to "public/js/app.js" in 0.832 seconds.[0m
notifying browser that file changed:  public/js/out/cljs_deps.js
notifying browser that file changed:  public/js/out/crud/events.js
Compiling build :app to "public/js/app.js" from ["src" "env/dev/cljs"]...
[36m----  Compiler Warning on   src/cljs/crud/events.cljs   line:17  column:29  ----[0m

  [1mNo such namespace: ajax, could not locate ajax.cljs, ajax.cljc, or JavaScript source providing "ajax"[0m

  [36m13[0m  [36m:http-xhrio {[0m
  [36m14[0m  [36m              :method :post[0m
  [36m15[0m  [36m              :uri "http://localhost:8080/patient/create"[0m
  [36m16[0m  [36m              :params patient[0m
  [33m17[0m  [1m              :format (ajax/json-request-format)[0m
  [0m  [0m  [33m                       ^--- No such namespace: ajax, could not locate ajax.cljs, ajax.cljc, or JavaScript source providing "ajax"[0m
  [36m18[0m  [36m              :response-format (ajax/json-response-format {:keywords? true})[0m
  [36m19[0m  [36m              :on-success [:create-patient-success][0m
  [36m20[0m  [36m              :on-failure [:create-patient-failure][0m
  [36m21[0m  [36m              }[0m
  [36m22[0m  [36m}))[0m

[36m----  Compiler Warning : Please see src/cljs/crud/events.cljs  ----[0m
[36m----  Compiler Warning on   src/cljs/crud/events.cljs   line:17  column:29  ----[0m

  [1mUse of undeclared Var ajax/json-request-format[0m

  [36m13[0m  [36m:http-xhrio {[0m
  [36m14[0m  [36m              :method :post[0m
  [36m15[0m  [36m              :uri "http://localhost:8080/patient/create"[0m
  [36m16[0m  [36m              :params patient[0m
  [33m17[0m  [1m              :format (ajax/json-request-format)[0m
  [0m  [0m  [33m                       ^--- Use of undeclared Var ajax/json-request-format[0m
  [36m18[0m  [36m              :response-format (ajax/json-response-format {:keywords? true})[0m
  [36m19[0m  [36m              :on-success [:create-patient-success][0m
  [36m20[0m  [36m              :on-failure [:create-patient-failure][0m
  [36m21[0m  [36m              }[0m
  [36m22[0m  [36m}))[0m

[36m----  Compiler Warning : Please see src/cljs/crud/events.cljs  ----[0m
[36m----  Compiler Warning on   src/cljs/crud/events.cljs   line:18  column:38  ----[0m

  [1mNo such namespace: ajax, could not locate ajax.cljs, ajax.cljc, or JavaScript source providing "ajax"[0m

  [36m14[0m  [36m              :method :post[0m
  [36m15[0m  [36m              :uri "http://localhost:8080/patient/create"[0m
  [36m16[0m  [36m              :params patient[0m
  [36m17[0m  [36m              :format (ajax/json-request-format)[0m
  [33m18[0m  [1m              :response-format (ajax/json-response-format {:keywords? true})[0m
  [0m  [0m  [33m                                ^--- No such namespace: ajax, could not locate ajax.cljs, ajax.cljc, or JavaScript source providing "ajax"[0m
  [36m19[0m  [36m              :on-success [:create-patient-success][0m
  [36m20[0m  [36m              :on-failure [:create-patient-failure][0m
  [36m21[0m  [36m              }[0m
  [36m22[0m  [36m}))[0m

[36m----  Compiler Warning : Please see src/cljs/crud/events.cljs  ----[0m
[36m----  Compiler Warning on   src/cljs/crud/events.cljs   line:18  column:38  ----[0m

  [1mUse of undeclared Var ajax/json-response-format[0m

  [36m14[0m  [36m              :method :post[0m
  [36m15[0m  [36m              :uri "http://localhost:8080/patient/create"[0m
  [36m16[0m  [36m              :params patient[0m
  [36m17[0m  [36m              :format (ajax/json-request-format)[0m
  [33m18[0m  [1m              :response-format (ajax/json-response-format {:keywords? true})[0m
  [0m  [0m  [33m                                ^--- Use of undeclared Var ajax/json-response-format[0m
  [36m19[0m  [36m              :on-success [:create-patient-success][0m
  [36m20[0m  [36m              :on-failure [:create-patient-failure][0m
  [36m21[0m  [36m              }[0m
  [36m22[0m  [36m}))[0m

[36m----  Compiler Warning : Please see src/cljs/crud/events.cljs  ----[0m
[32mSuccessfully compiled build :app to "public/js/app.js" in 0.89 seconds.[0m
notifying browser that file changed:  public/js/out/goog/deps.js
notifying browser that file changed:  public/js/out/cljs_deps.js
notifying browser that file changed:  public/js/out/crud/events.js
Compiling build :app to "public/js/app.js" from ["src" "env/dev/cljs"]...
[32mSuccessfully compiled build :app to "public/js/app.js" in 0.874 seconds.[0m
notifying browser that file changed:  public/js/out/crud/events.js
Compiling build :app to "public/js/app.js" from ["src" "env/dev/cljs"]...
[32mSuccessfully compiled build :app to "public/js/app.js" in 0.864 seconds.[0m
notifying browser that file changed:  public/js/out/crud/events.js
Compiling build :app to "public/js/app.js" from ["src" "env/dev/cljs"]...
[32mSuccessfully compiled build :app to "public/js/app.js" in 0.853 seconds.[0m
notifying browser that file changed:  public/js/out/crud/events.js
Compiling build :app to "public/js/app.js" from ["src" "env/dev/cljs"]...
[32mSuccessfully compiled build :app to "public/js/app.js" in 0.726 seconds.[0m
Compiling build :app to "public/js/app.js" from ["src" "env/dev/cljs"]...
[32mSuccessfully compiled build :app to "public/js/app.js" in 0.824 seconds.[0m
notifying browser that file changed:  public/js/out/crud/events.js
Compiling build :app to "public/js/app.js" from ["src" "env/dev/cljs"]...
[32mSuccessfully compiled build :app to "public/js/app.js" in 0.73 seconds.[0m
notifying browser that file changed:  public/js/out/crud/events.js
Compiling build :app to "public/js/app.js" from ["src" "env/dev/cljs"]...
[32mSuccessfully compiled build :app to "public/js/app.js" in 0.836 seconds.[0m
notifying browser that file changed:  public/js/out/crud/events.js
Compiling build :app to "public/js/app.js" from ["src" "env/dev/cljs"]...
[32mSuccessfully compiled build :app to "public/js/app.js" in 0.761 seconds.[0m
Compiling build :app to "public/js/app.js" from ["src" "env/dev/cljs"]...
[32mSuccessfully compiled build :app to "public/js/app.js" in 0.777 seconds.[0m
notifying browser that file changed:  public/js/out/crud/events.js
Compiling build :app to "public/js/app.js" from ["src" "env/dev/cljs"]...
[32mSuccessfully compiled build :app to "public/js/app.js" in 0.845 seconds.[0m
notifying browser that file changed:  public/js/out/crud/events.js
Compiling build :app to "public/js/app.js" from ["src" "env/dev/cljs"]...
[32mSuccessfully compiled build :app to "public/js/app.js" in 0.858 seconds.[0m
notifying browser that file changed:  public/js/out/crud/events.js
Compiling build :app to "public/js/app.js" from ["src" "env/dev/cljs"]...
[32mSuccessfully compiled build :app to "public/js/app.js" in 0.769 seconds.[0m
notifying browser that file changed:  public/js/out/crud/events.js
Compiling build :app to "public/js/app.js" from ["src" "env/dev/cljs"]...
[32mSuccessfully compiled build :app to "public/js/app.js" in 0.775 seconds.[0m
notifying browser that file changed:  public/js/out/crud/events.js
Compiling build :app to "public/js/app.js" from ["src" "env/dev/cljs"]...
[32mSuccessfully compiled build :app to "public/js/app.js" in 0.817 seconds.[0m
notifying browser that file changed:  public/js/out/crud/events.js
Compiling build :app to "public/js/app.js" from ["src" "env/dev/cljs"]...
[32mSuccessfully compiled build :app to "public/js/app.js" in 0.828 seconds.[0m
notifying browser that file changed:  public/js/out/crud/events.js
Compiling build :app to "public/js/app.js" from ["src" "env/dev/cljs"]...
[32mSuccessfully compiled build :app to "public/js/app.js" in 0.848 seconds.[0m
notifying browser that file changed:  public/js/out/crud/events.js
Compiling build :app to "public/js/app.js" from ["src" "env/dev/cljs"]...
[31mFailed to compile build :app from ["src" "env/dev/cljs"] in 0.46 seconds.[0m
[36m----  Could not Read  src/cljs/crud/events.cljs   line:23 ----[0m

  [1m/home/vladimir/Documents/Work/HS_admission_task/crud/src/cljs/crud/events.cljs [line 23, col 21] The map literal starting with :method on line 13 column 18 contains 17 form(s). Map literals must contain an even number of forms.[0m

  [36m21[0m  [36m                   :on-success [:create-patient-success][0m
  [36m22[0m  [36m                   :on-failure [:create-patient-failure][0m
  [33m23[0m  [1m                   }[0m
  [0m  [0m  [33m                   /home/vladimir/Documents/Work/HS_admission_task/crud/src/cljs/crud/events.cljs [line 23, col 21] The map literal starting with :method on line 13 column 18 contains 17 form(s). Map literals must contain an even number of forms.[0m
  [36m24[0m  [36m     }))[0m
  [36m25[0m  [36m[0m
  [36m26[0m  [36m(r/reg-event-db[0m

[36m----  Reader Error : Please see src/cljs/crud/events.cljs  ----[0m
Compiling build :app to "public/js/app.js" from ["src" "env/dev/cljs"]...
[32mSuccessfully compiled build :app to "public/js/app.js" in 0.821 seconds.[0m
notifying browser that file changed:  public/js/out/crud/events.js
Compiling build :app to "public/js/app.js" from ["src" "env/dev/cljs"]...
[32mSuccessfully compiled build :app to "public/js/app.js" in 0.779 seconds.[0m
notifying browser that file changed:  public/js/out/crud/events.js
Compiling build :app to "public/js/app.js" from ["src" "env/dev/cljs"]...
[32mSuccessfully compiled build :app to "public/js/app.js" in 0.787 seconds.[0m
notifying browser that file changed:  public/js/out/crud/events.js
Compiling build :app to "public/js/app.js" from ["src" "env/dev/cljs"]...
[32mSuccessfully compiled build :app to "public/js/app.js" in 0.826 seconds.[0m
notifying browser that file changed:  public/js/out/crud/events.js
Compiling build :app to "public/js/app.js" from ["src" "env/dev/cljs"]...
[32mSuccessfully compiled build :app to "public/js/app.js" in 0.753 seconds.[0m
notifying browser that file changed:  public/js/out/crud/events.js
Compiling build :app to "public/js/app.js" from ["src" "env/dev/cljs"]...
[32mSuccessfully compiled build :app to "public/js/app.js" in 0.824 seconds.[0m
notifying browser that file changed:  public/js/out/goog/deps.js
notifying browser that file changed:  public/js/out/cljs_deps.js
notifying browser that file changed:  public/js/out/crud/events.js
Compiling build :app to "public/js/app.js" from ["src" "env/dev/cljs"]...
[32mSuccessfully compiled build :app to "public/js/app.js" in 0.875 seconds.[0m
notifying browser that file changed:  public/js/out/crud/events.js
Compiling build :app to "public/js/app.js" from ["src" "env/dev/cljs"]...
[32mSuccessfully compiled build :app to "public/js/app.js" in 0.85 seconds.[0m
notifying browser that file changed:  public/js/out/crud/events.js
Compiling build :app to "public/js/app.js" from ["src" "env/dev/cljs"]...
[32mSuccessfully compiled build :app to "public/js/app.js" in 0.795 seconds.[0m
notifying browser that file changed:  public/js/out/crud/events.js
Compiling build :app to "public/js/app.js" from ["src" "env/dev/cljs"]...
[32mSuccessfully compiled build :app to "public/js/app.js" in 0.769 seconds.[0m
notifying browser that file changed:  public/js/out/crud/events.js
Compiling build :app to "public/js/app.js" from ["src" "env/dev/cljs"]...
[32mSuccessfully compiled build :app to "public/js/app.js" in 0.787 seconds.[0m
notifying browser that file changed:  public/js/out/crud/events.js
Compiling build :app to "public/js/app.js" from ["src" "env/dev/cljs"]...
[32mSuccessfully compiled build :app to "public/js/app.js" in 0.849 seconds.[0m
notifying browser that file changed:  public/js/out/crud/events.js
Compiling build :app to "public/js/app.js" from ["src" "env/dev/cljs"]...
[31mFailed to compile build :app from ["src" "env/dev/cljs"] in 0.487 seconds.[0m
[36m----  Could not Read  src/cljs/crud/events.cljs   line:24 ----[0m

  [1m/home/vladimir/Documents/Work/HS_admission_task/crud/src/cljs/crud/events.cljs [line 24, col 21] The map literal starting with :method on line 14 column 18 contains 17 form(s). Map literals must contain an even number of forms.[0m

  [36m22[0m  [36m                   :on-failure [:create-patient-failure][0m
  [36m23[0m  [36m                   :on[0m
  [33m24[0m  [1m                   }[0m
  [0m  [0m  [33m                   /home/vladimir/Documents/Work/HS_admission_task/crud/src/cljs/crud/events.cljs [line 24, col 21] The map literal starting with :method on line 14 column 18 contains 17 form(s). Map literals must contain an even number of forms.[0m
  [36m25[0m  [36m     }))[0m
  [36m26[0m  [36m[0m
  [36m27[0m  [36m(r/reg-event-db[0m

[36m----  Reader Error : Please see src/cljs/crud/events.cljs  ----[0m
Compiling build :app to "public/js/app.js" from ["src" "env/dev/cljs"]...
[32mSuccessfully compiled build :app to "public/js/app.js" in 0.804 seconds.[0m
notifying browser that file changed:  public/js/out/goog/deps.js
notifying browser that file changed:  public/js/out/cljs_deps.js
notifying browser that file changed:  public/js/out/crud/events.js
Compiling build :app to "public/js/app.js" from ["src" "env/dev/cljs"]...
[32mSuccessfully compiled build :app to "public/js/app.js" in 0.899 seconds.[0m
notifying browser that file changed:  public/js/out/goog/deps.js
notifying browser that file changed:  public/js/out/cljs_deps.js
notifying browser that file changed:  public/js/out/crud/events.js
